#
# There is insufficient memory for the Java Runtime Environment to continue.
# Native memory allocation (malloc) failed to allocate 1048576 bytes for AllocateHeap
# Possible reasons:
#   The system is out of physical RAM or swap space
#   The process is running with CompressedOops enabled, and the Java Heap may be blocking the growth of the native heap
# Possible solutions:
#   Reduce memory load on the system
#   Increase physical memory or swap space
#   Check if swap backing store is full
#   Decrease Java heap size (-Xmx/-Xms)
#   Decrease number of Java threads
#   Decrease Java thread stack sizes (-Xss)
#   Set larger code cache with -XX:ReservedCodeCacheSize=
#   JVM is running with Unscaled Compressed Oops mode in which the Java heap is
#     placed in the first 4GB address space. The Java Heap base address is the
#     maximum limit for the native heap growth. Please use -XX:HeapBaseMinAddress
#     to set the Java Heap base and to place the Java Heap above 4GB virtual address.
# This output file may be truncated or incomplete.
#
#  Out of Memory Error (allocation.cpp:44), pid=28116, tid=28192
#
# JRE version:  (17.0.4.1+1) (build )
# Java VM: OpenJDK 64-Bit Server VM (17.0.4.1+1, mixed mode, tiered, compressed oops, compressed class ptrs, parallel gc, windows-amd64)
# No core dump will be written. Minidumps are not enabled by default on client versions of Windows
#

---------------  S U M M A R Y ------------

Command Line: --add-modules=ALL-SYSTEM --add-opens=java.base/java.util=ALL-UNNAMED --add-opens=java.base/java.lang=ALL-UNNAMED --add-opens=java.base/sun.nio.fs=ALL-UNNAMED -Declipse.application=org.eclipse.jdt.ls.core.id1 -Dosgi.bundles.defaultStartLevel=4 -Declipse.product=org.eclipse.jdt.ls.core.product -Djava.import.generatesMetadataFilesAtProjectRoot=false -Dfile.encoding=utf8 -XX:+UseParallelGC -XX:GCTimeRatio=4 -XX:AdaptiveSizePolicyWeight=90 -Dsun.zip.disableMemoryMapping=true -Xmx1G -Xms100m -Xlog:disable -javaagent:c:\Users\hp\.antigravity\extensions\redhat.java-1.12.0-win32-x64\lombok\lombok-1.18.24.jar c:\Users\hp\.antigravity\extensions\redhat.java-1.12.0-win32-x64\server\plugins\org.eclipse.equinox.launcher_1.6.400.v20210924-0641.jar -configuration c:\Users\hp\AppData\Roaming\Antigravity\User\globalStorage\redhat.java\1.12.0\config_ss_win -data c:\Users\hp\AppData\Roaming\Antigravity\User\workspaceStorage\7195a51a71e43211180b6f3698a61ed8\redhat.java\ss_ws

Host: AMD Ryzen 5 5600H with Radeon Graphics         , 12 cores, 7G,  Windows 11 , 64 bit Build 26100 (10.0.26100.4484)
Time: Thu Mar 19 18:58:43 2026 India Standard Time elapsed time: 2.088977 seconds (0d 0h 0m 2s)

---------------  T H R E A D  ---------------

Current thread (0x000002ad87f58750):  JavaThread "Unknown thread" [_thread_in_vm, id=28192, stack(0x000000b8fc700000,0x000000b8fc800000)]

Stack: [0x000000b8fc700000,0x000000b8fc800000]
Native frames: (J=compiled Java code, j=interpreted, Vv=VM code, C=native code)
V  [jvm.dll+0x67731a]
V  [jvm.dll+0x832284]
V  [jvm.dll+0x833a2e]
V  [jvm.dll+0x834093]
V  [jvm.dll+0x245775]
V  [jvm.dll+0xa6393]
V  [jvm.dll+0x6a985a]
V  [jvm.dll+0x6aa51f]
V  [jvm.dll+0x683a83]
V  [jvm.dll+0x8044cb]
V  [jvm.dll+0x369974]
V  [jvm.dll+0x7e31bc]
V  [jvm.dll+0x3ec25f]
V  [jvm.dll+0x3edde1]
C  [jli.dll+0x5277]
C  [ucrtbase.dll+0x37b0]
C  [KERNEL32.DLL+0x2e8d7]
C  [ntdll.dll+0x3c34c]


---------------  P R O C E S S  ---------------

Threads class SMR info:
_java_thread_list=0x00007ffa73f14e98, length=0, elements={
}

Java Threads: ( => current thread )

Other Threads:
  0x000002ad87f6f410 GCTaskThread "GC Thread#0" [stack: 0x000000b8fc800000,0x000000b8fc900000] [id=28288]

=>0x000002ad87f58750 (exited) JavaThread "Unknown thread" [_thread_in_vm, id=28192, stack(0x000000b8fc700000,0x000000b8fc800000)]

Threads with active compile tasks:

VM state: not at safepoint (normal execution)

VM Mutex/Monitor currently owned by a thread: None

Heap address: 0x00000000c0000000, size: 1024 MB, Compressed Oops mode: 32-bit

CDS archive(s) not mapped
Compressed class space mapped at: 0x0000000100000000-0x0000000140000000, reserved size: 1073741824
Narrow klass base: 0x0000000000000000, Narrow klass shift: 3, Narrow klass range: 0x140000000

GC Precious Log:
 CPUs: 12 total, 12 available
 Memory: 7518M
 Large Page Support: Disabled
 NUMA Support: Disabled
 Compressed Oops: Enabled (32-bit)
 Alignments: Space 512K, Generation 512K, Heap 2M
 Heap Min Capacity: 100M
 Heap Initial Capacity: 100M
 Heap Max Capacity: 1G
 Pre-touch: Disabled
 Parallel Workers: 10

Heap:
 PSYoungGen      total 29696K, used 512K [0x00000000eab00000, 0x00000000ecc00000, 0x0000000100000000)
  eden space 25600K, 2% used [0x00000000eab00000,0x00000000eab80070,0x00000000ec400000)
  from space 4096K, 0% used [0x00000000ec800000,0x00000000ec800000,0x00000000ecc00000)
  to   space 4096K, 0% used [0x00000000ec400000,0x00000000ec400000,0x00000000ec800000)
 ParOldGen       total 68608K, used 0K [0x00000000c0000000, 0x00000000c4300000, 0x00000000eab00000)
  object space 68608K, 0% used [0x00000000c0000000,0x00000000c0000000,0x00000000c4300000)
 Metaspace       used 1149K, committed 1216K, reserved 1056768K
  class space    used 101K, committed 128K, reserved 1048576K

Card table byte_map: [0x000002ad9b600000,0x000002ad9b810000] _byte_map_base: 0x000002ad9b000000

Marking Bits: (ParMarkBitMap*) 0x00007ffa73f82cc0
 Begin Bits: [0x000002ad9b970000, 0x000002ad9c970000)
 End Bits:   [0x000002ad9c970000, 0x000002ad9d970000)

Polling page: 0x000002ad88230000

Metaspace:

Usage:
  Non-class:      1.02 MB used.
      Class:    101.01 KB used.
       Both:      1.12 MB used.

Virtual space:
  Non-class space:        8.00 MB reserved,       1.06 MB ( 13%) committed,  1 nodes.
      Class space:        1.00 GB reserved,     128.00 KB ( <1%) committed,  1 nodes.
             Both:        1.01 GB reserved,       1.19 MB ( <1%) committed. 

Chunk freelists:
   Non-Class:  0 bytes
       Class:  3.75 MB
        Both:  3.75 MB

MaxMetaspaceSize: unlimited
CompressedClassSpaceSize: 1.00 GB
Initial GC threshold: 21.00 MB
Current GC threshold: 17179869184.00 GB
CDS: off
MetaspaceReclaimPolicy: balanced
 - commit_granule_bytes: 65536.
 - commit_granule_words: 8192.
 - virtual_space_node_default_size: 1048576.
 - enlarge_chunks_in_place: 1.
 - new_chunks_are_fully_committed: 0.
 - uncommit_free_chunks: 1.
 - use_allocation_guard: 0.
 - handle_deallocations: 1.


Internal statistics:

num_allocs_failed_limit: 0.
num_arena_births: 2.
num_arena_deaths: 0.
num_vsnodes_births: 2.
num_vsnodes_deaths: 0.
num_space_committed: 19.
num_space_uncommitted: 0.
num_chunks_returned_to_freelist: 0.
num_chunks_taken_from_freelist: 3.
num_chunk_merges: 0.
num_chunk_splits: 1.
num_chunks_enlarged: 0.
num_purges: 0.
num_inconsistent_stats: 0.

CodeHeap 'non-profiled nmethods': size=120000Kb used=0Kb max_used=0Kb free=120000Kb
 bounds [0x000002ad93fe0000, 0x000002ad94250000, 0x000002ad9b510000]
CodeHeap 'profiled nmethods': size=120000Kb used=0Kb max_used=0Kb free=120000Kb
 bounds [0x000002ad8cab0000, 0x000002ad8cd20000, 0x000002ad93fe0000]
CodeHeap 'non-nmethods': size=5760Kb used=202Kb max_used=335Kb free=5557Kb
 bounds [0x000002ad8c510000, 0x000002ad8c780000, 0x000002ad8cab0000]
 total_blobs=66 nmethods=0 adapters=47
 compilation: enabled
              stopped_count=0, restarted_count=0
 full_count=0

Compilation events (0 events):
No events

GC Heap History (0 events):
No events

Deoptimization events (0 events):
No events

Classes unloaded (0 events):
No events

Classes redefined (0 events):
No events

Internal exceptions (0 events):
No events

VM Operations (0 events):
No events

Events (20 events):
Event: 1.080 loading class java/lang/Long
Event: 1.080 loading class java/lang/Long done
Event: 1.080 loading class java/util/Iterator
Event: 1.080 loading class java/util/Iterator done
Event: 1.080 loading class java/lang/reflect/RecordComponent
Event: 1.080 loading class java/lang/reflect/RecordComponent done
Event: 1.080 loading class jdk/internal/vm/vector/VectorSupport
Event: 1.082 loading class jdk/internal/vm/vector/VectorSupport done
Event: 1.082 loading class jdk/internal/vm/vector/VectorSupport$VectorPayload
Event: 1.082 loading class jdk/internal/vm/vector/VectorSupport$VectorPayload done
Event: 1.082 loading class jdk/internal/vm/vector/VectorSupport$Vector
Event: 1.082 loading class jdk/internal/vm/vector/VectorSupport$Vector done
Event: 1.082 loading class jdk/internal/vm/vector/VectorSupport$VectorMask
Event: 1.082 loading class jdk/internal/vm/vector/VectorSupport$VectorMask done
Event: 1.082 loading class jdk/internal/vm/vector/VectorSupport$VectorShuffle
Event: 1.082 loading class jdk/internal/vm/vector/VectorSupport$VectorShuffle done
Event: 1.084 loading class java/lang/NullPointerException
Event: 1.084 loading class java/lang/NullPointerException done
Event: 1.084 loading class java/lang/ArithmeticException
Event: 1.084 loading class java/lang/ArithmeticException done


Dynamic libraries:
0x00007ff61cd50000 - 0x00007ff61cd5e000 	c:\Users\hp\.antigravity\extensions\redhat.java-1.12.0-win32-x64\jre\17.0.4.1-win32-x86_64\bin\java.exe
0x00007ffb5f120000 - 0x00007ffb5f388000 	C:\WINDOWS\SYSTEM32\ntdll.dll
0x00007ffb5d470000 - 0x00007ffb5d539000 	C:\WINDOWS\System32\KERNEL32.DLL
0x00007ffb5c3a0000 - 0x00007ffb5c78d000 	C:\WINDOWS\System32\KERNELBASE.dll
0x00007ffb5c790000 - 0x00007ffb5c8db000 	C:\WINDOWS\System32\ucrtbase.dll
0x00007ffb533f0000 - 0x00007ffb53408000 	c:\Users\hp\.antigravity\extensions\redhat.java-1.12.0-win32-x64\jre\17.0.4.1-win32-x86_64\bin\jli.dll
0x00007ffb5d740000 - 0x00007ffb5d90c000 	C:\WINDOWS\System32\USER32.dll
0x00007ffb5cd20000 - 0x00007ffb5cd47000 	C:\WINDOWS\System32\win32u.dll
0x00007ffb52150000 - 0x00007ffb52169000 	c:\Users\hp\.antigravity\extensions\redhat.java-1.12.0-win32-x64\jre\17.0.4.1-win32-x86_64\bin\VCRUNTIME140.dll
0x00007ffb5e780000 - 0x00007ffb5e7ab000 	C:\WINDOWS\System32\GDI32.dll
0x00007ffb41830000 - 0x00007ffb41aca000 	C:\WINDOWS\WinSxS\amd64_microsoft.windows.common-controls_6595b64144ccf1df_6.0.26100.4484_none_3e0e6d4ce32ef3b3\COMCTL32.dll
0x00007ffb5c8e0000 - 0x00007ffb5ca17000 	C:\WINDOWS\System32\gdi32full.dll
0x00007ffb5e3f0000 - 0x00007ffb5e499000 	C:\WINDOWS\System32\msvcrt.dll
0x00007ffb5cd50000 - 0x00007ffb5cdf3000 	C:\WINDOWS\System32\msvcp_win.dll
0x00007ffb5e3b0000 - 0x00007ffb5e3df000 	C:\WINDOWS\System32\IMM32.DLL
0x00007ffb452e0000 - 0x00007ffb452ec000 	c:\Users\hp\.antigravity\extensions\redhat.java-1.12.0-win32-x64\jre\17.0.4.1-win32-x86_64\bin\vcruntime140_1.dll
0x00007ffaef820000 - 0x00007ffaef8b1000 	c:\Users\hp\.antigravity\extensions\redhat.java-1.12.0-win32-x64\jre\17.0.4.1-win32-x86_64\bin\msvcp140.dll
0x00007ffa73400000 - 0x00007ffa74046000 	c:\Users\hp\.antigravity\extensions\redhat.java-1.12.0-win32-x64\jre\17.0.4.1-win32-x86_64\bin\server\jvm.dll
0x00007ffb5d910000 - 0x00007ffb5d9c4000 	C:\WINDOWS\System32\ADVAPI32.dll
0x00007ffb5cf40000 - 0x00007ffb5cfe6000 	C:\WINDOWS\System32\sechost.dll
0x00007ffb5e290000 - 0x00007ffb5e3a8000 	C:\WINDOWS\System32\RPCRT4.dll
0x00007ffb5d0b0000 - 0x00007ffb5d0b8000 	C:\WINDOWS\System32\PSAPI.DLL
0x00007ffb55e50000 - 0x00007ffb55e5b000 	C:\WINDOWS\SYSTEM32\VERSION.dll
0x00007ffb4f6b0000 - 0x00007ffb4f6ba000 	C:\WINDOWS\SYSTEM32\WSOCK32.dll
0x00007ffb5d540000 - 0x00007ffb5d5b4000 	C:\WINDOWS\System32\WS2_32.dll
0x00007ffb55e10000 - 0x00007ffb55e45000 	C:\WINDOWS\SYSTEM32\WINMM.dll
0x00007ffb5af80000 - 0x00007ffb5af9b000 	C:\WINDOWS\SYSTEM32\kernel.appcore.dll
0x00007ffb38c20000 - 0x00007ffb38c2a000 	c:\Users\hp\.antigravity\extensions\redhat.java-1.12.0-win32-x64\jre\17.0.4.1-win32-x86_64\bin\jimage.dll
0x00007ffb4fd30000 - 0x00007ffb4ff71000 	C:\WINDOWS\SYSTEM32\DBGHELP.DLL
0x00007ffb5e820000 - 0x00007ffb5eba6000 	C:\WINDOWS\System32\combase.dll
0x00007ffb5e680000 - 0x00007ffb5e760000 	C:\WINDOWS\System32\OLEAUT32.dll
0x00007ffb40d90000 - 0x00007ffb40dd3000 	C:\WINDOWS\SYSTEM32\dbgcore.DLL
0x00007ffb5c270000 - 0x00007ffb5c309000 	C:\WINDOWS\System32\bcryptPrimitives.dll
0x00007ffb33c90000 - 0x00007ffb33c9e000 	c:\Users\hp\.antigravity\extensions\redhat.java-1.12.0-win32-x64\jre\17.0.4.1-win32-x86_64\bin\instrument.dll
0x00007ffaefee0000 - 0x00007ffaeff05000 	c:\Users\hp\.antigravity\extensions\redhat.java-1.12.0-win32-x64\jre\17.0.4.1-win32-x86_64\bin\java.dll
0x00007ffb2baa0000 - 0x00007ffb2bab8000 	c:\Users\hp\.antigravity\extensions\redhat.java-1.12.0-win32-x64\jre\17.0.4.1-win32-x86_64\bin\zip.dll

dbghelp: loaded successfully - version: 4.0.5 - missing functions: none
symbol engine: initialized successfully - sym options: 0x614 - pdb path: .;c:\Users\hp\.antigravity\extensions\redhat.java-1.12.0-win32-x64\jre\17.0.4.1-win32-x86_64\bin;C:\WINDOWS\SYSTEM32;C:\WINDOWS\WinSxS\amd64_microsoft.windows.common-controls_6595b64144ccf1df_6.0.26100.4484_none_3e0e6d4ce32ef3b3;c:\Users\hp\.antigravity\extensions\redhat.java-1.12.0-win32-x64\jre\17.0.4.1-win32-x86_64\bin\server

VM Arguments:
jvm_args: --add-modules=ALL-SYSTEM --add-opens=java.base/java.util=ALL-UNNAMED --add-opens=java.base/java.lang=ALL-UNNAMED --add-opens=java.base/sun.nio.fs=ALL-UNNAMED -Declipse.application=org.eclipse.jdt.ls.core.id1 -Dosgi.bundles.defaultStartLevel=4 -Declipse.product=org.eclipse.jdt.ls.core.product -Djava.import.generatesMetadataFilesAtProjectRoot=false -Dfile.encoding=utf8 -XX:+UseParallelGC -XX:GCTimeRatio=4 -XX:AdaptiveSizePolicyWeight=90 -Dsun.zip.disableMemoryMapping=true -Xmx1G -Xms100m -Xlog:disable -javaagent:c:\Users\hp\.antigravity\extensions\redhat.java-1.12.0-win32-x64\lombok\lombok-1.18.24.jar 
java_command: c:\Users\hp\.antigravity\extensions\redhat.java-1.12.0-win32-x64\server\plugins\org.eclipse.equinox.launcher_1.6.400.v20210924-0641.jar -configuration c:\Users\hp\AppData\Roaming\Antigravity\User\globalStorage\redhat.java\1.12.0\config_ss_win -data c:\Users\hp\AppData\Roaming\Antigravity\User\workspaceStorage\7195a51a71e43211180b6f3698a61ed8\redhat.java\ss_ws
java_class_path (initial): c:\Users\hp\.antigravity\extensions\redhat.java-1.12.0-win32-x64\server\plugins\org.eclipse.equinox.launcher_1.6.400.v20210924-0641.jar
Launcher Type: SUN_STANDARD

[Global flags]
    uintx AdaptiveSizePolicyWeight                 = 90                                        {product} {command line}
     intx CICompilerCount                          = 4                                         {product} {ergonomic}
    uintx GCTimeRatio                              = 4                                         {product} {command line}
   size_t InitialHeapSize                          = 104857600                                 {product} {command line}
   size_t MaxHeapSize                              = 1073741824                                {product} {command line}
   size_t MaxNewSize                               = 357564416                                 {product} {ergonomic}
   size_t MinHeapDeltaBytes                        = 524288                                    {product} {ergonomic}
   size_t MinHeapSize                              = 104857600                                 {product} {command line}
   size_t NewSize                                  = 34603008                                  {product} {ergonomic}
    uintx NonNMethodCodeHeapSize                   = 5839372                                {pd product} {ergonomic}
    uintx NonProfiledCodeHeapSize                  = 122909434                              {pd product} {ergonomic}
   size_t OldSize                                  = 70254592                                  {product} {ergonomic}
    uintx ProfiledCodeHeapSize                     = 122909434                              {pd product} {ergonomic}
    uintx ReservedCodeCacheSize                    = 251658240                              {pd product} {ergonomic}
     bool SegmentedCodeCache                       = true                                      {product} {ergonomic}
   size_t SoftMaxHeapSize                          = 1073741824                             {manageable} {ergonomic}
     bool UseCompressedClassPointers               = true                           {product lp64_product} {ergonomic}
     bool UseCompressedOops                        = true                           {product lp64_product} {ergonomic}
     bool UseLargePagesIndividualAllocation        = false                                  {pd product} {ergonomic}
     bool UseParallelGC                            = true                                      {product} {command line}

Logging:
Log output configuration:
 #0: stdout all=off uptime,level,tags
 #1: stderr all=off uptime,level,tags

Environment Variables:
PATH=C:\Python314\Scripts\;C:\Python314\;C:\Program Files\Common Files\Oracle\Java\javapath;C:\WINDOWS\system32;C:\WINDOWS;C:\WINDOWS\System32\Wbem;C:\WINDOWS\System32\WindowsPowerShell\v1.0\;C:\WINDOWS\System32\OpenSSH\;C:\Program Files\Git\cmd;C:\Program Files\nodejs\;C:\ProgramData\chocolatey\bin;C:\Python314\Scripts\;C:\Python314\;C:\Program Files\Common Files\Oracle\Java\javapath;C:\WINDOWS\system32;C:\WINDOWS;C:\WINDOWS\System32\Wbem;C:\WINDOWS\System32\WindowsPowerShell\v1.0\;C:\WINDOWS\System32\OpenSSH\;C:\Program Files\Git\cmd;C:\Program Files\nodejs\;C:\ProgramData\chocolatey\bin;C:\Program Files\nodejs"
USERNAME=hp
OS=Windows_NT
PROCESSOR_IDENTIFIER=AMD64 Family 25 Model 80 Stepping 0, AuthenticAMD
TMP=C:\Users\hp\AppData\Local\Temp
TEMP=C:\Users\hp\AppData\Local\Temp



---------------  S Y S T E M  ---------------

OS:
 Windows 11 , 64 bit Build 26100 (10.0.26100.4484)
OS uptime: 0 days 1:40 hours
Hyper-V role detected

CPU: total 12 (initial active 12) (12 cores per cpu, 2 threads per core) family 25 model 80 stepping 0 microcode 0xa50000f, cx8, cmov, fxsr, ht, mmx, 3dnowpref, sse, sse2, sse3, ssse3, sse4a, sse4.1, sse4.2, popcnt, lzcnt, tsc, tscinvbit, avx, avx2, aes, erms, clmul, bmi1, bmi2, adx, sha, fma, vzeroupper, clflush, clflushopt, hv

Memory: 4k page, system-wide physical 7518M (708M free)
TotalPageFile size 26268M (AvailPageFile size 5M)
current process WorkingSet (physical memory assigned to process): 17M, peak: 17M
current process commit charge ("private bytes"): 150M, peak: 151M

vm_info: OpenJDK 64-Bit Server VM (17.0.4.1+1) for windows-amd64 JRE (17.0.4.1+1), built on Aug 17 2022 07:42:43 by "temurin" with MS VC++ 16.7 (VS2019)

END.
