#
# There is insufficient memory for the Java Runtime Environment to continue.
# Native memory allocation (malloc) failed to allocate 1271616 bytes. Error detail: Chunk::new
# Possible reasons:
#   The system is out of physical RAM or swap space
#   This process is running with CompressedOops enabled, and the Java Heap may be blocking the growth of the native heap
# Possible solutions:
#   Reduce memory load on the system
#   Increase physical memory or swap space
#   Check if swap backing store is full
#   Decrease Java heap size (-Xmx/-Xms)
#   Decrease number of Java threads
#   Decrease Java thread stack sizes (-Xss)
#   Set larger code cache with -XX:ReservedCodeCacheSize=
#   JVM is running with Unscaled Compressed Oops mode in which the Java heap is
#     placed in the first 4GB address space. The Java Heap base address is the
#     maximum limit for the native heap growth. Please use -XX:HeapBaseMinAddress
#     to set the Java Heap base and to place the Java Heap above 4GB virtual address.
# This output file may be truncated or incomplete.
#
#  Out of Memory Error (arena.cpp:149), pid=9040, tid=6592
#
# JRE version: Java(TM) SE Runtime Environment (23.0.2+7) (build 23.0.2+7-58)
# Java VM: Java HotSpot(TM) 64-Bit Server VM (23.0.2+7-58, mixed mode, sharing, tiered, compressed oops, compressed class ptrs, g1 gc, windows-amd64)
# No core dump will be written. Minidumps are not enabled by default on client versions of Windows
#

---------------  S U M M A R Y ------------

Command Line: --add-opens=java.base/java.lang=ALL-UNNAMED --add-opens=java.base/java.lang.invoke=ALL-UNNAMED --add-opens=java.base/java.util=ALL-UNNAMED --add-opens=java.prefs/java.util.prefs=ALL-UNNAMED --add-exports=jdk.compiler/com.sun.tools.javac.api=ALL-UNNAMED --add-exports=jdk.compiler/com.sun.tools.javac.util=ALL-UNNAMED --add-opens=java.base/java.util=ALL-UNNAMED --add-opens=java.prefs/java.util.prefs=ALL-UNNAMED --add-opens=java.base/java.nio.charset=ALL-UNNAMED --add-opens=java.base/java.net=ALL-UNNAMED --add-opens=java.base/java.util.concurrent=ALL-UNNAMED --add-opens=java.base/java.util.concurrent.atomic=ALL-UNNAMED --add-opens=java.xml/javax.xml.namespace=ALL-UNNAMED -XX:MaxMetaspaceSize=512m -Xmx2048m -Dfile.encoding=UTF-8 -Duser.country=IN -Duser.language=en -Duser.variant -javaagent:C:\Users\hp\.gradle\wrapper\dists\gradle-9.0.0-bin\d6wjpkvcgsg3oed0qlfss3wgl\gradle-9.0.0\lib\agents\gradle-instrumentation-agent-9.0.0.jar org.gradle.launcher.daemon.bootstrap.GradleDaemon 9.0.0

Host: AMD Ryzen 5 5600H with Radeon Graphics         , 12 cores, 7G,  Windows 11 , 64 bit Build 26100 (10.0.26100.4484)
Time: Thu Mar 19 18:59:29 2026 India Standard Time elapsed time: 17.878976 seconds (0d 0h 0m 17s)

---------------  T H R E A D  ---------------

Current thread (0x00000176d500e370):  JavaThread "C2 CompilerThread0" daemon [_thread_in_native, id=6592, stack(0x0000002359d00000,0x0000002359e00000) (1024K)]


Current CompileTask:
C2:17879 9299       4       org.gradle.internal.instantiation.generator.AbstractClassGenerator::inspectType (602 bytes)

Stack: [0x0000002359d00000,0x0000002359e00000]
Native frames: (J=compiled Java code, j=interpreted, Vv=VM code, C=native code)
V  [jvm.dll+0x6e0b99]  (no source info available)
V  [jvm.dll+0x87e2b3]  (no source info available)
V  [jvm.dll+0x88073e]  (no source info available)
V  [jvm.dll+0x880e13]  (no source info available)
V  [jvm.dll+0x27b006]  (no source info available)
V  [jvm.dll+0xbc06f]  (no source info available)
V  [jvm.dll+0xbc2cb]  (no source info available)
V  [jvm.dll+0x2eea6d]  (no source info available)
V  [jvm.dll+0x606669]  (no source info available)
V  [jvm.dll+0x24def2]  (no source info available)
V  [jvm.dll+0x24681d]  (no source info available)
V  [jvm.dll+0x243e04]  (no source info available)
V  [jvm.dll+0x1c34b0]  (no source info available)
V  [jvm.dll+0x253df1]  (no source info available)
V  [jvm.dll+0x2520aa]  (no source info available)
V  [jvm.dll+0x3ee226]  (no source info available)
V  [jvm.dll+0x8254cb]  (no source info available)
V  [jvm.dll+0x6df345]  (no source info available)
C  [ucrtbase.dll+0x37b0]  (no source info available)
C  [KERNEL32.DLL+0x2e8d7]  (no source info available)
C  [ntdll.dll+0x3c34c]  (no source info available)

Lock stack of current Java thread (top to bottom):


---------------  P R O C E S S  ---------------

Threads class SMR info:
_java_thread_list=0x00000176da28a4d0, length=85, elements={
0x0000017698a7f990, 0x00000176b5cae9a0, 0x00000176b5cb3c90, 0x00000176b5cb77f0,
0x00000176b5cb8e70, 0x00000176b5cba050, 0x00000176b5cbe800, 0x00000176d500e370,
0x00000176d5019b10, 0x00000176b5c80270, 0x00000176d52b0cc0, 0x00000176d6ad0c80,
0x00000176d6ab6d60, 0x00000176d6d42760, 0x00000176d6da1ec0, 0x00000176d6da32c0,
0x00000176d6d95640, 0x00000176d6d9da00, 0x00000176d6dd7db0, 0x00000176d6dd8440,
0x00000176d6dd8ad0, 0x00000176d6dd9160, 0x00000176d6dd7090, 0x00000176d6dd97f0,
0x00000176d6dda510, 0x00000176d7d92680, 0x00000176d7d91960, 0x00000176d7d8f200,
0x00000176d7d92d10, 0x00000176d7d8f890, 0x00000176d7d933a0, 0x00000176d7d940c0,
0x00000176d7d90c40, 0x00000176d7d912d0, 0x00000176d7d94de0, 0x00000176d7d95b00,
0x00000176d7d96190, 0x00000176d7ca8de0, 0x00000176d7cab540, 0x00000176d7ca8750,
0x00000176d7caa190, 0x00000176d7caa820, 0x00000176d7caaeb0, 0x00000176d7ca9b00,
0x00000176d7cad610, 0x00000176d7caf6e0, 0x00000176d7cadca0, 0x00000176d7cae9c0,
0x00000176d7caf050, 0x00000176d60d7410, 0x00000176d60d6060, 0x00000176d60d4cb0,
0x00000176d60d66f0, 0x00000176d60d6d80, 0x00000176d60d8130, 0x00000176d60d5340,
0x00000176d60d87c0, 0x00000176d60d8e50, 0x00000176d60db5b0, 0x00000176d60dbc40,
0x00000176d60d94e0, 0x00000176d60d9b70, 0x00000176d60da200, 0x00000176d60da890,
0x00000176d60daf20, 0x00000176da988100, 0x00000176da988790, 0x00000176da9894b0,
0x00000176da98aef0, 0x00000176da989b40, 0x00000176da988e20, 0x00000176da98a1d0,
0x00000176da98a860, 0x00000176da987a70, 0x00000176da98cfc0, 0x00000176da98d650,
0x00000176da98bc10, 0x00000176da98b580, 0x00000176da98c2a0, 0x00000176da98dce0,
0x00000176da98e370, 0x00000176da98ea00, 0x00000176d7fa4ac0, 0x00000176dbe70380,
0x00000176d7fa8c60
}

Java Threads: ( => current thread )
  0x0000017698a7f990 JavaThread "main"                              [_thread_blocked, id=27752, stack(0x0000002358f00000,0x0000002359000000) (1024K)]
  0x00000176b5cae9a0 JavaThread "Reference Handler"          daemon [_thread_blocked, id=2820, stack(0x0000002359700000,0x0000002359800000) (1024K)]
  0x00000176b5cb3c90 JavaThread "Finalizer"                  daemon [_thread_blocked, id=23884, stack(0x0000002359800000,0x0000002359900000) (1024K)]
  0x00000176b5cb77f0 JavaThread "Signal Dispatcher"          daemon [_thread_blocked, id=25748, stack(0x0000002359900000,0x0000002359a00000) (1024K)]
  0x00000176b5cb8e70 JavaThread "Attach Listener"            daemon [_thread_blocked, id=24400, stack(0x0000002359a00000,0x0000002359b00000) (1024K)]
  0x00000176b5cba050 JavaThread "Service Thread"             daemon [_thread_blocked, id=27728, stack(0x0000002359b00000,0x0000002359c00000) (1024K)]
  0x00000176b5cbe800 JavaThread "Monitor Deflation Thread"   daemon [_thread_blocked, id=22952, stack(0x0000002359c00000,0x0000002359d00000) (1024K)]
=>0x00000176d500e370 JavaThread "C2 CompilerThread0"         daemon [_thread_in_native, id=6592, stack(0x0000002359d00000,0x0000002359e00000) (1024K)]
  0x00000176d5019b10 JavaThread "C1 CompilerThread0"         daemon [_thread_blocked, id=24648, stack(0x0000002359e00000,0x0000002359f00000) (1024K)]
  0x00000176b5c80270 JavaThread "Common-Cleaner"             daemon [_thread_blocked, id=28488, stack(0x0000002359f00000,0x000000235a000000) (1024K)]
  0x00000176d52b0cc0 JavaThread "Notification Thread"        daemon [_thread_blocked, id=5596, stack(0x000000235a000000,0x000000235a100000) (1024K)]
  0x00000176d6ad0c80 JavaThread "Daemon health stats"               [_thread_blocked, id=16304, stack(0x000000235a200000,0x000000235a300000) (1024K)]
  0x00000176d6ab6d60 JavaThread "Incoming local TCP Connector on port 58870"        [_thread_in_native, id=8408, stack(0x000000235a800000,0x000000235a900000) (1024K)]
  0x00000176d6d42760 JavaThread "Daemon periodic checks"            [_thread_blocked, id=20468, stack(0x000000235a900000,0x000000235aa00000) (1024K)]
  0x00000176d6da1ec0 JavaThread "Daemon"                            [_thread_blocked, id=28388, stack(0x000000235aa00000,0x000000235ab00000) (1024K)]
  0x00000176d6da32c0 JavaThread "Handler for socket connection from /127.0.0.1:58870 to /127.0.0.1:58872"        [_thread_in_native, id=12252, stack(0x000000235ab00000,0x000000235ac00000) (1024K)]
  0x00000176d6d95640 JavaThread "Cancel handler"                    [_thread_blocked, id=15164, stack(0x000000235ac00000,0x000000235ad00000) (1024K)]
  0x00000176d6d9da00 JavaThread "Daemon worker"                     [_thread_blocked, id=8224, stack(0x000000235ad00000,0x000000235ae00000) (1024K)]
  0x00000176d6dd7db0 JavaThread "Asynchronous log dispatcher for DefaultDaemonConnection: socket connection from /127.0.0.1:58870 to /127.0.0.1:58872"        [_thread_blocked, id=28220, stack(0x000000235ae00000,0x000000235af00000) (1024K)]
  0x00000176d6dd8440 JavaThread "Stdin handler"                     [_thread_blocked, id=13776, stack(0x000000235af00000,0x000000235b000000) (1024K)]
  0x00000176d6dd8ad0 JavaThread "Daemon client event forwarder"        [_thread_blocked, id=27888, stack(0x000000235b000000,0x000000235b100000) (1024K)]
  0x00000176d6dd9160 JavaThread "Cache worker for journal cache (C:\Users\hp\.gradle\caches\journal-1)"        [_thread_blocked, id=15300, stack(0x000000235b500000,0x000000235b600000) (1024K)]
  0x00000176d6dd7090 JavaThread "File lock request listener"        [_thread_in_native, id=27892, stack(0x000000235b600000,0x000000235b700000) (1024K)]
  0x00000176d6dd97f0 JavaThread "File lock release action executor"        [_thread_blocked, id=28152, stack(0x000000235b700000,0x000000235b800000) (1024K)]
  0x00000176d6dda510 JavaThread "Cache worker for file hash cache (C:\Users\hp\.gradle\caches\9.0.0\fileHashes)"        [_thread_blocked, id=24028, stack(0x000000235b800000,0x000000235b900000) (1024K)]
  0x00000176d7d92680 JavaThread "Cache worker for file hash cache (C:\Users\hp\OneDrive\Desktop\vision_assistant\vision_assistant\frontend\android\.gradle\9.0.0\fileHashes)"        [_thread_blocked, id=10972, stack(0x000000235bb00000,0x000000235bc00000) (1024K)]
  0x00000176d7d91960 JavaThread "Cache worker for Build Output Cleanup Cache (C:\Users\hp\OneDrive\Desktop\vision_assistant\vision_assistant\frontend\android\.gradle\buildOutputCleanup)"        [_thread_blocked, id=28368, stack(0x000000235bc00000,0x000000235bd00000) (1024K)]
  0x00000176d7d8f200 JavaThread "File watcher server"        daemon [_thread_in_native, id=23460, stack(0x000000235be00000,0x000000235bf00000) (1024K)]
  0x00000176d7d92d10 JavaThread "File watcher consumer"      daemon [_thread_blocked, id=19884, stack(0x000000235bf00000,0x000000235c000000) (1024K)]
  0x00000176d7d8f890 JavaThread "jar transforms"                    [_thread_blocked, id=24752, stack(0x000000235c000000,0x000000235c100000) (1024K)]
  0x00000176d7d933a0 JavaThread "jar transforms Thread 2"           [_thread_blocked, id=15944, stack(0x000000235c100000,0x000000235c200000) (1024K)]
  0x00000176d7d940c0 JavaThread "Cache worker for checksums cache (C:\Users\hp\OneDrive\Desktop\vision_assistant\vision_assistant\frontend\android\.gradle\9.0.0\checksums)"        [_thread_blocked, id=16004, stack(0x000000235c200000,0x000000235c300000) (1024K)]
  0x00000176d7d90c40 JavaThread "Cache worker for file content cache (C:\Users\hp\.gradle\caches\9.0.0\fileContent)"        [_thread_blocked, id=19176, stack(0x000000235c300000,0x000000235c400000) (1024K)]
  0x00000176d7d912d0 JavaThread "Cache worker for cache directory md-supplier (C:\Users\hp\.gradle\caches\9.0.0\md-supplier)"        [_thread_blocked, id=28236, stack(0x000000235c400000,0x000000235c500000) (1024K)]
  0x00000176d7d94de0 JavaThread "Cache worker for cache directory md-rule (C:\Users\hp\.gradle\caches\9.0.0\md-rule)"        [_thread_blocked, id=28532, stack(0x000000235c500000,0x000000235c600000) (1024K)]
  0x00000176d7d95b00 JavaThread "jar transforms Thread 3"           [_thread_blocked, id=26700, stack(0x000000235c600000,0x000000235c700000) (1024K)]
  0x00000176d7d96190 JavaThread "jar transforms Thread 4"           [_thread_blocked, id=24804, stack(0x000000235c700000,0x000000235c800000) (1024K)]
  0x00000176d7ca8de0 JavaThread "jar transforms Thread 5"           [_thread_blocked, id=28332, stack(0x000000235c800000,0x000000235c900000) (1024K)]
  0x00000176d7cab540 JavaThread "jar transforms Thread 6"           [_thread_blocked, id=11864, stack(0x000000235c900000,0x000000235ca00000) (1024K)]
  0x00000176d7ca8750 JavaThread "jar transforms Thread 7"           [_thread_blocked, id=11332, stack(0x000000235ca00000,0x000000235cb00000) (1024K)]
  0x00000176d7caa190 JavaThread "jar transforms Thread 8"           [_thread_blocked, id=4280, stack(0x000000235cb00000,0x000000235cc00000) (1024K)]
  0x00000176d7caa820 JavaThread "jar transforms Thread 9"           [_thread_blocked, id=10992, stack(0x000000235cc00000,0x000000235cd00000) (1024K)]
  0x00000176d7caaeb0 JavaThread "Cache worker for Build Output Cleanup Cache (C:\Users\hp\OneDrive\Desktop\vision_assistant\vision_assistant\frontend\node_modules\@react-native\gradle-plugin\.gradle\buildOutputCleanup)"        [_thread_blocked, id=15512, stack(0x000000235cd00000,0x000000235ce00000) (1024K)]
  0x00000176d7ca9b00 JavaThread "Unconstrained build operations"        [_thread_blocked, id=10940, stack(0x000000235bd00000,0x000000235be00000) (1024K)]
  0x00000176d7cad610 JavaThread "Unconstrained build operations Thread 2"        [_thread_blocked, id=25284, stack(0x000000235ce00000,0x000000235cf00000) (1024K)]
  0x00000176d7caf6e0 JavaThread "Unconstrained build operations Thread 3"        [_thread_blocked, id=16264, stack(0x000000235a100000,0x000000235a200000) (1024K)]
  0x00000176d7cadca0 JavaThread "Unconstrained build operations Thread 4"        [_thread_blocked, id=10452, stack(0x000000235cf00000,0x000000235d000000) (1024K)]
  0x00000176d7cae9c0 JavaThread "Unconstrained build operations Thread 5"        [_thread_blocked, id=2328, stack(0x000000235d000000,0x000000235d100000) (1024K)]
  0x00000176d7caf050 JavaThread "Unconstrained build operations Thread 6"        [_thread_blocked, id=27448, stack(0x000000235d100000,0x000000235d200000) (1024K)]
  0x00000176d60d7410 JavaThread "Unconstrained build operations Thread 7"        [_thread_blocked, id=9692, stack(0x000000235d300000,0x000000235d400000) (1024K)]
  0x00000176d60d6060 JavaThread "Unconstrained build operations Thread 8"        [_thread_blocked, id=27656, stack(0x000000235d400000,0x000000235d500000) (1024K)]
  0x00000176d60d4cb0 JavaThread "Unconstrained build operations Thread 9"        [_thread_blocked, id=27612, stack(0x000000235d500000,0x000000235d600000) (1024K)]
  0x00000176d60d66f0 JavaThread "Unconstrained build operations Thread 10"        [_thread_blocked, id=10464, stack(0x000000235d600000,0x000000235d700000) (1024K)]
  0x00000176d60d6d80 JavaThread "Unconstrained build operations Thread 11"        [_thread_blocked, id=16208, stack(0x000000235d700000,0x000000235d800000) (1024K)]
  0x00000176d60d8130 JavaThread "Unconstrained build operations Thread 12"        [_thread_blocked, id=2916, stack(0x000000235d800000,0x000000235d900000) (1024K)]
  0x00000176d60d5340 JavaThread "Unconstrained build operations Thread 13"        [_thread_blocked, id=19116, stack(0x000000235d900000,0x000000235da00000) (1024K)]
  0x00000176d60d87c0 JavaThread "Unconstrained build operations Thread 14"        [_thread_blocked, id=25392, stack(0x000000235da00000,0x000000235db00000) (1024K)]
  0x00000176d60d8e50 JavaThread "Unconstrained build operations Thread 15"        [_thread_blocked, id=25316, stack(0x000000235db00000,0x000000235dc00000) (1024K)]
  0x00000176d60db5b0 JavaThread "Unconstrained build operations Thread 16"        [_thread_blocked, id=20976, stack(0x000000235dc00000,0x000000235dd00000) (1024K)]
  0x00000176d60dbc40 JavaThread "Unconstrained build operations Thread 17"        [_thread_blocked, id=27672, stack(0x000000235dd00000,0x000000235de00000) (1024K)]
  0x00000176d60d94e0 JavaThread "Unconstrained build operations Thread 18"        [_thread_blocked, id=15308, stack(0x000000235de00000,0x000000235df00000) (1024K)]
  0x00000176d60d9b70 JavaThread "Unconstrained build operations Thread 19"        [_thread_blocked, id=5884, stack(0x000000235df00000,0x000000235e000000) (1024K)]
  0x00000176d60da200 JavaThread "Unconstrained build operations Thread 20"        [_thread_blocked, id=28196, stack(0x000000235e000000,0x000000235e100000) (1024K)]
  0x00000176d60da890 JavaThread "Unconstrained build operations Thread 21"        [_thread_blocked, id=10128, stack(0x000000235e100000,0x000000235e200000) (1024K)]
  0x00000176d60daf20 JavaThread "Unconstrained build operations Thread 22"        [_thread_blocked, id=28336, stack(0x000000235e200000,0x000000235e300000) (1024K)]
  0x00000176da988100 JavaThread "Unconstrained build operations Thread 23"        [_thread_blocked, id=21992, stack(0x000000235e300000,0x000000235e400000) (1024K)]
  0x00000176da988790 JavaThread "Unconstrained build operations Thread 24"        [_thread_blocked, id=21444, stack(0x000000235e400000,0x000000235e500000) (1024K)]
  0x00000176da9894b0 JavaThread "Unconstrained build operations Thread 25"        [_thread_blocked, id=2024, stack(0x000000235e500000,0x000000235e600000) (1024K)]
  0x00000176da98aef0 JavaThread "Unconstrained build operations Thread 26"        [_thread_blocked, id=28668, stack(0x000000235e600000,0x000000235e700000) (1024K)]
  0x00000176da989b40 JavaThread "Unconstrained build operations Thread 27"        [_thread_blocked, id=28312, stack(0x000000235e700000,0x000000235e800000) (1024K)]
  0x00000176da988e20 JavaThread "Unconstrained build operations Thread 28"        [_thread_blocked, id=27700, stack(0x000000235e800000,0x000000235e900000) (1024K)]
  0x00000176da98a1d0 JavaThread "Unconstrained build operations Thread 29"        [_thread_blocked, id=28652, stack(0x000000235e900000,0x000000235ea00000) (1024K)]
  0x00000176da98a860 JavaThread "Unconstrained build operations Thread 30"        [_thread_blocked, id=28528, stack(0x000000235ea00000,0x000000235eb00000) (1024K)]
  0x00000176da987a70 JavaThread "Unconstrained build operations Thread 31"        [_thread_blocked, id=27552, stack(0x000000235eb00000,0x000000235ec00000) (1024K)]
  0x00000176da98cfc0 JavaThread "Unconstrained build operations Thread 32"        [_thread_blocked, id=20088, stack(0x000000235ec00000,0x000000235ed00000) (1024K)]
  0x00000176da98d650 JavaThread "Unconstrained build operations Thread 33"        [_thread_blocked, id=3244, stack(0x000000235ed00000,0x000000235ee00000) (1024K)]
  0x00000176da98bc10 JavaThread "Unconstrained build operations Thread 34"        [_thread_blocked, id=24816, stack(0x000000235ee00000,0x000000235ef00000) (1024K)]
  0x00000176da98b580 JavaThread "Unconstrained build operations Thread 35"        [_thread_blocked, id=15748, stack(0x000000235ef00000,0x000000235f000000) (1024K)]
  0x00000176da98c2a0 JavaThread "Unconstrained build operations Thread 36"        [_thread_blocked, id=24852, stack(0x000000235f000000,0x000000235f100000) (1024K)]
  0x00000176da98dce0 JavaThread "Unconstrained build operations Thread 37"        [_thread_blocked, id=11312, stack(0x000000235f100000,0x000000235f200000) (1024K)]
  0x00000176da98e370 JavaThread "Unconstrained build operations Thread 38"        [_thread_blocked, id=1908, stack(0x000000235f200000,0x000000235f300000) (1024K)]
  0x00000176da98ea00 JavaThread "Unconstrained build operations Thread 39"        [_thread_blocked, id=22804, stack(0x000000235f300000,0x000000235f400000) (1024K)]
  0x00000176d7fa4ac0 JavaThread "build event listener"              [_thread_blocked, id=7204, stack(0x000000235f500000,0x000000235f600000) (1024K)]
  0x00000176dbe70380 JavaThread "C2 CompilerThread1"         daemon [_thread_in_native, id=8536, stack(0x000000235d200000,0x000000235d300000) (1024K)]
  0x00000176d7fa8c60 JavaThread "Memory manager"                    [_thread_blocked, id=2744, stack(0x000000235f400000,0x000000235f500000) (1024K)]
Total: 85

Other Threads:
  0x00000176b5c93320 VMThread "VM Thread"                           [id=2644, stack(0x0000002359600000,0x0000002359700000) (1024K)]
  0x00000176b5c7fb40 WatcherThread "VM Periodic Task Thread"        [id=24872, stack(0x0000002359500000,0x0000002359600000) (1024K)]
  0x0000017698ad7580 WorkerThread "GC Thread#0"                     [id=28248, stack(0x0000002359000000,0x0000002359100000) (1024K)]
  0x00000176d57d3670 WorkerThread "GC Thread#1"                     [id=26620, stack(0x000000235a300000,0x000000235a400000) (1024K)]
  0x00000176d5851ba0 WorkerThread "GC Thread#2"                     [id=4620, stack(0x000000235a400000,0x000000235a500000) (1024K)]
  0x00000176d5740fc0 WorkerThread "GC Thread#3"                     [id=15724, stack(0x000000235a500000,0x000000235a600000) (1024K)]
  0x00000176d615f920 WorkerThread "GC Thread#4"                     [id=14008, stack(0x000000235a600000,0x000000235a700000) (1024K)]
  0x00000176d615ea60 WorkerThread "GC Thread#5"                     [id=8708, stack(0x000000235a700000,0x000000235a800000) (1024K)]
  0x00000176d6f87920 WorkerThread "GC Thread#6"                     [id=2268, stack(0x000000235b100000,0x000000235b200000) (1024K)]
  0x00000176d6f87570 WorkerThread "GC Thread#7"                     [id=15100, stack(0x000000235b200000,0x000000235b300000) (1024K)]
  0x00000176d6f86e10 WorkerThread "GC Thread#8"                     [id=24956, stack(0x000000235b300000,0x000000235b400000) (1024K)]
  0x00000176d6f88430 WorkerThread "GC Thread#9"                     [id=25860, stack(0x000000235b400000,0x000000235b500000) (1024K)]
  0x0000017698aeec20 ConcurrentGCThread "G1 Main Marker"            [id=28476, stack(0x0000002359100000,0x0000002359200000) (1024K)]
  0x0000017698aef640 WorkerThread "G1 Conc#0"                       [id=3044, stack(0x0000002359200000,0x0000002359300000) (1024K)]
  0x00000176d6f87cd0 WorkerThread "G1 Conc#1"                       [id=9928, stack(0x000000235b900000,0x000000235ba00000) (1024K)]
  0x00000176d6f88080 WorkerThread "G1 Conc#2"                       [id=13788, stack(0x000000235ba00000,0x000000235bb00000) (1024K)]
  0x00000176b5b2fc60 ConcurrentGCThread "G1 Refine#0"               [id=21748, stack(0x0000002359300000,0x0000002359400000) (1024K)]
  0x00000176b5b330c0 ConcurrentGCThread "G1 Service"                [id=27584, stack(0x0000002359400000,0x0000002359500000) (1024K)]
Total: 18

Threads with active compile tasks:
C2 CompilerThread0  17947 9299       4       org.gradle.internal.instantiation.generator.AbstractClassGenerator::inspectType (602 bytes)
C2 CompilerThread1  17947 9354       4       java.io.ObjectStreamClass::writeNonProxy (161 bytes)
Total: 2

VM state: not at safepoint (normal execution)

VM Mutex/Monitor currently owned by a thread: None

Heap address: 0x0000000080000000, size: 2048 MB, Compressed Oops mode: 32-bit

CDS archive(s) mapped at: [0x00000176b6000000-0x00000176b6d70000-0x00000176b6d70000), size 14090240, SharedBaseAddress: 0x00000176b6000000, ArchiveRelocationMode: 1.
Compressed class space mapped at: 0x00000176b7000000-0x00000176d1000000, reserved size: 436207616
Narrow klass base: 0x00000176b6000000, Narrow klass shift: 0, Narrow klass range: 0x1b000000

GC Precious Log:
 CardTable entry size: 512
 Card Set container configuration: InlinePtr #cards 5 size 8 Array Of Cards #cards 10 size 36 Howl #buckets 4 coarsen threshold 1843 Howl Bitmap #cards 512 size 80 coarsen threshold 460 Card regions per heap region 1 cards per card region 2048
 CPUs: 12 total, 12 available
 Memory: 7518M
 Large Page Support: Disabled
 NUMA Support: Disabled
 Compressed Oops: Enabled (32-bit)
 Heap Region Size: 1M
 Heap Min Capacity: 8M
 Heap Initial Capacity: 118M
 Heap Max Capacity: 2G
 Pre-touch: Disabled
 Parallel Workers: 10
 Concurrent Workers: 3
 Concurrent Refinement Workers: 10
 Periodic GC: Disabled

Heap:
 garbage-first heap   total reserved 2097152K, committed 121856K, used 71063K [0x0000000080000000, 0x0000000100000000)
  region size 1024K, 13 young (13312K), 4 survivors (4096K)
 Metaspace       used 72245K, committed 74624K, reserved 491520K
  class space    used 10723K, committed 11840K, reserved 425984K

Heap Regions: E=young(eden), S=young(survivor), O=old, HS=humongous(starts), HC=humongous(continues), CS=collection set, F=free, TAMS=top-at-mark-start, PB=parsable bottom
|   0|0x0000000080000000, 0x0000000080100000, 0x0000000080100000|100%| O|  |TAMS 0x0000000080000000| PB 0x0000000080000000| Untracked |  0
|   1|0x0000000080100000, 0x0000000080200000, 0x0000000080200000|100%|HS|  |TAMS 0x0000000080100000| PB 0x0000000080100000| Complete |  0
|   2|0x0000000080200000, 0x0000000080300000, 0x0000000080300000|100%|HC|  |TAMS 0x0000000080200000| PB 0x0000000080200000| Complete |  0
|   3|0x0000000080300000, 0x0000000080400000, 0x0000000080400000|100%|HC|  |TAMS 0x0000000080300000| PB 0x0000000080300000| Complete |  0
|   4|0x0000000080400000, 0x0000000080500000, 0x0000000080500000|100%| O|  |TAMS 0x0000000080400000| PB 0x0000000080400000| Untracked |  0
|   5|0x0000000080500000, 0x0000000080600000, 0x0000000080600000|100%| O|  |TAMS 0x0000000080500000| PB 0x0000000080500000| Untracked |  0
|   6|0x0000000080600000, 0x0000000080700000, 0x0000000080700000|100%| O|  |TAMS 0x0000000080600000| PB 0x0000000080600000| Untracked |  0
|   7|0x0000000080700000, 0x0000000080800000, 0x0000000080800000|100%| O|  |TAMS 0x0000000080700000| PB 0x0000000080700000| Untracked |  0
|   8|0x0000000080800000, 0x0000000080900000, 0x0000000080900000|100%| O|  |TAMS 0x0000000080800000| PB 0x0000000080800000| Untracked |  0
|   9|0x0000000080900000, 0x0000000080a00000, 0x0000000080a00000|100%| O|  |TAMS 0x0000000080900000| PB 0x0000000080900000| Untracked |  0
|  10|0x0000000080a00000, 0x0000000080b00000, 0x0000000080b00000|100%| O|  |TAMS 0x0000000080a00000| PB 0x0000000080a00000| Untracked |  0
|  11|0x0000000080b00000, 0x0000000080c00000, 0x0000000080c00000|100%| O|  |TAMS 0x0000000080b00000| PB 0x0000000080b00000| Untracked |  0
|  12|0x0000000080c00000, 0x0000000080d00000, 0x0000000080d00000|100%|HS|  |TAMS 0x0000000080c00000| PB 0x0000000080c00000| Complete |  0
|  13|0x0000000080d00000, 0x0000000080e00000, 0x0000000080e00000|100%| O|  |TAMS 0x0000000080d00000| PB 0x0000000080d00000| Untracked |  0
|  14|0x0000000080e00000, 0x0000000080f00000, 0x0000000080f00000|100%| O|  |TAMS 0x0000000080e00000| PB 0x0000000080e00000| Untracked |  0
|  15|0x0000000080f00000, 0x0000000081000000, 0x0000000081000000|100%| O|  |TAMS 0x0000000080f00000| PB 0x0000000080f00000| Untracked |  0
|  16|0x0000000081000000, 0x0000000081100000, 0x0000000081100000|100%| O|  |TAMS 0x0000000081000000| PB 0x0000000081000000| Untracked |  0
|  17|0x0000000081100000, 0x0000000081200000, 0x0000000081200000|100%| O|  |TAMS 0x0000000081100000| PB 0x0000000081100000| Untracked |  0
|  18|0x0000000081200000, 0x0000000081300000, 0x0000000081300000|100%| O|  |TAMS 0x0000000081200000| PB 0x0000000081200000| Untracked |  0
|  19|0x0000000081300000, 0x0000000081400000, 0x0000000081400000|100%| O|  |TAMS 0x0000000081300000| PB 0x0000000081300000| Untracked |  0
|  20|0x0000000081400000, 0x0000000081500000, 0x0000000081500000|100%| O|  |TAMS 0x0000000081400000| PB 0x0000000081400000| Untracked |  0
|  21|0x0000000081500000, 0x0000000081600000, 0x0000000081600000|100%| O|  |TAMS 0x0000000081500000| PB 0x0000000081500000| Untracked |  0
|  22|0x0000000081600000, 0x0000000081700000, 0x0000000081700000|100%| O|  |TAMS 0x0000000081600000| PB 0x0000000081600000| Untracked |  0
|  23|0x0000000081700000, 0x0000000081800000, 0x0000000081800000|100%| O|  |TAMS 0x0000000081700000| PB 0x0000000081700000| Untracked |  0
|  24|0x0000000081800000, 0x0000000081900000, 0x0000000081900000|100%| O|  |TAMS 0x0000000081800000| PB 0x0000000081800000| Untracked |  0
|  25|0x0000000081900000, 0x0000000081a00000, 0x0000000081a00000|100%| O|  |TAMS 0x0000000081900000| PB 0x0000000081900000| Untracked |  0
|  26|0x0000000081a00000, 0x0000000081b00000, 0x0000000081b00000|100%| O|  |TAMS 0x0000000081a00000| PB 0x0000000081a00000| Untracked |  0
|  27|0x0000000081b00000, 0x0000000081c00000, 0x0000000081c00000|100%| O|  |TAMS 0x0000000081b00000| PB 0x0000000081b00000| Untracked |  0
|  28|0x0000000081c00000, 0x0000000081d00000, 0x0000000081d00000|100%| O|  |TAMS 0x0000000081c00000| PB 0x0000000081c00000| Untracked |  0
|  29|0x0000000081d00000, 0x0000000081e00000, 0x0000000081e00000|100%| O|  |TAMS 0x0000000081d00000| PB 0x0000000081d00000| Untracked |  0
|  30|0x0000000081e00000, 0x0000000081f00000, 0x0000000081f00000|100%| O|  |TAMS 0x0000000081e00000| PB 0x0000000081e00000| Untracked |  0
|  31|0x0000000081f00000, 0x0000000082000000, 0x0000000082000000|100%| O|  |TAMS 0x0000000081f00000| PB 0x0000000081f00000| Untracked |  0
|  32|0x0000000082000000, 0x0000000082100000, 0x0000000082100000|100%| O|  |TAMS 0x0000000082000000| PB 0x0000000082000000| Untracked |  0
|  33|0x0000000082100000, 0x0000000082200000, 0x0000000082200000|100%| O|  |TAMS 0x0000000082100000| PB 0x0000000082100000| Untracked |  0
|  34|0x0000000082200000, 0x0000000082300000, 0x0000000082300000|100%| O|  |TAMS 0x0000000082200000| PB 0x0000000082200000| Untracked |  0
|  35|0x0000000082300000, 0x0000000082300000, 0x0000000082400000|  0%| F|  |TAMS 0x0000000082300000| PB 0x0000000082300000| Untracked |  0
|  36|0x0000000082400000, 0x0000000082500000, 0x0000000082500000|100%| O|  |TAMS 0x0000000082400000| PB 0x0000000082400000| Untracked |  0
|  37|0x0000000082500000, 0x0000000082600000, 0x0000000082600000|100%| O|  |TAMS 0x0000000082500000| PB 0x0000000082500000| Untracked |  0
|  38|0x0000000082600000, 0x0000000082700000, 0x0000000082700000|100%| O|  |TAMS 0x0000000082600000| PB 0x0000000082600000| Untracked |  0
|  39|0x0000000082700000, 0x0000000082800000, 0x0000000082800000|100%| O|  |TAMS 0x0000000082700000| PB 0x0000000082700000| Untracked |  0
|  40|0x0000000082800000, 0x0000000082900000, 0x0000000082900000|100%| O|  |TAMS 0x0000000082800000| PB 0x0000000082800000| Untracked |  0
|  41|0x0000000082900000, 0x0000000082a00000, 0x0000000082a00000|100%| O|  |TAMS 0x0000000082900000| PB 0x0000000082900000| Untracked |  0
|  42|0x0000000082a00000, 0x0000000082b00000, 0x0000000082b00000|100%| O|  |TAMS 0x0000000082a00000| PB 0x0000000082a00000| Untracked |  0
|  43|0x0000000082b00000, 0x0000000082c00000, 0x0000000082c00000|100%| O|  |TAMS 0x0000000082b00000| PB 0x0000000082b00000| Untracked |  0
|  44|0x0000000082c00000, 0x0000000082d00000, 0x0000000082d00000|100%| O|  |TAMS 0x0000000082c00000| PB 0x0000000082c00000| Untracked |  0
|  45|0x0000000082d00000, 0x0000000082e00000, 0x0000000082e00000|100%| O|  |TAMS 0x0000000082d00000| PB 0x0000000082d00000| Untracked |  0
|  46|0x0000000082e00000, 0x0000000082f00000, 0x0000000082f00000|100%| O|  |TAMS 0x0000000082e00000| PB 0x0000000082e00000| Untracked |  0
|  47|0x0000000082f00000, 0x0000000083000000, 0x0000000083000000|100%| O|  |TAMS 0x0000000082f00000| PB 0x0000000082f00000| Untracked |  0
|  48|0x0000000083000000, 0x0000000083100000, 0x0000000083100000|100%|HS|  |TAMS 0x0000000083000000| PB 0x0000000083000000| Complete |  0
|  49|0x0000000083100000, 0x0000000083200000, 0x0000000083200000|100%|HC|  |TAMS 0x0000000083100000| PB 0x0000000083100000| Complete |  0
|  50|0x0000000083200000, 0x0000000083300000, 0x0000000083300000|100%|HC|  |TAMS 0x0000000083200000| PB 0x0000000083200000| Complete |  0
|  51|0x0000000083300000, 0x0000000083400000, 0x0000000083400000|100%| O|  |TAMS 0x0000000083300000| PB 0x0000000083300000| Untracked |  0
|  52|0x0000000083400000, 0x0000000083400000, 0x0000000083500000|  0%| F|  |TAMS 0x0000000083400000| PB 0x0000000083400000| Untracked |  0
|  53|0x0000000083500000, 0x0000000083600000, 0x0000000083600000|100%|HS|  |TAMS 0x0000000083500000| PB 0x0000000083500000| Complete |  0
|  54|0x0000000083600000, 0x0000000083700000, 0x0000000083700000|100%|HC|  |TAMS 0x0000000083600000| PB 0x0000000083600000| Complete |  0
|  55|0x0000000083700000, 0x0000000083800000, 0x0000000083800000|100%|HC|  |TAMS 0x0000000083700000| PB 0x0000000083700000| Complete |  0
|  56|0x0000000083800000, 0x0000000083900000, 0x0000000083900000|100%| O|  |TAMS 0x0000000083800000| PB 0x0000000083800000| Untracked |  0
|  57|0x0000000083900000, 0x0000000083a00000, 0x0000000083a00000|100%| O|  |TAMS 0x0000000083900000| PB 0x0000000083900000| Untracked |  0
|  58|0x0000000083a00000, 0x0000000083a65c40, 0x0000000083b00000| 39%| O|  |TAMS 0x0000000083a00000| PB 0x0000000083a00000| Untracked |  0
|  59|0x0000000083b00000, 0x0000000083b00000, 0x0000000083c00000|  0%| F|  |TAMS 0x0000000083b00000| PB 0x0000000083b00000| Untracked |  0
|  60|0x0000000083c00000, 0x0000000083c00000, 0x0000000083d00000|  0%| F|  |TAMS 0x0000000083c00000| PB 0x0000000083c00000| Untracked |  0
|  61|0x0000000083d00000, 0x0000000083d00000, 0x0000000083e00000|  0%| F|  |TAMS 0x0000000083d00000| PB 0x0000000083d00000| Untracked |  0
|  62|0x0000000083e00000, 0x0000000083f00000, 0x0000000083f00000|100%| S|CS|TAMS 0x0000000083e00000| PB 0x0000000083e00000| Complete |  0
|  63|0x0000000083f00000, 0x0000000084000000, 0x0000000084000000|100%| S|CS|TAMS 0x0000000083f00000| PB 0x0000000083f00000| Complete |  0
|  64|0x0000000084000000, 0x0000000084100000, 0x0000000084100000|100%| S|CS|TAMS 0x0000000084000000| PB 0x0000000084000000| Complete |  0
|  65|0x0000000084100000, 0x0000000084200000, 0x0000000084200000|100%| S|CS|TAMS 0x0000000084100000| PB 0x0000000084100000| Complete |  0
|  66|0x0000000084200000, 0x0000000084200000, 0x0000000084300000|  0%| F|  |TAMS 0x0000000084200000| PB 0x0000000084200000| Untracked |  0
|  67|0x0000000084300000, 0x0000000084300000, 0x0000000084400000|  0%| F|  |TAMS 0x0000000084300000| PB 0x0000000084300000| Untracked |  0
|  68|0x0000000084400000, 0x0000000084400000, 0x0000000084500000|  0%| F|  |TAMS 0x0000000084400000| PB 0x0000000084400000| Untracked |  0
|  69|0x0000000084500000, 0x0000000084500000, 0x0000000084600000|  0%| F|  |TAMS 0x0000000084500000| PB 0x0000000084500000| Untracked |  0
|  70|0x0000000084600000, 0x0000000084600000, 0x0000000084700000|  0%| F|  |TAMS 0x0000000084600000| PB 0x0000000084600000| Untracked |  0
|  71|0x0000000084700000, 0x0000000084700000, 0x0000000084800000|  0%| F|  |TAMS 0x0000000084700000| PB 0x0000000084700000| Untracked |  0
|  72|0x0000000084800000, 0x0000000084800000, 0x0000000084900000|  0%| F|  |TAMS 0x0000000084800000| PB 0x0000000084800000| Untracked |  0
|  73|0x0000000084900000, 0x0000000084900000, 0x0000000084a00000|  0%| F|  |TAMS 0x0000000084900000| PB 0x0000000084900000| Untracked |  0
|  74|0x0000000084a00000, 0x0000000084a00000, 0x0000000084b00000|  0%| F|  |TAMS 0x0000000084a00000| PB 0x0000000084a00000| Untracked |  0
|  75|0x0000000084b00000, 0x0000000084b00000, 0x0000000084c00000|  0%| F|  |TAMS 0x0000000084b00000| PB 0x0000000084b00000| Untracked |  0
|  76|0x0000000084c00000, 0x0000000084c00000, 0x0000000084d00000|  0%| F|  |TAMS 0x0000000084c00000| PB 0x0000000084c00000| Untracked |  0
|  77|0x0000000084d00000, 0x0000000084d00000, 0x0000000084e00000|  0%| F|  |TAMS 0x0000000084d00000| PB 0x0000000084d00000| Untracked |  0
|  78|0x0000000084e00000, 0x0000000084e00000, 0x0000000084f00000|  0%| F|  |TAMS 0x0000000084e00000| PB 0x0000000084e00000| Untracked |  0
|  79|0x0000000084f00000, 0x0000000084f00000, 0x0000000085000000|  0%| F|  |TAMS 0x0000000084f00000| PB 0x0000000084f00000| Untracked |  0
|  80|0x0000000085000000, 0x0000000085000000, 0x0000000085100000|  0%| F|  |TAMS 0x0000000085000000| PB 0x0000000085000000| Untracked |  0
|  81|0x0000000085100000, 0x0000000085100000, 0x0000000085200000|  0%| F|  |TAMS 0x0000000085100000| PB 0x0000000085100000| Untracked |  0
|  82|0x0000000085200000, 0x0000000085200000, 0x0000000085300000|  0%| F|  |TAMS 0x0000000085200000| PB 0x0000000085200000| Untracked |  0
|  83|0x0000000085300000, 0x0000000085300000, 0x0000000085400000|  0%| F|  |TAMS 0x0000000085300000| PB 0x0000000085300000| Untracked |  0
|  84|0x0000000085400000, 0x0000000085400000, 0x0000000085500000|  0%| F|  |TAMS 0x0000000085400000| PB 0x0000000085400000| Untracked |  0
|  85|0x0000000085500000, 0x0000000085500000, 0x0000000085600000|  0%| F|  |TAMS 0x0000000085500000| PB 0x0000000085500000| Untracked |  0
|  86|0x0000000085600000, 0x0000000085600000, 0x0000000085700000|  0%| F|  |TAMS 0x0000000085600000| PB 0x0000000085600000| Untracked |  0
|  87|0x0000000085700000, 0x0000000085700000, 0x0000000085800000|  0%| F|  |TAMS 0x0000000085700000| PB 0x0000000085700000| Untracked |  0
|  88|0x0000000085800000, 0x0000000085800000, 0x0000000085900000|  0%| F|  |TAMS 0x0000000085800000| PB 0x0000000085800000| Untracked |  0
|  89|0x0000000085900000, 0x0000000085900000, 0x0000000085a00000|  0%| F|  |TAMS 0x0000000085900000| PB 0x0000000085900000| Untracked |  0
|  90|0x0000000085a00000, 0x0000000085a00000, 0x0000000085b00000|  0%| F|  |TAMS 0x0000000085a00000| PB 0x0000000085a00000| Untracked |  0
|  91|0x0000000085b00000, 0x0000000085b00000, 0x0000000085c00000|  0%| F|  |TAMS 0x0000000085b00000| PB 0x0000000085b00000| Untracked |  0
|  92|0x0000000085c00000, 0x0000000085c00000, 0x0000000085d00000|  0%| F|  |TAMS 0x0000000085c00000| PB 0x0000000085c00000| Untracked |  0
|  93|0x0000000085d00000, 0x0000000085d00000, 0x0000000085e00000|  0%| F|  |TAMS 0x0000000085d00000| PB 0x0000000085d00000| Untracked |  0
|  94|0x0000000085e00000, 0x0000000085e00000, 0x0000000085f00000|  0%| F|  |TAMS 0x0000000085e00000| PB 0x0000000085e00000| Untracked |  0
|  95|0x0000000085f00000, 0x0000000085f00000, 0x0000000086000000|  0%| F|  |TAMS 0x0000000085f00000| PB 0x0000000085f00000| Untracked |  0
|  96|0x0000000086000000, 0x0000000086000000, 0x0000000086100000|  0%| F|  |TAMS 0x0000000086000000| PB 0x0000000086000000| Untracked |  0
|  97|0x0000000086100000, 0x0000000086100000, 0x0000000086200000|  0%| F|  |TAMS 0x0000000086100000| PB 0x0000000086100000| Untracked |  0
|  98|0x0000000086200000, 0x0000000086200000, 0x0000000086300000|  0%| F|  |TAMS 0x0000000086200000| PB 0x0000000086200000| Untracked |  0
|  99|0x0000000086300000, 0x0000000086300000, 0x0000000086400000|  0%| F|  |TAMS 0x0000000086300000| PB 0x0000000086300000| Untracked |  0
| 100|0x0000000086400000, 0x0000000086400000, 0x0000000086500000|  0%| F|  |TAMS 0x0000000086400000| PB 0x0000000086400000| Untracked |  0
| 101|0x0000000086500000, 0x0000000086500000, 0x0000000086600000|  0%| F|  |TAMS 0x0000000086500000| PB 0x0000000086500000| Untracked |  0
| 102|0x0000000086600000, 0x0000000086600000, 0x0000000086700000|  0%| F|  |TAMS 0x0000000086600000| PB 0x0000000086600000| Untracked |  0
| 103|0x0000000086700000, 0x0000000086700000, 0x0000000086800000|  0%| F|  |TAMS 0x0000000086700000| PB 0x0000000086700000| Untracked |  0
| 104|0x0000000086800000, 0x0000000086800000, 0x0000000086900000|  0%| F|  |TAMS 0x0000000086800000| PB 0x0000000086800000| Untracked |  0
| 105|0x0000000086900000, 0x0000000086900000, 0x0000000086a00000|  0%| F|  |TAMS 0x0000000086900000| PB 0x0000000086900000| Untracked |  0
| 106|0x0000000086a00000, 0x0000000086a00000, 0x0000000086b00000|  0%| F|  |TAMS 0x0000000086a00000| PB 0x0000000086a00000| Untracked |  0
| 107|0x0000000086b00000, 0x0000000086b00000, 0x0000000086c00000|  0%| F|  |TAMS 0x0000000086b00000| PB 0x0000000086b00000| Untracked |  0
| 108|0x0000000086c00000, 0x0000000086c00000, 0x0000000086d00000|  0%| F|  |TAMS 0x0000000086c00000| PB 0x0000000086c00000| Untracked |  0
| 109|0x0000000086d00000, 0x0000000086d80000, 0x0000000086e00000| 50%| E|  |TAMS 0x0000000086d00000| PB 0x0000000086d00000| Complete |  0
| 110|0x0000000086e00000, 0x0000000086f00000, 0x0000000086f00000|100%| E|CS|TAMS 0x0000000086e00000| PB 0x0000000086e00000| Complete |  0
| 111|0x0000000086f00000, 0x0000000087000000, 0x0000000087000000|100%| E|CS|TAMS 0x0000000086f00000| PB 0x0000000086f00000| Complete |  0
| 112|0x0000000087000000, 0x0000000087100000, 0x0000000087100000|100%| E|CS|TAMS 0x0000000087000000| PB 0x0000000087000000| Complete |  0
| 113|0x0000000087100000, 0x0000000087200000, 0x0000000087200000|100%| E|CS|TAMS 0x0000000087100000| PB 0x0000000087100000| Complete |  0
| 114|0x0000000087200000, 0x0000000087300000, 0x0000000087300000|100%| E|CS|TAMS 0x0000000087200000| PB 0x0000000087200000| Complete |  0
| 115|0x0000000087300000, 0x0000000087400000, 0x0000000087400000|100%| E|CS|TAMS 0x0000000087300000| PB 0x0000000087300000| Complete |  0
| 117|0x0000000087500000, 0x0000000087600000, 0x0000000087600000|100%| E|CS|TAMS 0x0000000087500000| PB 0x0000000087500000| Complete |  0
|2046|0x00000000ffe00000, 0x00000000fff00000, 0x00000000fff00000|100%| E|CS|TAMS 0x00000000ffe00000| PB 0x00000000ffe00000| Complete |  0
|2047|0x00000000fff00000, 0x0000000100000000, 0x0000000100000000|100%| O|  |TAMS 0x00000000fff00000| PB 0x00000000fff00000| Untracked |  0

Card table byte_map: [0x00000176b0c20000,0x00000176b1020000] _byte_map_base: 0x00000176b0820000

Marking Bits: (CMBitMap*) 0x0000017698ad83b0
 Bits: [0x00000176b1020000, 0x00000176b3020000)

Polling page: 0x0000017696870000

Metaspace:

Usage:
  Non-class:     60.08 MB used.
      Class:     10.47 MB used.
       Both:     70.55 MB used.

Virtual space:
  Non-class space:       64.00 MB reserved,      61.31 MB ( 96%) committed,  1 nodes.
      Class space:      416.00 MB reserved,      11.56 MB (  3%) committed,  1 nodes.
             Both:      480.00 MB reserved,      72.88 MB ( 15%) committed. 

Chunk freelists:
   Non-Class:  2.52 MB
       Class:  4.38 MB
        Both:  6.90 MB

MaxMetaspaceSize: 512.00 MB
CompressedClassSpaceSize: 416.00 MB
Initial GC threshold: 21.00 MB
Current GC threshold: 115.62 MB
CDS: on
 - commit_granule_bytes: 65536.
 - commit_granule_words: 8192.
 - virtual_space_node_default_size: 8388608.
 - enlarge_chunks_in_place: 1.
 - use_allocation_guard: 0.


Internal statistics:

num_allocs_failed_limit: 6.
num_arena_births: 4064.
num_arena_deaths: 0.
num_vsnodes_births: 2.
num_vsnodes_deaths: 0.
num_space_committed: 1166.
num_space_uncommitted: 0.
num_chunks_returned_to_freelist: 6.
num_chunks_taken_from_freelist: 7271.
num_chunk_merges: 6.
num_chunk_splits: 4795.
num_chunks_enlarged: 3041.
num_inconsistent_stats: 0.

CodeHeap 'non-profiled nmethods': size=120064Kb used=3609Kb max_used=3609Kb free=116454Kb
 bounds [0x00000176a8c80000, 0x00000176a9010000, 0x00000176b01c0000]
CodeHeap 'profiled nmethods': size=120000Kb used=11592Kb max_used=11592Kb free=108408Kb
 bounds [0x00000176a11c0000, 0x00000176a1d20000, 0x00000176a86f0000]
CodeHeap 'non-nmethods': size=5696Kb used=2089Kb max_used=2128Kb free=3606Kb
 bounds [0x00000176a86f0000, 0x00000176a8960000, 0x00000176a8c80000]
CodeCache: size=245760Kb, used=17290Kb, max_used=17329Kb, free=228468Kb
 total_blobs=9016, nmethods=8173, adapters=748, full_count=0
Compilation: enabled, stopped_count=0, restarted_count=0

Compilation events (20 events):
Event: 16.863 Thread 0x00000176d5019b10 nmethod 9500 0x00000176a9000d08 code [0x00000176a9000e20, 0x00000176a9000ef0]
Event: 16.863 Thread 0x00000176d5019b10 9503       3       java.util.concurrent.atomic.AtomicReference::<init> (5 bytes)
Event: 16.863 Thread 0x00000176d5019b10 nmethod 9503 0x00000176a1cf3888 code [0x00000176a1cf39a0, 0x00000176a1cf3b08]
Event: 16.863 Thread 0x00000176d5019b10 9505       3       org.gradle.internal.extensibility.DefaultExtraPropertiesExtension::get (30 bytes)
Event: 16.863 Thread 0x00000176d5019b10 nmethod 9505 0x00000176a1cf3b88 code [0x00000176a1cf3d00, 0x00000176a1cf4218]
Event: 16.863 Thread 0x00000176d5019b10 9506       3       org.gradle.internal.extensibility.DefaultExtraPropertiesExtension::find (46 bytes)
Event: 16.863 Thread 0x00000176d5019b10 nmethod 9506 0x00000176a1cf4288 code [0x00000176a1cf43e0, 0x00000176a1cf4850]
Event: 16.864 Thread 0x00000176d5019b10 9504       1       org.gradle.api.internal.provider.DefaultValueSourceProviderFactory::access$300 (5 bytes)
Event: 16.864 Thread 0x00000176d5019b10 nmethod 9504 0x00000176a9001008 code [0x00000176a9001120, 0x00000176a90011d0]
Event: 16.865 Thread 0x00000176d5019b10 9507       3       org.gradle.internal.service.ServiceRegistryBuilder::provider (13 bytes)
Event: 16.865 Thread 0x00000176d5019b10 nmethod 9507 0x00000176a1cf4888 code [0x00000176a1cf49a0, 0x00000176a1cf4b80]
Event: 16.865 Thread 0x00000176d5019b10 9508       3       org.gradle.api.internal.artifacts.configurations.DefaultConfigurationContainer::findByName (9 bytes)
Event: 16.865 Thread 0x00000176d5019b10 nmethod 9508 0x00000176a1cf4c08 code [0x00000176a1cf4d40, 0x00000176a1cf4f70]
Event: 16.865 Thread 0x00000176d5019b10 9509       3       org.gradle.api.internal.artifacts.configurations.DefaultConfigurationContainer::findByName (6 bytes)
Event: 16.865 Thread 0x00000176d5019b10 nmethod 9509 0x00000176a1cf4f88 code [0x00000176a1cf50c0, 0x00000176a1cf53d0]
Event: 16.865 Thread 0x00000176d5019b10 9512       3       java.lang.invoke.LambdaForm$DMH/0x00000176b771c000::newInvokeSpecial (30 bytes)
Event: 16.866 Thread 0x00000176d5019b10 nmethod 9512 0x00000176a1cf5408 code [0x00000176a1cf5580, 0x00000176a1cf5ce0]
Event: 16.866 Thread 0x00000176d5019b10 9511       3       org.gradle.internal.ImmutableActionSet$SetWithFewActions::<init> (10 bytes)
Event: 16.866 Thread 0x00000176d5019b10 nmethod 9511 0x00000176a1cf5d08 code [0x00000176a1cf5e20, 0x00000176a1cf6040]
Event: 16.866 Thread 0x00000176d5019b10 9514   !   3       java.util.concurrent.LinkedBlockingQueue::offer (131 bytes)

GC Heap History (20 events):
Event: 12.447 GC heap before
{Heap before GC invocations=17 (full 0):
 garbage-first heap   total reserved 2097152K, committed 81920K, used 71899K [0x0000000080000000, 0x0000000100000000)
  region size 1024K, 33 young (33792K), 5 survivors (5120K)
 Metaspace       used 56193K, committed 58368K, reserved 491520K
  class space    used 8472K, committed 9536K, reserved 425984K
}
Event: 12.451 GC heap after
{Heap after GC invocations=18 (full 0):
 garbage-first heap   total reserved 2097152K, committed 81920K, used 44586K [0x0000000080000000, 0x0000000100000000)
  region size 1024K, 5 young (5120K), 5 survivors (5120K)
 Metaspace       used 56193K, committed 58368K, reserved 491520K
  class space    used 8472K, committed 9536K, reserved 425984K
}
Event: 12.789 GC heap before
{Heap before GC invocations=18 (full 0):
 garbage-first heap   total reserved 2097152K, committed 81920K, used 71210K [0x0000000080000000, 0x0000000100000000)
  region size 1024K, 32 young (32768K), 5 survivors (5120K)
 Metaspace       used 56815K, committed 58944K, reserved 491520K
  class space    used 8504K, committed 9536K, reserved 425984K
}
Event: 12.794 GC heap after
{Heap after GC invocations=19 (full 0):
 garbage-first heap   total reserved 2097152K, committed 81920K, used 46504K [0x0000000080000000, 0x0000000100000000)
  region size 1024K, 4 young (4096K), 4 survivors (4096K)
 Metaspace       used 56815K, committed 58944K, reserved 491520K
  class space    used 8504K, committed 9536K, reserved 425984K
}
Event: 14.225 GC heap before
{Heap before GC invocations=20 (full 0):
 garbage-first heap   total reserved 2097152K, committed 81920K, used 78248K [0x0000000080000000, 0x0000000100000000)
  region size 1024K, 30 young (30720K), 4 survivors (4096K)
 Metaspace       used 58731K, committed 60864K, reserved 491520K
  class space    used 8774K, committed 9792K, reserved 425984K
}
Event: 14.229 GC heap after
{Heap after GC invocations=21 (full 0):
 garbage-first heap   total reserved 2097152K, committed 86016K, used 55246K [0x0000000080000000, 0x0000000100000000)
  region size 1024K, 4 young (4096K), 4 survivors (4096K)
 Metaspace       used 58731K, committed 60864K, reserved 491520K
  class space    used 8774K, committed 9792K, reserved 425984K
}
Event: 14.689 GC heap before
{Heap before GC invocations=21 (full 0):
 garbage-first heap   total reserved 2097152K, committed 86016K, used 76750K [0x0000000080000000, 0x0000000100000000)
  region size 1024K, 25 young (25600K), 4 survivors (4096K)
 Metaspace       used 61277K, committed 63424K, reserved 491520K
  class space    used 9096K, committed 10112K, reserved 425984K
}
Event: 14.697 GC heap after
{Heap after GC invocations=22 (full 0):
 garbage-first heap   total reserved 2097152K, committed 86016K, used 56501K [0x0000000080000000, 0x0000000100000000)
  region size 1024K, 2 young (2048K), 2 survivors (2048K)
 Metaspace       used 61277K, committed 63424K, reserved 491520K
  class space    used 9096K, committed 10112K, reserved 425984K
}
Event: 14.922 GC heap before
{Heap before GC invocations=22 (full 0):
 garbage-first heap   total reserved 2097152K, committed 86016K, used 78005K [0x0000000080000000, 0x0000000100000000)
  region size 1024K, 23 young (23552K), 2 survivors (2048K)
 Metaspace       used 62621K, committed 64768K, reserved 491520K
  class space    used 9279K, committed 10304K, reserved 425984K
}
Event: 14.925 GC heap after
{Heap after GC invocations=23 (full 0):
 garbage-first heap   total reserved 2097152K, committed 86016K, used 57667K [0x0000000080000000, 0x0000000100000000)
  region size 1024K, 3 young (3072K), 3 survivors (3072K)
 Metaspace       used 62621K, committed 64768K, reserved 491520K
  class space    used 9279K, committed 10304K, reserved 425984K
}
Event: 15.072 GC heap before
{Heap before GC invocations=24 (full 0):
 garbage-first heap   total reserved 2097152K, committed 97280K, used 76099K [0x0000000080000000, 0x0000000100000000)
  region size 1024K, 21 young (21504K), 3 survivors (3072K)
 Metaspace       used 63717K, committed 65856K, reserved 491520K
  class space    used 9417K, committed 10432K, reserved 425984K
}
Event: 15.075 GC heap after
{Heap after GC invocations=25 (full 0):
 garbage-first heap   total reserved 2097152K, committed 97280K, used 58083K [0x0000000080000000, 0x0000000100000000)
  region size 1024K, 2 young (2048K), 2 survivors (2048K)
 Metaspace       used 63717K, committed 65856K, reserved 491520K
  class space    used 9417K, committed 10432K, reserved 425984K
}
Event: 15.485 GC heap before
{Heap before GC invocations=25 (full 0):
 garbage-first heap   total reserved 2097152K, committed 97280K, used 88803K [0x0000000080000000, 0x0000000100000000)
  region size 1024K, 32 young (32768K), 2 survivors (2048K)
 Metaspace       used 67255K, committed 69568K, reserved 491520K
  class space    used 10012K, committed 11136K, reserved 425984K
}
Event: 15.490 GC heap after
{Heap after GC invocations=26 (full 0):
 garbage-first heap   total reserved 2097152K, committed 97280K, used 59123K [0x0000000080000000, 0x0000000100000000)
  region size 1024K, 4 young (4096K), 4 survivors (4096K)
 Metaspace       used 67255K, committed 69568K, reserved 491520K
  class space    used 10012K, committed 11136K, reserved 425984K
}
Event: 15.726 GC heap before
{Heap before GC invocations=26 (full 0):
 garbage-first heap   total reserved 2097152K, committed 97280K, used 85747K [0x0000000080000000, 0x0000000100000000)
  region size 1024K, 30 young (30720K), 4 survivors (4096K)
 Metaspace       used 68667K, committed 70976K, reserved 491520K
  class space    used 10217K, committed 11328K, reserved 425984K
}
Event: 15.730 GC heap after
{Heap after GC invocations=27 (full 0):
 garbage-first heap   total reserved 2097152K, committed 97280K, used 59939K [0x0000000080000000, 0x0000000100000000)
  region size 1024K, 3 young (3072K), 3 survivors (3072K)
 Metaspace       used 68667K, committed 70976K, reserved 491520K
  class space    used 10217K, committed 11328K, reserved 425984K
}
Event: 16.003 GC heap before
{Heap before GC invocations=28 (full 0):
 garbage-first heap   total reserved 2097152K, committed 101376K, used 87587K [0x0000000080000000, 0x0000000100000000)
  region size 1024K, 30 young (30720K), 3 survivors (3072K)
 Metaspace       used 70195K, committed 72512K, reserved 491520K
  class space    used 10459K, committed 11584K, reserved 425984K
}
Event: 16.007 GC heap after
{Heap after GC invocations=29 (full 0):
 garbage-first heap   total reserved 2097152K, committed 101376K, used 61256K [0x0000000080000000, 0x0000000100000000)
  region size 1024K, 3 young (3072K), 3 survivors (3072K)
 Metaspace       used 70195K, committed 72512K, reserved 491520K
  class space    used 10459K, committed 11584K, reserved 425984K
}
Event: 16.733 GC heap before
{Heap before GC invocations=29 (full 0):
 garbage-first heap   total reserved 2097152K, committed 101376K, used 90952K [0x0000000080000000, 0x0000000100000000)
  region size 1024K, 32 young (32768K), 3 survivors (3072K)
 Metaspace       used 71940K, committed 74304K, reserved 491520K
  class space    used 10702K, committed 11840K, reserved 425984K
}
Event: 16.737 GC heap after
{Heap after GC invocations=30 (full 0):
 garbage-first heap   total reserved 2097152K, committed 121856K, used 62871K [0x0000000080000000, 0x0000000100000000)
  region size 1024K, 4 young (4096K), 4 survivors (4096K)
 Metaspace       used 71940K, committed 74304K, reserved 491520K
  class space    used 10702K, committed 11840K, reserved 425984K
}

Dll operation events (15 events):
Event: 0.009 Loaded shared library C:\Program Files\Java\jdk-23\bin\java.dll
Event: 1.259 Loaded shared library C:\Program Files\Java\jdk-23\bin\jsvml.dll
Event: 1.300 Loaded shared library C:\Program Files\Java\jdk-23\bin\zip.dll
Event: 1.303 Loaded shared library C:\Program Files\Java\jdk-23\bin\instrument.dll
Event: 1.306 Loaded shared library C:\Program Files\Java\jdk-23\bin\net.dll
Event: 1.307 Loaded shared library C:\Program Files\Java\jdk-23\bin\nio.dll
Event: 1.310 Loaded shared library C:\Program Files\Java\jdk-23\bin\zip.dll
Event: 1.579 Loaded shared library C:\Program Files\Java\jdk-23\bin\jimage.dll
Event: 1.838 Loaded shared library C:\Program Files\Java\jdk-23\bin\verify.dll
Event: 1.865 Loaded shared library C:\Users\hp\.gradle\native\1def1411415f61bf3af743bc5b6707747c0891f09f0c88961ee8f79bc544acac\windows-amd64\native-platform.dll
Event: 1.879 Loaded shared library C:\Users\hp\.gradle\native\0.2.8\x86_64-windows-gnu\gradle-fileevents.dll
Event: 2.846 Loaded shared library C:\Program Files\Java\jdk-23\bin\management.dll
Event: 2.848 Loaded shared library C:\Program Files\Java\jdk-23\bin\management_ext.dll
Event: 2.979 Loaded shared library C:\Program Files\Java\jdk-23\bin\extnet.dll
Event: 3.157 Loaded shared library C:\Program Files\Java\jdk-23\bin\sunmscapi.dll

Deoptimization events (20 events):
Event: 16.627 Thread 0x00000176d6d9da00 Uncommon trap: trap_request=0xffffffc6 fr.pc=0x00000176a8da1454 relative=0x0000000000000194
Event: 16.627 Thread 0x00000176d6d9da00 Uncommon trap: reason=bimorphic_or_optimized_type_check action=maybe_recompile pc=0x00000176a8da1454 method=java.util.stream.StreamOpFlag.fromCharacteristics(Ljava/util/Spliterator;)I @ 14 c2
Event: 16.627 Thread 0x00000176d6d9da00 DEOPT PACKING pc=0x00000176a8da1454 sp=0x000000235adf4e60
Event: 16.627 Thread 0x00000176d6d9da00 DEOPT UNPACKING pc=0x00000176a8744402 sp=0x000000235adf4d48 mode 2
Event: 16.658 Thread 0x00000176d6d9da00 DEOPT PACKING pc=0x00000176a19c28de sp=0x000000235adf4ba0
Event: 16.658 Thread 0x00000176d6d9da00 DEOPT UNPACKING pc=0x00000176a8744b22 sp=0x000000235adf4160 mode 0
Event: 16.701 Thread 0x00000176d6d9da00 DEOPT PACKING pc=0x00000176a12310b9 sp=0x000000235adf50c0
Event: 16.701 Thread 0x00000176d6d9da00 DEOPT UNPACKING pc=0x00000176a8744b22 sp=0x000000235adf45b0 mode 0
Event: 16.772 Thread 0x00000176d6dd8ad0 Uncommon trap: trap_request=0xffffff45 fr.pc=0x00000176a8f73290 relative=0x0000000000000770
Event: 16.772 Thread 0x00000176d6dd8ad0 Uncommon trap: reason=unstable_if action=reinterpret pc=0x00000176a8f73290 method=com.esotericsoftware.kryo.io.Output.writeBytes([BII)V @ 61 c2
Event: 16.772 Thread 0x00000176d6dd8ad0 DEOPT PACKING pc=0x00000176a8f73290 sp=0x000000235b0fdfe0
Event: 16.772 Thread 0x00000176d6dd8ad0 DEOPT UNPACKING pc=0x00000176a8744402 sp=0x000000235b0fde78 mode 2
Event: 16.772 Thread 0x00000176d6dd8ad0 Uncommon trap: trap_request=0xffffff45 fr.pc=0x00000176a8ded7e4 relative=0x0000000000000064
Event: 16.772 Thread 0x00000176d6dd8ad0 Uncommon trap: reason=unstable_if action=reinterpret pc=0x00000176a8ded7e4 method=com.esotericsoftware.kryo.io.Output.require(I)Z @ 10 c2
Event: 16.772 Thread 0x00000176d6dd8ad0 DEOPT PACKING pc=0x00000176a8ded7e4 sp=0x000000235b0fde70
Event: 16.772 Thread 0x00000176d6dd8ad0 DEOPT UNPACKING pc=0x00000176a8744402 sp=0x000000235b0fde00 mode 2
Event: 16.792 Thread 0x00000176d6d9da00 Uncommon trap: trap_request=0xffffffd6 fr.pc=0x00000176a8feb63c relative=0x000000000000039c
Event: 16.792 Thread 0x00000176d6d9da00 Uncommon trap: reason=array_check action=maybe_recompile pc=0x00000176a8feb63c method=java.util.LinkedHashMap.keysToArray([Ljava/lang/Object;Z)[Ljava/lang/Object; @ 67 c2
Event: 16.792 Thread 0x00000176d6d9da00 DEOPT PACKING pc=0x00000176a8feb63c sp=0x000000235adf5240
Event: 16.792 Thread 0x00000176d6d9da00 DEOPT UNPACKING pc=0x00000176a8744402 sp=0x000000235adf51e0 mode 2

Classes loaded (20 events):
Event: 16.513 Loading class sun/reflect/annotation/TypeAnnotation$LocationInfo$Location
Event: 16.513 Loading class sun/reflect/annotation/TypeAnnotation$LocationInfo$Location done
Event: 16.513 Loading class sun/reflect/annotation/TypeAnnotation$TypeAnnotationTargetInfo
Event: 16.513 Loading class sun/reflect/annotation/TypeAnnotation$TypeAnnotationTargetInfo done
Event: 16.537 Loading class java/lang/StringIndexOutOfBoundsException
Event: 16.538 Loading class java/lang/StringIndexOutOfBoundsException done
Event: 16.548 Loading class java/util/function/BooleanSupplier
Event: 16.548 Loading class java/util/function/BooleanSupplier done
Event: 16.554 Loading class java/util/Spliterators$IntArraySpliterator
Event: 16.554 Loading class java/util/Spliterators$IntArraySpliterator done
Event: 16.557 Loading class java/text/ParsePosition
Event: 16.558 Loading class java/text/ParsePosition done
Event: 16.563 Loading class java/text/CharacterIterator
Event: 16.564 Loading class java/text/CharacterIterator done
Event: 16.607 Loading class java/util/TreeMap$EntrySpliterator
Event: 16.607 Loading class java/util/TreeMap$TreeMapSpliterator
Event: 16.607 Loading class java/util/TreeMap$TreeMapSpliterator done
Event: 16.607 Loading class java/util/TreeMap$EntrySpliterator done
Event: 16.608 Loading class jdk/internal/reflect/DirectMethodHandleAccessor$NativeAccessor
Event: 16.609 Loading class jdk/internal/reflect/DirectMethodHandleAccessor$NativeAccessor done

Classes unloaded (0 events):
No events

Classes redefined (0 events):
No events

Internal exceptions (20 events):
Event: 15.736 Thread 0x00000176d6d9da00 Exception <a 'java/lang/ClassNotFoundException'{0x00000000ffea0540}: org/jetbrains/kotlin/gradle/targets/js/npm/NpmDependencyExtensionKt$defaultNpmDependencyDelegate$1Customizer> (0x00000000ffea0540) 
thrown [s\open\src\hotspot\share\classfile\systemDictionary.cpp, line 313]
Event: 15.740 Thread 0x00000176d6d9da00 Exception <a 'java/lang/ClassNotFoundException'{0x00000000ffee81e0}: org/jetbrains/kotlin/gradle/targets/js/npm/DefaultDevNpmDependencyExtensionBeanInfo> (0x00000000ffee81e0) 
thrown [s\open\src\hotspot\share\classfile\systemDictionary.cpp, line 313]
Event: 15.740 Thread 0x00000176d6d9da00 Exception <a 'java/lang/ClassNotFoundException'{0x00000000ffefe4d8}: org/jetbrains/kotlin/gradle/targets/js/npm/DefaultDevNpmDependencyExtensionCustomizer> (0x00000000ffefe4d8) 
thrown [s\open\src\hotspot\share\classfile\systemDictionary.cpp, line 313]
Event: 15.745 Thread 0x00000176d6d9da00 Exception <a 'java/lang/ClassNotFoundException'{0x000000008754eff0}: org/jetbrains/kotlin/gradle/targets/js/npm/DefaultPeerNpmDependencyExtensionBeanInfo> (0x000000008754eff0) 
thrown [s\open\src\hotspot\share\classfile\systemDictionary.cpp, line 313]
Event: 15.745 Thread 0x00000176d6d9da00 Exception <a 'java/lang/ClassNotFoundException'{0x0000000087565308}: org/jetbrains/kotlin/gradle/targets/js/npm/DefaultPeerNpmDependencyExtensionCustomizer> (0x0000000087565308) 
thrown [s\open\src\hotspot\share\classfile\systemDictionary.cpp, line 313]
Event: 15.749 Thread 0x00000176d6d9da00 Exception <a 'java/lang/ClassNotFoundException'{0x00000000875b9100}: org/jetbrains/kotlin/gradle/targets/js/npm/DefaultPeerNpmDependencyExtension$delegate$1BeanInfo> (0x00000000875b9100) 
thrown [s\open\src\hotspot\share\classfile\systemDictionary.cpp, line 313]
Event: 15.750 Thread 0x00000176d6d9da00 Exception <a 'java/lang/ClassNotFoundException'{0x00000000875cf620}: org/jetbrains/kotlin/gradle/targets/js/npm/DefaultPeerNpmDependencyExtension$delegate$1Customizer> (0x00000000875cf620) 
thrown [s\open\src\hotspot\share\classfile\systemDictionary.cpp, line 313]
Event: 16.150 Thread 0x00000176d6d9da00 Implicit null exception at 0x00000176a8fc3c44 to 0x00000176a8fc3e04
Event: 16.547 Thread 0x00000176d6d9da00 Exception <a 'java/lang/IncompatibleClassChangeError'{0x0000000084e218a0}: Found class java.lang.Object, but interface was expected> (0x0000000084e218a0) 
thrown [s\open\src\hotspot\share\interpreter\linkResolver.cpp, line 863]
Event: 16.578 Thread 0x00000176d6d9da00 Exception <a 'java/lang/ClassNotFoundException'{0x0000000084ddf970}: org/gradle/api/internal/project/DefaultAntBuilderBeanInfo> (0x0000000084ddf970) 
thrown [s\open\src\hotspot\share\classfile\systemDictionary.cpp, line 313]
Event: 16.580 Thread 0x00000176d6d9da00 Exception <a 'java/lang/ClassNotFoundException'{0x0000000084c006d8}: org/gradle/api/internal/project/ant/BasicAntBuilderBeanInfo> (0x0000000084c006d8) 
thrown [s\open\src\hotspot\share\classfile\systemDictionary.cpp, line 313]
Event: 16.581 Thread 0x00000176d6d9da00 Exception <a 'java/lang/ClassNotFoundException'{0x0000000084c20d58}: org/gradle/api/AntBuilderBeanInfo> (0x0000000084c20d58) 
thrown [s\open\src\hotspot\share\classfile\systemDictionary.cpp, line 313]
Event: 16.582 Thread 0x00000176d6d9da00 Exception <a 'java/lang/ClassNotFoundException'{0x0000000084c430d8}: groovy/ant/AntBuilderBeanInfo> (0x0000000084c430d8) 
thrown [s\open\src\hotspot\share\classfile\systemDictionary.cpp, line 313]
Event: 16.583 Thread 0x00000176d6d9da00 Exception <a 'java/lang/ClassNotFoundException'{0x0000000084c64a38}: groovy/util/BuilderSupportBeanInfo> (0x0000000084c64a38) 
thrown [s\open\src\hotspot\share\classfile\systemDictionary.cpp, line 313]
Event: 16.585 Thread 0x00000176d6d9da00 Exception <a 'java/lang/ClassNotFoundException'{0x0000000084c85c40}: groovy/util/BuilderSupportCustomizer> (0x0000000084c85c40) 
thrown [s\open\src\hotspot\share\classfile\systemDictionary.cpp, line 313]
Event: 16.587 Thread 0x00000176d6d9da00 Exception <a 'java/lang/ClassNotFoundException'{0x0000000084ca8b00}: groovy/ant/AntBuilderCustomizer> (0x0000000084ca8b00) 
thrown [s\open\src\hotspot\share\classfile\systemDictionary.cpp, line 313]
Event: 16.589 Thread 0x00000176d6d9da00 Exception <a 'java/lang/ClassNotFoundException'{0x0000000084ccd9d0}: org/gradle/api/AntBuilderCustomizer> (0x0000000084ccd9d0) 
thrown [s\open\src\hotspot\share\classfile\systemDictionary.cpp, line 313]
Event: 16.591 Thread 0x00000176d6d9da00 Exception <a 'java/lang/ClassNotFoundException'{0x0000000084cf8f40}: org/gradle/api/internal/project/ant/BasicAntBuilderCustomizer> (0x0000000084cf8f40) 
thrown [s\open\src\hotspot\share\classfile\systemDictionary.cpp, line 313]
Event: 16.597 Thread 0x00000176d6d9da00 Exception <a 'java/lang/ClassNotFoundException'{0x0000000084b2d2f0}: org/gradle/api/internal/project/DefaultAntBuilderCustomizer> (0x0000000084b2d2f0) 
thrown [s\open\src\hotspot\share\classfile\systemDictionary.cpp, line 313]
Event: 16.613 Thread 0x00000176d6d9da00 Exception <a 'java/lang/IncompatibleClassChangeError'{0x0000000084bf2678}: Found class java.lang.Object, but interface was expected> (0x0000000084bf2678) 
thrown [s\open\src\hotspot\share\interpreter\linkResolver.cpp, line 863]

VM Operations (20 events):
Event: 15.072 Executing VM operation: G1CollectForAllocation (G1 Evacuation Pause)
Event: 15.075 Executing VM operation: G1CollectForAllocation (G1 Evacuation Pause) done
Event: 15.161 Executing VM operation: HandshakeAllThreads (Deoptimize)
Event: 15.161 Executing VM operation: HandshakeAllThreads (Deoptimize) done
Event: 15.199 Executing VM operation: HandshakeAllThreads (Deoptimize)
Event: 15.199 Executing VM operation: HandshakeAllThreads (Deoptimize) done
Event: 15.300 Executing VM operation: HandshakeAllThreads (Deoptimize)
Event: 15.300 Executing VM operation: HandshakeAllThreads (Deoptimize) done
Event: 15.485 Executing VM operation: G1CollectForAllocation (G1 Evacuation Pause)
Event: 15.490 Executing VM operation: G1CollectForAllocation (G1 Evacuation Pause) done
Event: 15.726 Executing VM operation: G1CollectForAllocation (G1 Evacuation Pause)
Event: 15.730 Executing VM operation: G1CollectForAllocation (G1 Evacuation Pause) done
Event: 15.758 Executing VM operation: G1PauseRemark
Event: 15.761 Executing VM operation: G1PauseRemark done
Event: 15.769 Executing VM operation: G1PauseCleanup
Event: 15.770 Executing VM operation: G1PauseCleanup done
Event: 16.003 Executing VM operation: G1CollectForAllocation (G1 Evacuation Pause)
Event: 16.007 Executing VM operation: G1CollectForAllocation (G1 Evacuation Pause) done
Event: 16.733 Executing VM operation: G1CollectForAllocation (G1 Evacuation Pause)
Event: 16.737 Executing VM operation: G1CollectForAllocation (G1 Evacuation Pause) done

Memory protections (0 events):
No events

Nmethod flushes (20 events):
Event: 15.760 Thread 0x00000176b5c93320 flushing  nmethod 0x00000176a1870f88
Event: 15.760 Thread 0x00000176b5c93320 flushing  nmethod 0x00000176a19a2508
Event: 15.760 Thread 0x00000176b5c93320 flushing  nmethod 0x00000176a1aee488
Event: 15.760 Thread 0x00000176b5c93320 flushing  nmethod 0x00000176a124ff88
Event: 15.760 Thread 0x00000176b5c93320 flushing  nmethod 0x00000176a12b0288
Event: 15.760 Thread 0x00000176b5c93320 flushing  nmethod 0x00000176a12b0808
Event: 15.760 Thread 0x00000176b5c93320 flushing  nmethod 0x00000176a12b3588
Event: 15.760 Thread 0x00000176b5c93320 flushing  nmethod 0x00000176a12b5488
Event: 15.760 Thread 0x00000176b5c93320 flushing  nmethod 0x00000176a12f2608
Event: 15.760 Thread 0x00000176b5c93320 flushing  nmethod 0x00000176a1404a08
Event: 15.760 Thread 0x00000176b5c93320 flushing  nmethod 0x00000176a1405088
Event: 15.760 Thread 0x00000176b5c93320 flushing  nmethod 0x00000176a1407c88
Event: 15.760 Thread 0x00000176b5c93320 flushing  nmethod 0x00000176a1560988
Event: 15.760 Thread 0x00000176b5c93320 flushing  nmethod 0x00000176a1601a88
Event: 15.760 Thread 0x00000176b5c93320 flushing  nmethod 0x00000176a1663c08
Event: 15.760 Thread 0x00000176b5c93320 flushing  nmethod 0x00000176a1768108
Event: 15.760 Thread 0x00000176b5c93320 flushing  nmethod 0x00000176a18c0288
Event: 15.760 Thread 0x00000176b5c93320 flushing  nmethod 0x00000176a1ac9008
Event: 15.760 Thread 0x00000176b5c93320 flushing  nmethod 0x00000176a1acd688
Event: 15.760 Thread 0x00000176b5c93320 flushing  nmethod 0x00000176a1b6f908

Events (20 events):
Event: 12.607 Thread 0x00000176d6d9da00 Thread added: 0x00000176da98aef0
Event: 12.609 Thread 0x00000176d6d9da00 Thread added: 0x00000176da989b40
Event: 12.611 Thread 0x00000176d6d9da00 Thread added: 0x00000176da988e20
Event: 12.646 Thread 0x00000176d6d9da00 Thread added: 0x00000176da98a1d0
Event: 12.647 Thread 0x00000176d6d9da00 Thread added: 0x00000176da98a860
Event: 12.647 Thread 0x00000176d6d9da00 Thread added: 0x00000176da987a70
Event: 12.648 Thread 0x00000176d6d9da00 Thread added: 0x00000176da98cfc0
Event: 12.650 Thread 0x00000176d6d9da00 Thread added: 0x00000176da98d650
Event: 12.651 Thread 0x00000176d6d9da00 Thread added: 0x00000176da98bc10
Event: 12.652 Thread 0x00000176d6d9da00 Thread added: 0x00000176da98b580
Event: 12.652 Thread 0x00000176d6d9da00 Thread added: 0x00000176da98c2a0
Event: 12.653 Thread 0x00000176d6d9da00 Thread added: 0x00000176da98dce0
Event: 12.654 Thread 0x00000176d6d9da00 Thread added: 0x00000176da98e370
Event: 12.654 Thread 0x00000176d6d9da00 Thread added: 0x00000176da98ea00
Event: 14.344 Thread 0x00000176d5019b10 Thread added: 0x00000176d5017900
Event: 14.673 Thread 0x00000176d6d9da00 Thread added: 0x00000176d7fa4ac0
Event: 15.016 Thread 0x00000176d5017900 Thread exited: 0x00000176d5017900
Event: 15.017 Thread 0x00000176d79932d0 Thread exited: 0x00000176d79932d0
Event: 15.126 Thread 0x00000176d5019b10 Thread added: 0x00000176dbe70380
Event: 15.238 Thread 0x00000176d6d9da00 Thread added: 0x00000176d7fa8c60


Dynamic libraries:
0x00007ff7c6080000 - 0x00007ff7c6090000 	C:\Program Files\Java\jdk-23\bin\java.exe
0x00007ffb5f120000 - 0x00007ffb5f388000 	C:\WINDOWS\SYSTEM32\ntdll.dll
0x00007ffb5d470000 - 0x00007ffb5d539000 	C:\WINDOWS\System32\KERNEL32.DLL
0x00007ffb5c3a0000 - 0x00007ffb5c78d000 	C:\WINDOWS\System32\KERNELBASE.dll
0x00007ffb5c790000 - 0x00007ffb5c8db000 	C:\WINDOWS\System32\ucrtbase.dll
0x00007ffa95c20000 - 0x00007ffa95c3b000 	C:\Program Files\Java\jdk-23\bin\VCRUNTIME140.dll
0x00007ffa95c00000 - 0x00007ffa95c17000 	C:\Program Files\Java\jdk-23\bin\jli.dll
0x00007ffb5d740000 - 0x00007ffb5d90c000 	C:\WINDOWS\System32\USER32.dll
0x00007ffb41830000 - 0x00007ffb41aca000 	C:\WINDOWS\WinSxS\amd64_microsoft.windows.common-controls_6595b64144ccf1df_6.0.26100.4484_none_3e0e6d4ce32ef3b3\COMCTL32.dll
0x00007ffb5cd20000 - 0x00007ffb5cd47000 	C:\WINDOWS\System32\win32u.dll
0x00007ffb5e3f0000 - 0x00007ffb5e499000 	C:\WINDOWS\System32\msvcrt.dll
0x00007ffb5e780000 - 0x00007ffb5e7ab000 	C:\WINDOWS\System32\GDI32.dll
0x00007ffb5c8e0000 - 0x00007ffb5ca17000 	C:\WINDOWS\System32\gdi32full.dll
0x00007ffb5cd50000 - 0x00007ffb5cdf3000 	C:\WINDOWS\System32\msvcp_win.dll
0x00007ffb5e3b0000 - 0x00007ffb5e3df000 	C:\WINDOWS\System32\IMM32.DLL
0x00007ffa97260000 - 0x00007ffa9726c000 	C:\Program Files\Java\jdk-23\bin\vcruntime140_1.dll
0x00007ffa91f20000 - 0x00007ffa91fae000 	C:\Program Files\Java\jdk-23\bin\msvcp140.dll
0x00007ffa80e40000 - 0x00007ffa81b90000 	C:\Program Files\Java\jdk-23\bin\server\jvm.dll
0x00007ffb5d910000 - 0x00007ffb5d9c4000 	C:\WINDOWS\System32\ADVAPI32.dll
0x00007ffb5cf40000 - 0x00007ffb5cfe6000 	C:\WINDOWS\System32\sechost.dll
0x00007ffb5e290000 - 0x00007ffb5e3a8000 	C:\WINDOWS\System32\RPCRT4.dll
0x00007ffb5d540000 - 0x00007ffb5d5b4000 	C:\WINDOWS\System32\WS2_32.dll
0x00007ffb5c0c0000 - 0x00007ffb5c11e000 	C:\WINDOWS\SYSTEM32\POWRPROF.dll
0x00007ffb55e50000 - 0x00007ffb55e5b000 	C:\WINDOWS\SYSTEM32\VERSION.dll
0x00007ffb55e10000 - 0x00007ffb55e45000 	C:\WINDOWS\SYSTEM32\WINMM.dll
0x00007ffb5c0a0000 - 0x00007ffb5c0b4000 	C:\WINDOWS\SYSTEM32\UMPDC.dll
0x00007ffb5af80000 - 0x00007ffb5af9b000 	C:\WINDOWS\SYSTEM32\kernel.appcore.dll
0x00007ffa97210000 - 0x00007ffa9721a000 	C:\Program Files\Java\jdk-23\bin\jimage.dll
0x00007ffb4fd30000 - 0x00007ffb4ff71000 	C:\WINDOWS\SYSTEM32\DBGHELP.DLL
0x00007ffb5e820000 - 0x00007ffb5eba6000 	C:\WINDOWS\System32\combase.dll
0x00007ffb5e680000 - 0x00007ffb5e760000 	C:\WINDOWS\System32\OLEAUT32.dll
0x00007ffb40d90000 - 0x00007ffb40dd3000 	C:\WINDOWS\SYSTEM32\dbgcore.DLL
0x00007ffb5c270000 - 0x00007ffb5c309000 	C:\WINDOWS\System32\bcryptPrimitives.dll
0x00007ffaefa60000 - 0x00007ffaefa6f000 	C:\Program Files\Java\jdk-23\bin\instrument.dll
0x00007ffa95be0000 - 0x00007ffa95bfe000 	C:\Program Files\Java\jdk-23\bin\java.dll
0x00007ffb5d290000 - 0x00007ffb5d42e000 	C:\WINDOWS\System32\ole32.dll
0x00007ffb5d9d0000 - 0x00007ffb5e11a000 	C:\WINDOWS\System32\SHELL32.dll
0x00007ffb5cba0000 - 0x00007ffb5cd14000 	C:\WINDOWS\System32\wintypes.dll
0x00007ffb59e90000 - 0x00007ffb5a6eb000 	C:\WINDOWS\SYSTEM32\windows.storage.dll
0x00007ffb5d5c0000 - 0x00007ffb5d6b5000 	C:\WINDOWS\System32\SHCORE.dll
0x00007ffb5e7b0000 - 0x00007ffb5e81a000 	C:\WINDOWS\System32\shlwapi.dll
0x00007ffb5c180000 - 0x00007ffb5c1af000 	C:\WINDOWS\SYSTEM32\profapi.dll
0x00007ffa820a0000 - 0x00007ffa82177000 	C:\Program Files\Java\jdk-23\bin\jsvml.dll
0x00007ffa95b30000 - 0x00007ffa95b47000 	C:\Program Files\Java\jdk-23\bin\zip.dll
0x00007ffa95bd0000 - 0x00007ffa95be0000 	C:\Program Files\Java\jdk-23\bin\net.dll
0x00007ffb5b5a0000 - 0x00007ffb5b60a000 	C:\WINDOWS\system32\mswsock.dll
0x00007ffa95bb0000 - 0x00007ffa95bc6000 	C:\Program Files\Java\jdk-23\bin\nio.dll
0x00007ffaefa70000 - 0x00007ffaefa80000 	C:\Program Files\Java\jdk-23\bin\verify.dll
0x00007ffaef940000 - 0x00007ffaef967000 	C:\Users\hp\.gradle\native\1def1411415f61bf3af743bc5b6707747c0891f09f0c88961ee8f79bc544acac\windows-amd64\native-platform.dll
0x00007ffb521e0000 - 0x00007ffb52257000 	C:\Users\hp\.gradle\native\0.2.8\x86_64-windows-gnu\gradle-fileevents.dll
0x00007ffaefc60000 - 0x00007ffaefc6a000 	C:\Program Files\Java\jdk-23\bin\management.dll
0x00007ffaefa80000 - 0x00007ffaefa8b000 	C:\Program Files\Java\jdk-23\bin\management_ext.dll
0x00007ffb5d0b0000 - 0x00007ffb5d0b8000 	C:\WINDOWS\System32\PSAPI.DLL
0x00007ffb5aac0000 - 0x00007ffb5aaf3000 	C:\WINDOWS\SYSTEM32\IPHLPAPI.DLL
0x00007ffb5f0d0000 - 0x00007ffb5f0da000 	C:\WINDOWS\System32\NSI.dll
0x00007ffa93e60000 - 0x00007ffa93e69000 	C:\Program Files\Java\jdk-23\bin\extnet.dll
0x00007ffb5b850000 - 0x00007ffb5b86b000 	C:\WINDOWS\SYSTEM32\CRYPTSP.dll
0x00007ffb5afa0000 - 0x00007ffb5afda000 	C:\WINDOWS\system32\rsaenh.dll
0x00007ffb5b640000 - 0x00007ffb5b66b000 	C:\WINDOWS\SYSTEM32\USERENV.dll
0x00007ffb5c150000 - 0x00007ffb5c176000 	C:\WINDOWS\SYSTEM32\bcrypt.dll
0x00007ffb5b870000 - 0x00007ffb5b87c000 	C:\WINDOWS\SYSTEM32\CRYPTBASE.dll
0x00007ffa93e70000 - 0x00007ffa93e7e000 	C:\Program Files\Java\jdk-23\bin\sunmscapi.dll
0x00007ffb5ca20000 - 0x00007ffb5cb97000 	C:\WINDOWS\System32\CRYPT32.dll
0x00007ffb5ba70000 - 0x00007ffb5baa0000 	C:\WINDOWS\SYSTEM32\ncrypt.dll
0x00007ffb5ba20000 - 0x00007ffb5ba5f000 	C:\WINDOWS\SYSTEM32\NTASN1.dll
0x00007ffadc600000 - 0x00007ffadc608000 	C:\WINDOWS\system32\wshunix.dll

dbghelp: loaded successfully - version: 4.0.5 - missing functions: none
symbol engine: initialized successfully - sym options: 0x614 - pdb path: .;C:\Program Files\Java\jdk-23\bin;C:\WINDOWS\SYSTEM32;C:\WINDOWS\WinSxS\amd64_microsoft.windows.common-controls_6595b64144ccf1df_6.0.26100.4484_none_3e0e6d4ce32ef3b3;C:\Program Files\Java\jdk-23\bin\server;C:\Users\hp\.gradle\native\1def1411415f61bf3af743bc5b6707747c0891f09f0c88961ee8f79bc544acac\windows-amd64;C:\Users\hp\.gradle\native\0.2.8\x86_64-windows-gnu

VM Arguments:
jvm_args: --add-opens=java.base/java.lang=ALL-UNNAMED --add-opens=java.base/java.lang.invoke=ALL-UNNAMED --add-opens=java.base/java.util=ALL-UNNAMED --add-opens=java.prefs/java.util.prefs=ALL-UNNAMED --add-exports=jdk.compiler/com.sun.tools.javac.api=ALL-UNNAMED --add-exports=jdk.compiler/com.sun.tools.javac.util=ALL-UNNAMED --add-opens=java.base/java.util=ALL-UNNAMED --add-opens=java.prefs/java.util.prefs=ALL-UNNAMED --add-opens=java.base/java.nio.charset=ALL-UNNAMED --add-opens=java.base/java.net=ALL-UNNAMED --add-opens=java.base/java.util.concurrent=ALL-UNNAMED --add-opens=java.base/java.util.concurrent.atomic=ALL-UNNAMED --add-opens=java.xml/javax.xml.namespace=ALL-UNNAMED -XX:MaxMetaspaceSize=512m -Xmx2048m -Dfile.encoding=UTF-8 -Duser.country=IN -Duser.language=en -Duser.variant -javaagent:C:\Users\hp\.gradle\wrapper\dists\gradle-9.0.0-bin\d6wjpkvcgsg3oed0qlfss3wgl\gradle-9.0.0\lib\agents\gradle-instrumentation-agent-9.0.0.jar 
java_command: org.gradle.launcher.daemon.bootstrap.GradleDaemon 9.0.0
java_class_path (initial): C:\Users\hp\.gradle\wrapper\dists\gradle-9.0.0-bin\d6wjpkvcgsg3oed0qlfss3wgl\gradle-9.0.0\lib\gradle-daemon-main-9.0.0.jar
Launcher Type: SUN_STANDARD

[Global flags]
     intx CICompilerCount                          = 4                                         {product} {ergonomic}
   size_t CompressedClassSpaceSize                 = 436207616                                 {product} {ergonomic}
     uint ConcGCThreads                            = 3                                         {product} {ergonomic}
     uint G1ConcRefinementThreads                  = 10                                        {product} {ergonomic}
   size_t G1HeapRegionSize                         = 1048576                                   {product} {ergonomic}
   size_t InitialHeapSize                          = 123731968                                 {product} {ergonomic}
   size_t MarkStackSize                            = 4194304                                   {product} {ergonomic}
   size_t MarkStackSizeMax                         = 536870912                                 {product} {ergonomic}
   size_t MaxHeapSize                              = 2147483648                                {product} {command line}
   size_t MaxMetaspaceSize                         = 536870912                                 {product} {command line}
   size_t MaxNewSize                               = 1287651328                                {product} {ergonomic}
   size_t MinHeapDeltaBytes                        = 1048576                                   {product} {ergonomic}
   size_t MinHeapSize                              = 8388608                                   {product} {ergonomic}
    uintx NonNMethodCodeHeapSize                   = 5832704                                {pd product} {ergonomic}
    uintx NonProfiledCodeHeapSize                  = 122945536                              {pd product} {ergonomic}
    uintx ProfiledCodeHeapSize                     = 122880000                              {pd product} {ergonomic}
    uintx ReservedCodeCacheSize                    = 251658240                              {pd product} {ergonomic}
     bool SegmentedCodeCache                       = true                                      {product} {ergonomic}
   size_t SoftMaxHeapSize                          = 2147483648                             {manageable} {ergonomic}
     bool UseCompressedOops                        = true                           {product lp64_product} {ergonomic}
     bool UseG1GC                                  = true                                      {product} {ergonomic}
     bool UseLargePagesIndividualAllocation        = false                                  {pd product} {ergonomic}

Logging:
Log output configuration:
 #0: stdout all=warning uptime,level,tags foldmultilines=false
 #1: stderr all=off uptime,level,tags foldmultilines=false

Environment Variables:
PATH=C:\Python314\Scripts\;C:\Python314\;C:\Program Files\Common Files\Oracle\Java\javapath;C:\WINDOWS\system32;C:\WINDOWS;C:\WINDOWS\System32\Wbem;C:\WINDOWS\System32\WindowsPowerShell\v1.0\;C:\WINDOWS\System32\OpenSSH\;C:\Program Files\Git\cmd;C:\Program Files\nodejs\;C:\ProgramData\chocolatey\bin;C:\Python314\Scripts\;C:\Python314\;C:\Program Files\Common Files\Oracle\Java\javapath;C:\WINDOWS\system32;C:\WINDOWS;C:\WINDOWS\System32\Wbem;C:\WINDOWS\System32\WindowsPowerShell\v1.0\;C:\WINDOWS\System32\OpenSSH\;C:\Program Files\Git\cmd;C:\Program Files\nodejs\;C:\ProgramData\chocolatey\bin;C:\Program Files\nodejs"
USERNAME=hp
OS=Windows_NT
PROCESSOR_IDENTIFIER=AMD64 Family 25 Model 80 Stepping 0, AuthenticAMD
TMP=C:\Users\hp\AppData\Local\Temp
TEMP=C:\Users\hp\AppData\Local\Temp




Periodic native trim disabled

---------------  S Y S T E M  ---------------

OS:
 Windows 11 , 64 bit Build 26100 (10.0.26100.4484)
OS uptime: 0 days 1:41 hours
Hyper-V role detected

CPU: total 12 (initial active 12) (12 cores per cpu, 2 threads per core) family 25 model 80 stepping 0 microcode 0xa50000f, cx8, cmov, fxsr, ht, mmx, 3dnowpref, sse, sse2, sse3, ssse3, sse4a, sse4.1, sse4.2, popcnt, lzcnt, tsc, tscinvbit, avx, avx2, aes, erms, clmul, bmi1, bmi2, adx, sha, fma, vzeroupper, clflush, clflushopt, hv, rdtscp, rdpid, fsrm, f16c, cet_ss
Processor Information for the first 12 processors :
  Max Mhz: 3301, Current Mhz: 3301, Mhz Limit: 3301

Memory: 4k page, system-wide physical 7518M (487M free)
TotalPageFile size 26268M (AvailPageFile size 4M)
current process WorkingSet (physical memory assigned to process): 338M, peak: 338M
current process commit charge ("private bytes"): 396M, peak: 397M

vm_info: Java HotSpot(TM) 64-Bit Server VM (23.0.2+7-58) for windows-amd64 JRE (23.0.2+7-58), built on 2024-11-29T09:34:55Z with MS VC++ 17.6 (VS2022)

END.
