#
# There is insufficient memory for the Java Runtime Environment to continue.
# Native memory allocation (malloc) failed to allocate 1147696 bytes for Chunk::new
# Possible reasons:
#   The system is out of physical RAM or swap space
#   The process is running with CompressedOops enabled, and the Java Heap may be blocking the growth of the native heap
# Possible solutions:
#   Reduce memory load on the system
#   Increase physical memory or swap space
#   Check if swap backing store is full
#   Decrease Java heap size (-Xmx/-Xms)
#   Decrease number of Java threads
#   Decrease Java thread stack sizes (-Xss)
#   Set larger code cache with -XX:ReservedCodeCacheSize=
#   JVM is running with Unscaled Compressed Oops mode in which the Java heap is
#     placed in the first 4GB address space. The Java Heap base address is the
#     maximum limit for the native heap growth. Please use -XX:HeapBaseMinAddress
#     to set the Java Heap base and to place the Java Heap above 4GB virtual address.
# This output file may be truncated or incomplete.
#
#  Out of Memory Error (arena.cpp:189), pid=9604, tid=10936
#
# JRE version: OpenJDK Runtime Environment Temurin-17.0.4.1+1 (17.0.4.1+1) (build 17.0.4.1+1)
# Java VM: OpenJDK 64-Bit Server VM Temurin-17.0.4.1+1 (17.0.4.1+1, mixed mode, tiered, compressed oops, compressed class ptrs, parallel gc, windows-amd64)
# No core dump will be written. Minidumps are not enabled by default on client versions of Windows
#

---------------  S U M M A R Y ------------

Command Line: --add-modules=ALL-SYSTEM --add-opens=java.base/java.util=ALL-UNNAMED --add-opens=java.base/java.lang=ALL-UNNAMED --add-opens=java.base/sun.nio.fs=ALL-UNNAMED -Declipse.application=org.eclipse.jdt.ls.core.id1 -Dosgi.bundles.defaultStartLevel=4 -Declipse.product=org.eclipse.jdt.ls.core.product -Djava.import.generatesMetadataFilesAtProjectRoot=false -Dfile.encoding=utf8 -XX:+UseParallelGC -XX:GCTimeRatio=4 -XX:AdaptiveSizePolicyWeight=90 -Dsun.zip.disableMemoryMapping=true -Xmx1G -Xms100m -Xlog:disable -javaagent:c:\Users\hp\.antigravity\extensions\redhat.java-1.12.0-win32-x64\lombok\lombok-1.18.24.jar -XX:+HeapDumpOnOutOfMemoryError -XX:HeapDumpPath=c:\Users\hp\AppData\Roaming\Antigravity\User\workspaceStorage\7195a51a71e43211180b6f3698a61ed8\redhat.java c:\Users\hp\.antigravity\extensions\redhat.java-1.12.0-win32-x64\server\plugins\org.eclipse.equinox.launcher_1.6.400.v20210924-0641.jar -configuration c:\Users\hp\AppData\Roaming\Antigravity\User\globalStorage\redhat.java\1.12.0\config_win -data c:\Users\hp\AppData\Roaming\Antigravity\User\workspaceStorage\7195a51a71e43211180b6f3698a61ed8\redhat.java\jdt_ws

Host: AMD Ryzen 5 5600H with Radeon Graphics         , 12 cores, 7G,  Windows 11 , 64 bit Build 26100 (10.0.26100.4484)
Time: Thu Mar 19 19:00:21 2026 India Standard Time elapsed time: 10.709027 seconds (0d 0h 0m 10s)

---------------  T H R E A D  ---------------

Current thread (0x000001ebb5039980):  JavaThread "C2 CompilerThread1" daemon [_thread_in_native, id=10936, stack(0x000000a9a3800000,0x000000a9a3900000)]


Current CompileTask:
C2:  10709 3836   !   4       org.eclipse.osgi.internal.loader.BundleLoader::findClass0 (466 bytes)

Stack: [0x000000a9a3800000,0x000000a9a3900000]
Native frames: (J=compiled Java code, j=interpreted, Vv=VM code, C=native code)
V  [jvm.dll+0x67731a]
V  [jvm.dll+0x832284]
V  [jvm.dll+0x833a2e]
V  [jvm.dll+0x834093]
V  [jvm.dll+0x245775]
V  [jvm.dll+0xabd7b]
V  [jvm.dll+0xac30c]
V  [jvm.dll+0x363a42]
V  [jvm.dll+0x1bbd52]
V  [jvm.dll+0x2187d9]
V  [jvm.dll+0x217aa1]
V  [jvm.dll+0x1a3f8d]
V  [jvm.dll+0x227498]
V  [jvm.dll+0x2255e5]
V  [jvm.dll+0x7e7e9b]
V  [jvm.dll+0x7e240a]
V  [jvm.dll+0x6761a5]
C  [ucrtbase.dll+0x37b0]
C  [KERNEL32.DLL+0x2e8d7]
C  [ntdll.dll+0x3c34c]


---------------  P R O C E S S  ---------------

Threads class SMR info:
_java_thread_list=0x000001ebba20f860, length=30, elements={
0x000001eb9de74440, 0x000001ebb3874820, 0x000001ebb1ce3ec0, 0x000001ebb389c010,
0x000001ebb389cad0, 0x000001ebb389e8a0, 0x000001ebb1cfd720, 0x000001ebb38af380,
0x000001ebb38bbca0, 0x000001ebb38c01d0, 0x000001ebb39a3ca0, 0x000001ebb3b5a2a0,
0x000001ebb5039980, 0x000001ebb5294c90, 0x000001ebb5135d40, 0x000001ebb5356490,
0x000001ebb516aa70, 0x000001ebb631c320, 0x000001ebb51fd1f0, 0x000001ebb6502f60,
0x000001ebb6507d20, 0x000001ebb6508b90, 0x000001ebb91506b0, 0x000001ebb650a870,
0x000001ebb650b210, 0x000001ebb6509a00, 0x000001ebb650a3a0, 0x000001ebb65086c0,
0x000001ebb6509060, 0x000001ebb6509ed0
}

Java Threads: ( => current thread )
  0x000001eb9de74440 JavaThread "main" [_thread_blocked, id=13432, stack(0x000000a9a2900000,0x000000a9a2a00000)]
  0x000001ebb3874820 JavaThread "Reference Handler" daemon [_thread_blocked, id=27928, stack(0x000000a9a2c00000,0x000000a9a2d00000)]
  0x000001ebb1ce3ec0 JavaThread "Finalizer" daemon [_thread_blocked, id=26208, stack(0x000000a9a2d00000,0x000000a9a2e00000)]
  0x000001ebb389c010 JavaThread "Signal Dispatcher" daemon [_thread_blocked, id=27996, stack(0x000000a9a2e00000,0x000000a9a2f00000)]
  0x000001ebb389cad0 JavaThread "Attach Listener" daemon [_thread_blocked, id=7480, stack(0x000000a9a2f00000,0x000000a9a3000000)]
  0x000001ebb389e8a0 JavaThread "Service Thread" daemon [_thread_blocked, id=26184, stack(0x000000a9a3000000,0x000000a9a3100000)]
  0x000001ebb1cfd720 JavaThread "Monitor Deflation Thread" daemon [_thread_blocked, id=26656, stack(0x000000a9a3100000,0x000000a9a3200000)]
  0x000001ebb38af380 JavaThread "C2 CompilerThread0" daemon [_thread_in_native, id=26716, stack(0x000000a9a3200000,0x000000a9a3300000)]
  0x000001ebb38bbca0 JavaThread "C1 CompilerThread0" daemon [_thread_blocked, id=26928, stack(0x000000a9a3300000,0x000000a9a3400000)]
  0x000001ebb38c01d0 JavaThread "Sweeper thread" daemon [_thread_blocked, id=5900, stack(0x000000a9a3400000,0x000000a9a3500000)]
  0x000001ebb39a3ca0 JavaThread "Common-Cleaner" daemon [_thread_blocked, id=22876, stack(0x000000a9a3500000,0x000000a9a3600000)]
  0x000001ebb3b5a2a0 JavaThread "Notification Thread" daemon [_thread_blocked, id=27884, stack(0x000000a9a3600000,0x000000a9a3700000)]
=>0x000001ebb5039980 JavaThread "C2 CompilerThread1" daemon [_thread_in_native, id=10936, stack(0x000000a9a3800000,0x000000a9a3900000)]
  0x000001ebb5294c90 JavaThread "Active Thread: Equinox Container: 10212745-8a8c-4332-8414-02b8c775314e" [_thread_blocked, id=4152, stack(0x000000a9a3f00000,0x000000a9a4000000)]
  0x000001ebb5135d40 JavaThread "Framework Event Dispatcher: Equinox Container: 10212745-8a8c-4332-8414-02b8c775314e" daemon [_thread_blocked, id=23776, stack(0x000000a9a3900000,0x000000a9a3a00000)]
  0x000001ebb5356490 JavaThread "Start Level: Equinox Container: 10212745-8a8c-4332-8414-02b8c775314e" daemon [_thread_blocked, id=28256, stack(0x000000a9a4000000,0x000000a9a4100000)]
  0x000001ebb516aa70 JavaThread "SCR Component Actor" daemon [_thread_blocked, id=19944, stack(0x000000a9a4100000,0x000000a9a4200000)]
  0x000001ebb631c320 JavaThread "SCR Component Registry" daemon [_thread_blocked, id=27856, stack(0x000000a9a4400000,0x000000a9a4500000)]
  0x000001ebb51fd1f0 JavaThread "Worker-JM" [_thread_blocked, id=27504, stack(0x000000a9a4500000,0x000000a9a4600000)]
  0x000001ebb6502f60 JavaThread "Worker-0" [_thread_blocked, id=27168, stack(0x000000a9a4800000,0x000000a9a4900000)]
  0x000001ebb6507d20 JavaThread "Worker-1: Initialize Workspace" [_thread_in_vm, id=28040, stack(0x000000a9a4900000,0x000000a9a4a00000)]
  0x000001ebb6508b90 JavaThread "Java indexing" daemon [_thread_blocked, id=7296, stack(0x000000a9a4a00000,0x000000a9a4b00000)]
  0x000001ebb91506b0 JavaThread "C2 CompilerThread2" daemon [_thread_in_native, id=7348, stack(0x000000a9a4b00000,0x000000a9a4c00000)]
  0x000001ebb650a870 JavaThread "JNA Cleaner" daemon [_thread_blocked, id=15932, stack(0x000000a9a4c00000,0x000000a9a4d00000)]
  0x000001ebb650b210 JavaThread "pool-2-thread-1" [_thread_blocked, id=27376, stack(0x000000a9a4f00000,0x000000a9a5000000)]
  0x000001ebb6509a00 JavaThread "pool-1-thread-1" [_thread_in_native, id=26128, stack(0x000000a9a5000000,0x000000a9a5100000)]
  0x000001ebb650a3a0 JavaThread "Worker-2: Synchronize Gradle projects with workspace" [_thread_blocked, id=16160, stack(0x000000a9a5100000,0x000000a9a5200000)]
  0x000001ebb65086c0 JavaThread "Worker-3" [_thread_blocked, id=28452, stack(0x000000a9a5200000,0x000000a9a5300000)]
  0x000001ebb6509060 JavaThread "Timer-0" [_thread_blocked, id=26460, stack(0x000000a9a5300000,0x000000a9a5400000)]
  0x000001ebb6509ed0 JavaThread "Timer-1" [_thread_blocked, id=27756, stack(0x000000a9a5400000,0x000000a9a5500000)]

Other Threads:
  0x000001ebb3861fd0 VMThread "VM Thread" [stack: 0x000000a9a2b00000,0x000000a9a2c00000] [id=2304]
  0x000001ebb3bfeb10 WatcherThread [stack: 0x000000a9a3700000,0x000000a9a3800000] [id=14984]
  0x000001eb9de8a590 GCTaskThread "GC Thread#0" [stack: 0x000000a9a2a00000,0x000000a9a2b00000] [id=15464]
  0x000001ebb5295dd0 GCTaskThread "GC Thread#1" [stack: 0x000000a9a3a00000,0x000000a9a3b00000] [id=25052]
  0x000001ebb52904e0 GCTaskThread "GC Thread#2" [stack: 0x000000a9a3b00000,0x000000a9a3c00000] [id=1972]
  0x000001ebb559d390 GCTaskThread "GC Thread#3" [stack: 0x000000a9a3c00000,0x000000a9a3d00000] [id=2384]
  0x000001ebb4f21840 GCTaskThread "GC Thread#4" [stack: 0x000000a9a3d00000,0x000000a9a3e00000] [id=25056]
  0x000001ebb5391020 GCTaskThread "GC Thread#5" [stack: 0x000000a9a3e00000,0x000000a9a3f00000] [id=13532]
  0x000001ebb6155c40 GCTaskThread "GC Thread#6" [stack: 0x000000a9a4200000,0x000000a9a4300000] [id=12924]
  0x000001ebb63ed860 GCTaskThread "GC Thread#7" [stack: 0x000000a9a4300000,0x000000a9a4400000] [id=27892]
  0x000001ebb67fb010 GCTaskThread "GC Thread#8" [stack: 0x000000a9a4600000,0x000000a9a4700000] [id=24872]
  0x000001ebb67fb2c0 GCTaskThread "GC Thread#9" [stack: 0x000000a9a4700000,0x000000a9a4800000] [id=26896]

Threads with active compile tasks:
C2 CompilerThread0    10746 4035   !   4       java.util.Collections$SynchronizedCollection::contains (25 bytes)
C1 CompilerThread0    10746 4143       3       java.lang.invoke.Invokers::checkCustomized (23 bytes)
C2 CompilerThread1    10746 3836   !   4       org.eclipse.osgi.internal.loader.BundleLoader::findClass0 (466 bytes)
C2 CompilerThread2    10747 4079       4       org.eclipse.osgi.internal.loader.BundleLoader::addExportedProvidersFor (167 bytes)

VM state: not at safepoint (normal execution)

VM Mutex/Monitor currently owned by a thread:  ([mutex/lock_event])
[0x000001eb9de6fb30] SystemDictionary_lock - owner thread: 0x0000000000000000

Heap address: 0x00000000c0000000, size: 1024 MB, Compressed Oops mode: 32-bit

CDS archive(s) not mapped
Compressed class space mapped at: 0x0000000100000000-0x0000000140000000, reserved size: 1073741824
Narrow klass base: 0x0000000000000000, Narrow klass shift: 3, Narrow klass range: 0x140000000

GC Precious Log:
 CPUs: 12 total, 12 available
 Memory: 7518M
 Large Page Support: Disabled
 NUMA Support: Disabled
 Compressed Oops: Enabled (32-bit)
 Alignments: Space 512K, Generation 512K, Heap 2M
 Heap Min Capacity: 100M
 Heap Initial Capacity: 100M
 Heap Max Capacity: 1G
 Pre-touch: Disabled
 Parallel Workers: 10

Heap:
 PSYoungGen      total 24064K, used 15709K [0x00000000eab00000, 0x00000000ec580000, 0x0000000100000000)
  eden space 22528K, 63% used [0x00000000eab00000,0x00000000eb8f7568,0x00000000ec100000)
  from space 1536K, 91% used [0x00000000ec300000,0x00000000ec460000,0x00000000ec480000)
  to   space 1024K, 0% used [0x00000000ec480000,0x00000000ec480000,0x00000000ec580000)
 ParOldGen       total 68608K, used 13619K [0x00000000c0000000, 0x00000000c4300000, 0x00000000eab00000)
  object space 68608K, 19% used [0x00000000c0000000,0x00000000c0d4ccf0,0x00000000c4300000)
 Metaspace       used 45040K, committed 45760K, reserved 1089536K
  class space    used 4896K, committed 5184K, reserved 1048576K

Card table byte_map: [0x000001eb9d820000,0x000001eb9da30000] _byte_map_base: 0x000001eb9d220000

Marking Bits: (ParMarkBitMap*) 0x00007ffa73f82cc0
 Begin Bits: [0x000001ebafb00000, 0x000001ebb0b00000)
 End Bits:   [0x000001ebb0b00000, 0x000001ebb1b00000)

Polling page: 0x000001eb9be10000

Metaspace:

Usage:
  Non-class:     39.22 MB used.
      Class:      4.78 MB used.
       Both:     44.01 MB used.

Virtual space:
  Non-class space:       40.00 MB reserved,      39.62 MB (>99%) committed,  5 nodes.
      Class space:        1.00 GB reserved,       5.06 MB ( <1%) committed,  1 nodes.
             Both:        1.04 GB reserved,      44.69 MB (  4%) committed. 

Chunk freelists:
   Non-Class:  384.00 KB
       Class:  2.83 MB
        Both:  3.20 MB

MaxMetaspaceSize: unlimited
CompressedClassSpaceSize: 1.00 GB
Initial GC threshold: 21.00 MB
Current GC threshold: 58.38 MB
CDS: off
MetaspaceReclaimPolicy: balanced
 - commit_granule_bytes: 65536.
 - commit_granule_words: 8192.
 - virtual_space_node_default_size: 1048576.
 - enlarge_chunks_in_place: 1.
 - new_chunks_are_fully_committed: 0.
 - uncommit_free_chunks: 1.
 - use_allocation_guard: 0.
 - handle_deallocations: 1.


Internal statistics:

num_allocs_failed_limit: 6.
num_arena_births: 328.
num_arena_deaths: 14.
num_vsnodes_births: 6.
num_vsnodes_deaths: 0.
num_space_committed: 715.
num_space_uncommitted: 0.
num_chunks_returned_to_freelist: 20.
num_chunks_taken_from_freelist: 1831.
num_chunk_merges: 10.
num_chunk_splits: 1245.
num_chunks_enlarged: 875.
num_purges: 2.
num_inconsistent_stats: 0.

CodeHeap 'non-profiled nmethods': size=120000Kb used=2003Kb max_used=2003Kb free=117996Kb
 bounds [0x000001eba85d0000, 0x000001eba8840000, 0x000001ebafb00000]
CodeHeap 'profiled nmethods': size=120000Kb used=8496Kb max_used=8496Kb free=111504Kb
 bounds [0x000001eba10a0000, 0x000001eba18f0000, 0x000001eba85d0000]
CodeHeap 'non-nmethods': size=5760Kb used=1270Kb max_used=1321Kb free=4489Kb
 bounds [0x000001eba0b00000, 0x000001eba0d70000, 0x000001eba10a0000]
 total_blobs=4732 nmethods=4137 adapters=508
 compilation: enabled
              stopped_count=0, restarted_count=0
 full_count=0

Compilation events (20 events):
Event: 9.698 Thread 0x000001ebb38bbca0 4074       3       sun.security.provider.SHA2::implReset (20 bytes)
Event: 9.698 Thread 0x000001ebb38bbca0 nmethod 4074 0x000001eba18c6f10 code [0x000001eba18c70c0, 0x000001eba18c7278]
Event: 9.699 Thread 0x000001ebb38bbca0 4075       3       java.util.stream.AbstractPipeline::evaluate (94 bytes)
Event: 9.699 Thread 0x000001ebb38bbca0 nmethod 4075 0x000001eba18c7310 code [0x000001eba18c7540, 0x000001eba18c7bc8]
Event: 9.699 Thread 0x000001ebb91506b0 nmethod 4052 0x000001eba87b5790 code [0x000001eba87b5a20, 0x000001eba87b64a8]
Event: 9.699 Thread 0x000001ebb91506b0 4053       4       com.google.gson.stream.JsonReader::peek (144 bytes)
Event: 9.700 Thread 0x000001ebb38bbca0 4076       3       sun.invoke.util.Wrapper::isDoubleWord (15 bytes)
Event: 9.700 Thread 0x000001ebb38bbca0 nmethod 4076 0x000001eba18c7e10 code [0x000001eba18c7fa0, 0x000001eba18c8118]
Event: 9.701 Thread 0x000001ebb91506b0 nmethod 4053 0x000001eba87b7990 code [0x000001eba87b7b20, 0x000001eba87b7c28]
Event: 9.701 Thread 0x000001ebb91506b0 4079       4       org.eclipse.osgi.internal.loader.BundleLoader::addExportedProvidersFor (167 bytes)
Event: 9.701 Thread 0x000001ebb38bbca0 4083       1       org.eclipse.core.internal.dtree.AbstractDataTreeNode::getName (5 bytes)
Event: 9.701 Thread 0x000001ebb38bbca0 nmethod 4083 0x000001eba87b8010 code [0x000001eba87b81a0, 0x000001eba87b8278]
Event: 9.702 Thread 0x000001ebb38bbca0 4086       3       java.util.Calendar::internalGet (7 bytes)
Event: 9.702 Thread 0x000001ebb38bbca0 nmethod 4086 0x000001eba18c8190 code [0x000001eba18c8320, 0x000001eba18c8458]
Event: 9.702 Thread 0x000001ebb38bbca0 4087       3       java.lang.invoke.LambdaFormEditor$TransformKey::bval (26 bytes)
Event: 9.702 Thread 0x000001ebb38bbca0 nmethod 4087 0x000001eba18c8510 code [0x000001eba18c86a0, 0x000001eba18c8798]
Event: 9.703 Thread 0x000001ebb38bbca0 4089       3       jdk.internal.org.objectweb.asm.FieldWriter::visitEnd (1 bytes)
Event: 9.703 Thread 0x000001ebb38bbca0 nmethod 4089 0x000001eba18c8810 code [0x000001eba18c89a0, 0x000001eba18c8ab8]
Event: 9.703 Thread 0x000001ebb38bbca0 4090       3       java.util.ImmutableCollections$Set12::<init> (53 bytes)
Event: 9.705 Thread 0x000001ebb38bbca0 nmethod 4090 0x000001eba18c8b90 code [0x000001eba18c8e40, 0x000001eba18c9a48]

GC Heap History (20 events):
Event: 7.630 GC heap before
{Heap before GC invocations=4 (full 0):
 PSYoungGen      total 29696K, used 13342K [0x00000000eab00000, 0x00000000ecc00000, 0x0000000100000000)
  eden space 25600K, 36% used [0x00000000eab00000,0x00000000eb40d0b8,0x00000000ec400000)
  from space 4096K, 99% used [0x00000000ec400000,0x00000000ec7fa9c8,0x00000000ec800000)
  to   space 4096K, 0% used [0x00000000ec800000,0x00000000ec800000,0x00000000ecc00000)
 ParOldGen       total 68608K, used 3797K [0x00000000c0000000, 0x00000000c4300000, 0x00000000eab00000)
  object space 68608K, 5% used [0x00000000c0000000,0x00000000c03b56d0,0x00000000c4300000)
 Metaspace       used 21083K, committed 21504K, reserved 1073152K
  class space    used 2148K, committed 2368K, reserved 1048576K
}
Event: 7.632 GC heap after
{Heap after GC invocations=4 (full 0):
 PSYoungGen      total 29696K, used 4082K [0x00000000eab00000, 0x00000000ecc00000, 0x0000000100000000)
  eden space 25600K, 0% used [0x00000000eab00000,0x00000000eab00000,0x00000000ec400000)
  from space 4096K, 99% used [0x00000000ec800000,0x00000000ecbfc810,0x00000000ecc00000)
  to   space 4096K, 0% used [0x00000000ec400000,0x00000000ec400000,0x00000000ec800000)
 ParOldGen       total 68608K, used 4163K [0x00000000c0000000, 0x00000000c4300000, 0x00000000eab00000)
  object space 68608K, 6% used [0x00000000c0000000,0x00000000c0410d60,0x00000000c4300000)
 Metaspace       used 21083K, committed 21504K, reserved 1073152K
  class space    used 2148K, committed 2368K, reserved 1048576K
}
Event: 7.632 GC heap before
{Heap before GC invocations=5 (full 1):
 PSYoungGen      total 29696K, used 4082K [0x00000000eab00000, 0x00000000ecc00000, 0x0000000100000000)
  eden space 25600K, 0% used [0x00000000eab00000,0x00000000eab00000,0x00000000ec400000)
  from space 4096K, 99% used [0x00000000ec800000,0x00000000ecbfc810,0x00000000ecc00000)
  to   space 4096K, 0% used [0x00000000ec400000,0x00000000ec400000,0x00000000ec800000)
 ParOldGen       total 68608K, used 4163K [0x00000000c0000000, 0x00000000c4300000, 0x00000000eab00000)
  object space 68608K, 6% used [0x00000000c0000000,0x00000000c0410d60,0x00000000c4300000)
 Metaspace       used 21083K, committed 21504K, reserved 1073152K
  class space    used 2148K, committed 2368K, reserved 1048576K
}
Event: 7.649 GC heap after
{Heap after GC invocations=5 (full 1):
 PSYoungGen      total 29696K, used 0K [0x00000000eab00000, 0x00000000ecc00000, 0x0000000100000000)
  eden space 25600K, 0% used [0x00000000eab00000,0x00000000eab00000,0x00000000ec400000)
  from space 4096K, 0% used [0x00000000ec800000,0x00000000ec800000,0x00000000ecc00000)
  to   space 4096K, 0% used [0x00000000ec400000,0x00000000ec400000,0x00000000ec800000)
 ParOldGen       total 68608K, used 8034K [0x00000000c0000000, 0x00000000c4300000, 0x00000000eab00000)
  object space 68608K, 11% used [0x00000000c0000000,0x00000000c07d8aa0,0x00000000c4300000)
 Metaspace       used 21070K, committed 21504K, reserved 1073152K
  class space    used 2144K, committed 2368K, reserved 1048576K
}
Event: 7.964 GC heap before
{Heap before GC invocations=6 (full 1):
 PSYoungGen      total 29696K, used 25535K [0x00000000eab00000, 0x00000000ecc00000, 0x0000000100000000)
  eden space 25600K, 99% used [0x00000000eab00000,0x00000000ec3efea0,0x00000000ec400000)
  from space 4096K, 0% used [0x00000000ec800000,0x00000000ec800000,0x00000000ecc00000)
  to   space 4096K, 0% used [0x00000000ec400000,0x00000000ec400000,0x00000000ec800000)
 ParOldGen       total 68608K, used 8034K [0x00000000c0000000, 0x00000000c4300000, 0x00000000eab00000)
  object space 68608K, 11% used [0x00000000c0000000,0x00000000c07d8aa0,0x00000000c4300000)
 Metaspace       used 24436K, committed 24896K, reserved 1073152K
  class space    used 2503K, committed 2752K, reserved 1048576K
}
Event: 7.965 GC heap after
{Heap after GC invocations=6 (full 1):
 PSYoungGen      total 28672K, used 3339K [0x00000000eab00000, 0x00000000ecb80000, 0x0000000100000000)
  eden space 25088K, 0% used [0x00000000eab00000,0x00000000eab00000,0x00000000ec380000)
  from space 3584K, 93% used [0x00000000ec400000,0x00000000ec742f20,0x00000000ec780000)
  to   space 4096K, 0% used [0x00000000ec780000,0x00000000ec780000,0x00000000ecb80000)
 ParOldGen       total 68608K, used 8042K [0x00000000c0000000, 0x00000000c4300000, 0x00000000eab00000)
  object space 68608K, 11% used [0x00000000c0000000,0x00000000c07daaa0,0x00000000c4300000)
 Metaspace       used 24436K, committed 24896K, reserved 1073152K
  class space    used 2503K, committed 2752K, reserved 1048576K
}
Event: 8.109 GC heap before
{Heap before GC invocations=7 (full 1):
 PSYoungGen      total 28672K, used 28427K [0x00000000eab00000, 0x00000000ecb80000, 0x0000000100000000)
  eden space 25088K, 100% used [0x00000000eab00000,0x00000000ec380000,0x00000000ec380000)
  from space 3584K, 93% used [0x00000000ec400000,0x00000000ec742f20,0x00000000ec780000)
  to   space 4096K, 0% used [0x00000000ec780000,0x00000000ec780000,0x00000000ecb80000)
 ParOldGen       total 68608K, used 8042K [0x00000000c0000000, 0x00000000c4300000, 0x00000000eab00000)
  object space 68608K, 11% used [0x00000000c0000000,0x00000000c07daaa0,0x00000000c4300000)
 Metaspace       used 28299K, committed 28800K, reserved 1081344K
  class space    used 2789K, committed 3008K, reserved 1048576K
}
Event: 8.110 GC heap after
{Heap after GC invocations=7 (full 1):
 PSYoungGen      total 26624K, used 1792K [0x00000000eab00000, 0x00000000ec980000, 0x0000000100000000)
  eden space 24576K, 0% used [0x00000000eab00000,0x00000000eab00000,0x00000000ec300000)
  from space 2048K, 87% used [0x00000000ec780000,0x00000000ec940170,0x00000000ec980000)
  to   space 2560K, 0% used [0x00000000ec480000,0x00000000ec480000,0x00000000ec700000)
 ParOldGen       total 68608K, used 8042K [0x00000000c0000000, 0x00000000c4300000, 0x00000000eab00000)
  object space 68608K, 11% used [0x00000000c0000000,0x00000000c07daaa0,0x00000000c4300000)
 Metaspace       used 28299K, committed 28800K, reserved 1081344K
  class space    used 2789K, committed 3008K, reserved 1048576K
}
Event: 8.407 GC heap before
{Heap before GC invocations=8 (full 1):
 PSYoungGen      total 26624K, used 26368K [0x00000000eab00000, 0x00000000ec980000, 0x0000000100000000)
  eden space 24576K, 100% used [0x00000000eab00000,0x00000000ec300000,0x00000000ec300000)
  from space 2048K, 87% used [0x00000000ec780000,0x00000000ec940170,0x00000000ec980000)
  to   space 2560K, 0% used [0x00000000ec480000,0x00000000ec480000,0x00000000ec700000)
 ParOldGen       total 68608K, used 8042K [0x00000000c0000000, 0x00000000c4300000, 0x00000000eab00000)
  object space 68608K, 11% used [0x00000000c0000000,0x00000000c07daaa0,0x00000000c4300000)
 Metaspace       used 31494K, committed 32064K, reserved 1081344K
  class space    used 3113K, committed 3392K, reserved 1048576K
}
Event: 8.408 GC heap after
{Heap after GC invocations=8 (full 1):
 PSYoungGen      total 26624K, used 2533K [0x00000000eab00000, 0x00000000ec980000, 0x0000000100000000)
  eden space 24064K, 0% used [0x00000000eab00000,0x00000000eab00000,0x00000000ec280000)
  from space 2560K, 98% used [0x00000000ec480000,0x00000000ec6f9418,0x00000000ec700000)
  to   space 2560K, 0% used [0x00000000ec700000,0x00000000ec700000,0x00000000ec980000)
 ParOldGen       total 68608K, used 8626K [0x00000000c0000000, 0x00000000c4300000, 0x00000000eab00000)
  object space 68608K, 12% used [0x00000000c0000000,0x00000000c086cab0,0x00000000c4300000)
 Metaspace       used 31494K, committed 32064K, reserved 1081344K
  class space    used 3113K, committed 3392K, reserved 1048576K
}
Event: 8.712 GC heap before
{Heap before GC invocations=9 (full 1):
 PSYoungGen      total 26624K, used 25984K [0x00000000eab00000, 0x00000000ec980000, 0x0000000100000000)
  eden space 24064K, 97% used [0x00000000eab00000,0x00000000ec1e6f60,0x00000000ec280000)
  from space 2560K, 98% used [0x00000000ec480000,0x00000000ec6f9418,0x00000000ec700000)
  to   space 2560K, 0% used [0x00000000ec700000,0x00000000ec700000,0x00000000ec980000)
 ParOldGen       total 68608K, used 8626K [0x00000000c0000000, 0x00000000c4300000, 0x00000000eab00000)
  object space 68608K, 12% used [0x00000000c0000000,0x00000000c086cab0,0x00000000c4300000)
 Metaspace       used 35271K, committed 35840K, reserved 1081344K
  class space    used 3592K, committed 3840K, reserved 1048576K
}
Event: 8.714 GC heap after
{Heap after GC invocations=9 (full 1):
 PSYoungGen      total 26624K, used 2539K [0x00000000eab00000, 0x00000000eca80000, 0x0000000100000000)
  eden space 24064K, 0% used [0x00000000eab00000,0x00000000eab00000,0x00000000ec280000)
  from space 2560K, 99% used [0x00000000ec700000,0x00000000ec97adf8,0x00000000ec980000)
  to   space 4096K, 0% used [0x00000000ec280000,0x00000000ec280000,0x00000000ec680000)
 ParOldGen       total 68608K, used 9904K [0x00000000c0000000, 0x00000000c4300000, 0x00000000eab00000)
  object space 68608K, 14% used [0x00000000c0000000,0x00000000c09ac3f8,0x00000000c4300000)
 Metaspace       used 35271K, committed 35840K, reserved 1081344K
  class space    used 3592K, committed 3840K, reserved 1048576K
}
Event: 8.714 GC heap before
{Heap before GC invocations=10 (full 2):
 PSYoungGen      total 26624K, used 2539K [0x00000000eab00000, 0x00000000eca80000, 0x0000000100000000)
  eden space 24064K, 0% used [0x00000000eab00000,0x00000000eab00000,0x00000000ec280000)
  from space 2560K, 99% used [0x00000000ec700000,0x00000000ec97adf8,0x00000000ec980000)
  to   space 4096K, 0% used [0x00000000ec280000,0x00000000ec280000,0x00000000ec680000)
 ParOldGen       total 68608K, used 9904K [0x00000000c0000000, 0x00000000c4300000, 0x00000000eab00000)
  object space 68608K, 14% used [0x00000000c0000000,0x00000000c09ac3f8,0x00000000c4300000)
 Metaspace       used 35271K, committed 35840K, reserved 1081344K
  class space    used 3592K, committed 3840K, reserved 1048576K
}
Event: 8.729 GC heap after
{Heap after GC invocations=10 (full 2):
 PSYoungGen      total 26624K, used 0K [0x00000000eab00000, 0x00000000eca80000, 0x0000000100000000)
  eden space 24064K, 0% used [0x00000000eab00000,0x00000000eab00000,0x00000000ec280000)
  from space 2560K, 0% used [0x00000000ec700000,0x00000000ec700000,0x00000000ec980000)
  to   space 4096K, 0% used [0x00000000ec280000,0x00000000ec280000,0x00000000ec680000)
 ParOldGen       total 68608K, used 12242K [0x00000000c0000000, 0x00000000c4300000, 0x00000000eab00000)
  object space 68608K, 17% used [0x00000000c0000000,0x00000000c0bf48d0,0x00000000c4300000)
 Metaspace       used 35271K, committed 35840K, reserved 1081344K
  class space    used 3592K, committed 3840K, reserved 1048576K
}
Event: 9.056 GC heap before
{Heap before GC invocations=11 (full 2):
 PSYoungGen      total 26624K, used 24064K [0x00000000eab00000, 0x00000000eca80000, 0x0000000100000000)
  eden space 24064K, 100% used [0x00000000eab00000,0x00000000ec280000,0x00000000ec280000)
  from space 2560K, 0% used [0x00000000ec700000,0x00000000ec700000,0x00000000ec980000)
  to   space 4096K, 0% used [0x00000000ec280000,0x00000000ec280000,0x00000000ec680000)
 ParOldGen       total 68608K, used 12242K [0x00000000c0000000, 0x00000000c4300000, 0x00000000eab00000)
  object space 68608K, 17% used [0x00000000c0000000,0x00000000c0bf48d0,0x00000000c4300000)
 Metaspace       used 38119K, committed 38784K, reserved 1089536K
  class space    used 3983K, committed 4288K, reserved 1048576K
}
Event: 9.058 GC heap after
{Heap after GC invocations=11 (full 2):
 PSYoungGen      total 25088K, used 1081K [0x00000000eab00000, 0x00000000ec780000, 0x0000000100000000)
  eden space 23552K, 0% used [0x00000000eab00000,0x00000000eab00000,0x00000000ec200000)
  from space 1536K, 70% used [0x00000000ec280000,0x00000000ec38e4f8,0x00000000ec400000)
  to   space 2560K, 0% used [0x00000000ec500000,0x00000000ec500000,0x00000000ec780000)
 ParOldGen       total 68608K, used 12250K [0x00000000c0000000, 0x00000000c4300000, 0x00000000eab00000)
  object space 68608K, 17% used [0x00000000c0000000,0x00000000c0bf68d0,0x00000000c4300000)
 Metaspace       used 38119K, committed 38784K, reserved 1089536K
  class space    used 3983K, committed 4288K, reserved 1048576K
}
Event: 9.307 GC heap before
{Heap before GC invocations=12 (full 2):
 PSYoungGen      total 25088K, used 24633K [0x00000000eab00000, 0x00000000ec780000, 0x0000000100000000)
  eden space 23552K, 100% used [0x00000000eab00000,0x00000000ec200000,0x00000000ec200000)
  from space 1536K, 70% used [0x00000000ec280000,0x00000000ec38e4f8,0x00000000ec400000)
  to   space 2560K, 0% used [0x00000000ec500000,0x00000000ec500000,0x00000000ec780000)
 ParOldGen       total 68608K, used 12250K [0x00000000c0000000, 0x00000000c4300000, 0x00000000eab00000)
  object space 68608K, 17% used [0x00000000c0000000,0x00000000c0bf68d0,0x00000000c4300000)
 Metaspace       used 40497K, committed 41216K, reserved 1089536K
  class space    used 4291K, committed 4608K, reserved 1048576K
}
Event: 9.308 GC heap after
{Heap after GC invocations=12 (full 2):
 PSYoungGen      total 25088K, used 1580K [0x00000000eab00000, 0x00000000ec700000, 0x0000000100000000)
  eden space 23040K, 0% used [0x00000000eab00000,0x00000000eab00000,0x00000000ec180000)
  from space 2048K, 77% used [0x00000000ec500000,0x00000000ec68b2b8,0x00000000ec700000)
  to   space 2048K, 0% used [0x00000000ec300000,0x00000000ec300000,0x00000000ec500000)
 ParOldGen       total 68608K, used 12258K [0x00000000c0000000, 0x00000000c4300000, 0x00000000eab00000)
  object space 68608K, 17% used [0x00000000c0000000,0x00000000c0bf88d0,0x00000000c4300000)
 Metaspace       used 40497K, committed 41216K, reserved 1089536K
  class space    used 4291K, committed 4608K, reserved 1048576K
}
Event: 9.586 GC heap before
{Heap before GC invocations=13 (full 2):
 PSYoungGen      total 25088K, used 24620K [0x00000000eab00000, 0x00000000ec700000, 0x0000000100000000)
  eden space 23040K, 100% used [0x00000000eab00000,0x00000000ec180000,0x00000000ec180000)
  from space 2048K, 77% used [0x00000000ec500000,0x00000000ec68b2b8,0x00000000ec700000)
  to   space 2048K, 0% used [0x00000000ec300000,0x00000000ec300000,0x00000000ec500000)
 ParOldGen       total 68608K, used 12258K [0x00000000c0000000, 0x00000000c4300000, 0x00000000eab00000)
  object space 68608K, 17% used [0x00000000c0000000,0x00000000c0bf88d0,0x00000000c4300000)
 Metaspace       used 43324K, committed 44096K, reserved 1089536K
  class space    used 4651K, committed 4992K, reserved 1048576K
}
Event: 9.588 GC heap after
{Heap after GC invocations=13 (full 2):
 PSYoungGen      total 24064K, used 1408K [0x00000000eab00000, 0x00000000ec580000, 0x0000000100000000)
  eden space 22528K, 0% used [0x00000000eab00000,0x00000000eab00000,0x00000000ec100000)
  from space 1536K, 91% used [0x00000000ec300000,0x00000000ec460000,0x00000000ec480000)
  to   space 1024K, 0% used [0x00000000ec480000,0x00000000ec480000,0x00000000ec580000)
 ParOldGen       total 68608K, used 13619K [0x00000000c0000000, 0x00000000c4300000, 0x00000000eab00000)
  object space 68608K, 19% used [0x00000000c0000000,0x00000000c0d4ccf0,0x00000000c4300000)
 Metaspace       used 43324K, committed 44096K, reserved 1089536K
  class space    used 4651K, committed 4992K, reserved 1048576K
}

Deoptimization events (20 events):
Event: 9.518 Thread 0x000001ebb6502f60 DEOPT UNPACKING pc=0x000001eba0b520a3 sp=0x000000a9a48fdb28 mode 2
Event: 9.518 Thread 0x000001ebb6507d20 DEOPT UNPACKING pc=0x000001eba0b520a3 sp=0x000000a9a49fdba8 mode 2
Event: 9.519 Thread 0x000001ebb6507d20 Uncommon trap: trap_request=0xffffff45 fr.pc=0x000001eba8711284 relative=0x0000000000000a44
Event: 9.519 Thread 0x000001ebb6507d20 Uncommon trap: reason=unstable_if action=reinterpret pc=0x000001eba8711284 method=java.util.concurrent.locks.ReentrantLock$Sync.lock()V @ 4 c2
Event: 9.519 Thread 0x000001ebb6507d20 DEOPT PACKING pc=0x000001eba8711284 sp=0x000000a9a49fdeb0
Event: 9.519 Thread 0x000001ebb6507d20 DEOPT UNPACKING pc=0x000001eba0b520a3 sp=0x000000a9a49fdce8 mode 2
Event: 9.519 Thread 0x000001ebb6507d20 Uncommon trap: trap_request=0xffffff45 fr.pc=0x000001eba86bb678 relative=0x0000000000000458
Event: 9.519 Thread 0x000001ebb6507d20 Uncommon trap: reason=unstable_if action=reinterpret pc=0x000001eba86bb678 method=java.util.concurrent.locks.ReentrantLock$Sync.lock()V @ 4 c2
Event: 9.519 Thread 0x000001ebb6507d20 DEOPT PACKING pc=0x000001eba86bb678 sp=0x000000a9a49fdd70
Event: 9.519 Thread 0x000001ebb6507d20 DEOPT UNPACKING pc=0x000001eba0b520a3 sp=0x000000a9a49fdc70 mode 2
Event: 9.528 Thread 0x000001ebb6507d20 Uncommon trap: trap_request=0xffffff76 fr.pc=0x000001eba87a66f4 relative=0x0000000000001374
Event: 9.528 Thread 0x000001ebb6507d20 Uncommon trap: reason=predicate action=maybe_recompile pc=0x000001eba87a66f4 method=java.util.TimSort.binarySort([Ljava/lang/Object;IIILjava/util/Comparator;)V @ 34 c2
Event: 9.528 Thread 0x000001ebb6507d20 DEOPT PACKING pc=0x000001eba87a66f4 sp=0x000000a9a49fcc30
Event: 9.528 Thread 0x000001ebb6507d20 DEOPT UNPACKING pc=0x000001eba0b520a3 sp=0x000000a9a49fcc10 mode 2
Event: 9.563 Thread 0x000001ebb6507d20 Uncommon trap: trap_request=0xffffff45 fr.pc=0x000001eba87305a4 relative=0x00000000000004c4
Event: 9.563 Thread 0x000001ebb6507d20 Uncommon trap: reason=unstable_if action=reinterpret pc=0x000001eba87305a4 method=java.util.WeakHashMap.remove(Ljava/lang/Object;)Ljava/lang/Object; @ 92 c2
Event: 9.563 Thread 0x000001ebb6507d20 DEOPT PACKING pc=0x000001eba87305a4 sp=0x000000a9a49fdf30
Event: 9.563 Thread 0x000001ebb6507d20 DEOPT UNPACKING pc=0x000001eba0b520a3 sp=0x000000a9a49fde68 mode 2
Event: 9.596 Thread 0x000001ebb6502f60 DEOPT PACKING pc=0x000001eba13c5f88 sp=0x000000a9a48fecd0
Event: 9.596 Thread 0x000001ebb6502f60 DEOPT UNPACKING pc=0x000001eba0b52843 sp=0x000000a9a48fe1d8 mode 0

Classes unloaded (7 events):
Event: 7.634 Thread 0x000001ebb3861fd0 Unloading class 0x0000000100212400 'java/lang/invoke/LambdaForm$MH+0x0000000100212400'
Event: 7.634 Thread 0x000001ebb3861fd0 Unloading class 0x0000000100212000 'java/lang/invoke/LambdaForm$MH+0x0000000100212000'
Event: 7.634 Thread 0x000001ebb3861fd0 Unloading class 0x0000000100211c00 'java/lang/invoke/LambdaForm$MH+0x0000000100211c00'
Event: 7.634 Thread 0x000001ebb3861fd0 Unloading class 0x0000000100211400 'java/lang/invoke/LambdaForm$MH+0x0000000100211400'
Event: 7.634 Thread 0x000001ebb3861fd0 Unloading class 0x0000000100211000 'java/lang/invoke/LambdaForm$BMH+0x0000000100211000'
Event: 7.634 Thread 0x000001ebb3861fd0 Unloading class 0x0000000100210c00 'java/lang/invoke/LambdaForm$DMH+0x0000000100210c00'
Event: 7.634 Thread 0x000001ebb3861fd0 Unloading class 0x000000010020e400 'java/lang/invoke/LambdaForm$DMH+0x000000010020e400'

Classes redefined (0 events):
No events

Internal exceptions (20 events):
Event: 8.166 Thread 0x000001ebb5356490 Exception <a 'java/lang/ClassNotFoundException'{0x00000000eb7841f8}: com/sun/org/apache/xerces/internal/impl/msg/spi/XMLSerializerMessagesProvider> (0x00000000eb7841f8) 
thrown [s\src\hotspot\share\classfile\systemDictionary.cpp, line 256]
Event: 8.167 Thread 0x000001ebb5356490 Exception <a 'java/lang/ClassNotFoundException'{0x00000000eb791480}: com/sun/org/apache/xerces/internal/impl/msg/spi/XMLMessagesProvider> (0x00000000eb791480) 
thrown [s\src\hotspot\share\classfile\systemDictionary.cpp, line 256]
Event: 8.186 Thread 0x000001ebb5356490 Exception <a 'sun/nio/fs/WindowsException'{0x00000000eb952730}> (0x00000000eb952730) 
thrown [s\src\hotspot\share\prims\jni.cpp, line 516]
Event: 8.219 Thread 0x000001ebb5356490 Exception <a 'java/lang/NoSuchMethodError'{0x00000000ebb53160}: 'java.lang.Object java.lang.invoke.DirectMethodHandle$Holder.invokeStaticInit(java.lang.Object, int, int, int, int)'> (0x00000000ebb53160) 
thrown [s\src\hotspot\share\interpreter\linkResolver.cpp, line 759]
Event: 8.300 Thread 0x000001ebb5356490 Exception <a 'java/lang/NoSuchMethodError'{0x00000000ebc72b60}: 'java.lang.Object java.lang.invoke.DirectMethodHandle$Holder.invokeStaticInit(java.lang.Object, java.lang.Object, int, int, int, int)'> (0x00000000ebc72b60) 
thrown [s\src\hotspot\share\interpreter\linkResolver.cpp, line 759]
Event: 8.342 Thread 0x000001ebb5356490 Exception <a 'java/lang/ClassNotFoundException'{0x00000000ebf40b00}: com/sun/org/apache/xml/internal/serializer/spi/XMLEntitiesProvider> (0x00000000ebf40b00) 
thrown [s\src\hotspot\share\classfile\systemDictionary.cpp, line 256]
Event: 8.401 Thread 0x000001ebb5356490 Exception <a 'java/io/FileNotFoundException'{0x00000000ec2a77c0}> (0x00000000ec2a77c0) 
thrown [s\src\hotspot\share\prims\jni.cpp, line 516]
Event: 8.462 Thread 0x000001ebb5356490 Exception <a 'java/lang/UnsatisfiedLinkError'{0x00000000eadea388}: The specified procedure could not be found.
> (0x00000000eadea388) 
thrown [s\src\hotspot\share\prims\jni.cpp, line 535]
Event: 8.466 Thread 0x000001ebb5356490 Exception <a 'java/io/FileNotFoundException'{0x00000000eae0d480}> (0x00000000eae0d480) 
thrown [s\src\hotspot\share\prims\jni.cpp, line 516]
Event: 8.472 Thread 0x000001ebb5356490 Exception <a 'java/io/FileNotFoundException'{0x00000000eae7c970}> (0x00000000eae7c970) 
thrown [s\src\hotspot\share\prims\jni.cpp, line 516]
Event: 8.480 Thread 0x000001ebb5356490 Exception <a 'java/lang/UnsatisfiedLinkError'{0x00000000eaf07550}: The specified procedure could not be found.
> (0x00000000eaf07550) 
thrown [s\src\hotspot\share\prims\jni.cpp, line 535]
Event: 8.553 Thread 0x000001eb9de74440 Exception <a 'java/lang/NoSuchMethodError'{0x00000000eb49d8b8}: 'void java.lang.invoke.DirectMethodHandle$Holder.invokeStatic(java.lang.Object, java.lang.Object, java.lang.Object, java.lang.Object)'> (0x00000000eb49d8b8) 
thrown [s\src\hotspot\share\interpreter\linkResolver.cpp, line 759]
Event: 8.643 Thread 0x000001eb9de74440 Exception <a 'java/lang/NoSuchMethodError'{0x00000000ebd4a020}: 'void java.lang.invoke.DirectMethodHandle$Holder.invokeSpecial(java.lang.Object, java.lang.Object, java.lang.Object, java.lang.Object, java.lang.Object, java.lang.Object)'> (0x00000000ebd4a020) 
thrown [s\src\hotspot\share\interpreter\linkResolver.cpp, line 759]
Event: 8.644 Thread 0x000001eb9de74440 Exception <a 'java/lang/NoSuchMethodError'{0x00000000ebd516d8}: 'java.lang.Object java.lang.invoke.DirectMethodHandle$Holder.newInvokeSpecial(java.lang.Object, java.lang.Object, java.lang.Object, java.lang.Object, java.lang.Object)'> (0x00000000ebd516d8) 
thrown [s\src\hotspot\share\interpreter\linkResolver.cpp, line 759]
Event: 8.738 Thread 0x000001ebb6509a00 Exception <a 'java/io/FileNotFoundException'{0x00000000eab50628}> (0x00000000eab50628) 
thrown [s\src\hotspot\share\prims\jni.cpp, line 516]
Event: 9.012 Thread 0x000001ebb6507d20 Exception <a 'java/lang/NoClassDefFoundError'{0x00000000ebdcb830}: javax/enterprise/inject/Typed> (0x00000000ebdcb830) 
thrown [s\src\hotspot\share\classfile\systemDictionary.cpp, line 245]
Event: 9.476 Thread 0x000001ebb6507d20 Exception <a 'java/lang/NoClassDefFoundError'{0x00000000ebab5310}: com/google/inject/servlet/ServletModuleTargetVisitor> (0x00000000ebab5310) 
thrown [s\src\hotspot\share\classfile\systemDictionary.cpp, line 245]
Event: 9.700 Thread 0x000001ebb650a3a0 Exception <a 'java/lang/NoSuchMethodError'{0x00000000eb4f7f00}: 'java.lang.Object java.lang.invoke.DirectMethodHandle$Holder.newInvokeSpecial(java.lang.Object, java.lang.Object, java.lang.Object, int, java.lang.Object)'> (0x00000000eb4f7f00) 
thrown [s\src\hotspot\share\interpreter\linkResolver.cpp, line 759]
Event: 9.700 Thread 0x000001ebb650a3a0 Exception <a 'java/lang/NoSuchMethodError'{0x00000000eb4fc0b0}: 'java.lang.Object java.lang.invoke.DirectMethodHandle$Holder.invokeSpecial(java.lang.Object, java.lang.Object, java.lang.Object, java.lang.Object, int, java.lang.Object)'> (0x00000000eb4fc0b0) 
thrown [s\src\hotspot\share\interpreter\linkResolver.cpp, line 759]
Event: 9.703 Thread 0x000001ebb650a3a0 Exception <a 'java/lang/NoSuchMethodError'{0x00000000eb575c30}: 'int java.lang.invoke.DirectMethodHandle$Holder.invokeVirtual(java.lang.Object, java.lang.Object)'> (0x00000000eb575c30) 
thrown [s\src\hotspot\share\interpreter\linkResolver.cpp, line 759]

VM Operations (20 events):
Event: 9.056 Executing VM operation: ParallelGCFailedAllocation
Event: 9.058 Executing VM operation: ParallelGCFailedAllocation done
Event: 9.220 Executing VM operation: HandshakeAllThreads
Event: 9.220 Executing VM operation: HandshakeAllThreads done
Event: 9.291 Executing VM operation: HandshakeAllThreads
Event: 9.291 Executing VM operation: HandshakeAllThreads done
Event: 9.307 Executing VM operation: ParallelGCFailedAllocation
Event: 9.308 Executing VM operation: ParallelGCFailedAllocation done
Event: 9.419 Executing VM operation: HandshakeAllThreads
Event: 9.419 Executing VM operation: HandshakeAllThreads done
Event: 9.420 Executing VM operation: HandshakeAllThreads
Event: 9.420 Executing VM operation: HandshakeAllThreads done
Event: 9.494 Executing VM operation: HandshakeAllThreads
Event: 9.494 Executing VM operation: HandshakeAllThreads done
Event: 9.539 Executing VM operation: ICBufferFull
Event: 9.539 Executing VM operation: ICBufferFull done
Event: 9.586 Executing VM operation: ParallelGCFailedAllocation
Event: 9.588 Executing VM operation: ParallelGCFailedAllocation done
Event: 10.600 Executing VM operation: Cleanup
Event: 10.600 Executing VM operation: Cleanup done

Events (20 events):
Event: 9.699 loading class java/util/concurrent/ForkJoinPool$ForkJoinWorkerThreadFactory
Event: 9.699 loading class java/util/concurrent/ForkJoinPool$ForkJoinWorkerThreadFactory done
Event: 9.699 loading class java/util/concurrent/ForkJoinPool$DefaultForkJoinWorkerThreadFactory done
Event: 9.699 loading class java/util/concurrent/ForkJoinPool$1
Event: 9.699 loading class java/util/concurrent/ForkJoinPool$1 done
Event: 9.699 loading class java/util/concurrent/ForkJoinPool$DefaultCommonPoolForkJoinWorkerThreadFactory
Event: 9.699 loading class java/util/concurrent/ForkJoinPool$DefaultCommonPoolForkJoinWorkerThreadFactory done
Event: 9.699 loading class java/util/concurrent/ForkJoinPool$WorkQueue
Event: 9.700 loading class java/util/concurrent/ForkJoinPool$WorkQueue done
Event: 9.700 loading class java/util/concurrent/CompletableFuture$Completion
Event: 9.700 loading class java/util/concurrent/CompletableFuture$AsynchronousCompletionTask
Event: 9.700 loading class java/util/concurrent/CompletableFuture$AsynchronousCompletionTask done
Event: 9.700 loading class java/util/concurrent/ForkJoinTask
Event: 9.700 loading class java/util/concurrent/ForkJoinTask done
Event: 9.700 loading class java/util/concurrent/CompletableFuture$Completion done
Event: 9.702 Thread 0x000001ebb6509ed0 Thread added: 0x000001ebb6509ed0
Event: 9.702 loading class java/util/AbstractList$RandomAccessSpliterator
Event: 9.702 loading class java/util/AbstractList$RandomAccessSpliterator done
Event: 9.704 loading class java/util/stream/SortedOps$SizedRefSortingSink
Event: 9.704 loading class java/util/stream/SortedOps$SizedRefSortingSink done


Dynamic libraries:
0x00007ff61cd50000 - 0x00007ff61cd5e000 	c:\Users\hp\.antigravity\extensions\redhat.java-1.12.0-win32-x64\jre\17.0.4.1-win32-x86_64\bin\java.exe
0x00007ffb5f120000 - 0x00007ffb5f388000 	C:\WINDOWS\SYSTEM32\ntdll.dll
0x00007ffb5d470000 - 0x00007ffb5d539000 	C:\WINDOWS\System32\KERNEL32.DLL
0x00007ffb5c3a0000 - 0x00007ffb5c78d000 	C:\WINDOWS\System32\KERNELBASE.dll
0x00007ffb5c790000 - 0x00007ffb5c8db000 	C:\WINDOWS\System32\ucrtbase.dll
0x00007ffb53440000 - 0x00007ffb53458000 	c:\Users\hp\.antigravity\extensions\redhat.java-1.12.0-win32-x64\jre\17.0.4.1-win32-x86_64\bin\jli.dll
0x00007ffb53690000 - 0x00007ffb536a9000 	c:\Users\hp\.antigravity\extensions\redhat.java-1.12.0-win32-x64\jre\17.0.4.1-win32-x86_64\bin\VCRUNTIME140.dll
0x00007ffb5d740000 - 0x00007ffb5d90c000 	C:\WINDOWS\System32\USER32.dll
0x00007ffb41830000 - 0x00007ffb41aca000 	C:\WINDOWS\WinSxS\amd64_microsoft.windows.common-controls_6595b64144ccf1df_6.0.26100.4484_none_3e0e6d4ce32ef3b3\COMCTL32.dll
0x00007ffb5cd20000 - 0x00007ffb5cd47000 	C:\WINDOWS\System32\win32u.dll
0x00007ffb5e3f0000 - 0x00007ffb5e499000 	C:\WINDOWS\System32\msvcrt.dll
0x00007ffb5e780000 - 0x00007ffb5e7ab000 	C:\WINDOWS\System32\GDI32.dll
0x00007ffb5c8e0000 - 0x00007ffb5ca17000 	C:\WINDOWS\System32\gdi32full.dll
0x00007ffb5cd50000 - 0x00007ffb5cdf3000 	C:\WINDOWS\System32\msvcp_win.dll
0x00007ffb5e3b0000 - 0x00007ffb5e3df000 	C:\WINDOWS\System32\IMM32.DLL
0x00007ffb57130000 - 0x00007ffb5713c000 	c:\Users\hp\.antigravity\extensions\redhat.java-1.12.0-win32-x64\jre\17.0.4.1-win32-x86_64\bin\vcruntime140_1.dll
0x00007ffaf1a60000 - 0x00007ffaf1af1000 	c:\Users\hp\.antigravity\extensions\redhat.java-1.12.0-win32-x64\jre\17.0.4.1-win32-x86_64\bin\msvcp140.dll
0x00007ffa73400000 - 0x00007ffa74046000 	c:\Users\hp\.antigravity\extensions\redhat.java-1.12.0-win32-x64\jre\17.0.4.1-win32-x86_64\bin\server\jvm.dll
0x00007ffb5d910000 - 0x00007ffb5d9c4000 	C:\WINDOWS\System32\ADVAPI32.dll
0x00007ffb5cf40000 - 0x00007ffb5cfe6000 	C:\WINDOWS\System32\sechost.dll
0x00007ffb5e290000 - 0x00007ffb5e3a8000 	C:\WINDOWS\System32\RPCRT4.dll
0x00007ffb5d0b0000 - 0x00007ffb5d0b8000 	C:\WINDOWS\System32\PSAPI.DLL
0x00007ffb4f6b0000 - 0x00007ffb4f6ba000 	C:\WINDOWS\SYSTEM32\WSOCK32.dll
0x00007ffb55e10000 - 0x00007ffb55e45000 	C:\WINDOWS\SYSTEM32\WINMM.dll
0x00007ffb55e50000 - 0x00007ffb55e5b000 	C:\WINDOWS\SYSTEM32\VERSION.dll
0x00007ffb5d540000 - 0x00007ffb5d5b4000 	C:\WINDOWS\System32\WS2_32.dll
0x00007ffb5af80000 - 0x00007ffb5af9b000 	C:\WINDOWS\SYSTEM32\kernel.appcore.dll
0x00007ffb53430000 - 0x00007ffb5343a000 	c:\Users\hp\.antigravity\extensions\redhat.java-1.12.0-win32-x64\jre\17.0.4.1-win32-x86_64\bin\jimage.dll
0x00007ffb4fd30000 - 0x00007ffb4ff71000 	C:\WINDOWS\SYSTEM32\DBGHELP.DLL
0x00007ffb5e820000 - 0x00007ffb5eba6000 	C:\WINDOWS\System32\combase.dll
0x00007ffb5e680000 - 0x00007ffb5e760000 	C:\WINDOWS\System32\OLEAUT32.dll
0x00007ffb40d90000 - 0x00007ffb40dd3000 	C:\WINDOWS\SYSTEM32\dbgcore.DLL
0x00007ffb5c270000 - 0x00007ffb5c309000 	C:\WINDOWS\System32\bcryptPrimitives.dll
0x00007ffb2f9e0000 - 0x00007ffb2f9ee000 	c:\Users\hp\.antigravity\extensions\redhat.java-1.12.0-win32-x64\jre\17.0.4.1-win32-x86_64\bin\instrument.dll
0x00007ffb53400000 - 0x00007ffb53425000 	c:\Users\hp\.antigravity\extensions\redhat.java-1.12.0-win32-x64\jre\17.0.4.1-win32-x86_64\bin\java.dll
0x00007ffb521c0000 - 0x00007ffb521d8000 	c:\Users\hp\.antigravity\extensions\redhat.java-1.12.0-win32-x64\jre\17.0.4.1-win32-x86_64\bin\zip.dll
0x00007ffb5d9d0000 - 0x00007ffb5e11a000 	C:\WINDOWS\System32\SHELL32.dll
0x00007ffb5cba0000 - 0x00007ffb5cd14000 	C:\WINDOWS\System32\wintypes.dll
0x00007ffb59e90000 - 0x00007ffb5a6eb000 	C:\WINDOWS\SYSTEM32\windows.storage.dll
0x00007ffb5d5c0000 - 0x00007ffb5d6b5000 	C:\WINDOWS\System32\SHCORE.dll
0x00007ffb5e7b0000 - 0x00007ffb5e81a000 	C:\WINDOWS\System32\shlwapi.dll
0x00007ffb5c180000 - 0x00007ffb5c1af000 	C:\WINDOWS\SYSTEM32\profapi.dll
0x00007ffb521a0000 - 0x00007ffb521b9000 	C:\Users\hp\.antigravity\extensions\redhat.java-1.12.0-win32-x64\jre\17.0.4.1-win32-x86_64\bin\net.dll
0x00007ffb53b60000 - 0x00007ffb53c7e000 	C:\WINDOWS\SYSTEM32\WINHTTP.dll
0x00007ffb5b5a0000 - 0x00007ffb5b60a000 	C:\WINDOWS\system32\mswsock.dll
0x00007ffb52150000 - 0x00007ffb52165000 	C:\Users\hp\.antigravity\extensions\redhat.java-1.12.0-win32-x64\jre\17.0.4.1-win32-x86_64\bin\nio.dll
0x00007ffb2e7e0000 - 0x00007ffb2e7f0000 	c:\Users\hp\.antigravity\extensions\redhat.java-1.12.0-win32-x64\jre\17.0.4.1-win32-x86_64\bin\verify.dll
0x00007ffaefed0000 - 0x00007ffaeff0e000 	C:\Users\hp\AppData\Roaming\Antigravity\User\globalStorage\redhat.java\1.12.0\config_win\org.eclipse.equinox.launcher\org.eclipse.equinox.launcher.win32.win32.x86_64_1.2.600.v20220720-1916\eclipse_11700.dll
0x00007ffb5d290000 - 0x00007ffb5d42e000 	C:\WINDOWS\System32\ole32.dll
0x00007ffb5b850000 - 0x00007ffb5b86b000 	C:\WINDOWS\SYSTEM32\CRYPTSP.dll
0x00007ffb5afa0000 - 0x00007ffb5afda000 	C:\WINDOWS\system32\rsaenh.dll
0x00007ffb5b640000 - 0x00007ffb5b66b000 	C:\WINDOWS\SYSTEM32\USERENV.dll
0x00007ffb5c150000 - 0x00007ffb5c176000 	C:\WINDOWS\SYSTEM32\bcrypt.dll
0x00007ffb5b870000 - 0x00007ffb5b87c000 	C:\WINDOWS\SYSTEM32\CRYPTBASE.dll
0x00007ffb5aac0000 - 0x00007ffb5aaf3000 	C:\WINDOWS\SYSTEM32\IPHLPAPI.DLL
0x00007ffb5f0d0000 - 0x00007ffb5f0da000 	C:\WINDOWS\System32\NSI.dll
0x00007ffb55d70000 - 0x00007ffb55d8f000 	C:\WINDOWS\SYSTEM32\dhcpcsvc6.DLL
0x00007ffb55c10000 - 0x00007ffb55c35000 	C:\WINDOWS\SYSTEM32\dhcpcsvc.DLL
0x00007ffb5ab00000 - 0x00007ffb5ac26000 	C:\WINDOWS\SYSTEM32\DNSAPI.dll
0x00007ffaefac0000 - 0x00007ffaefb00000 	C:\Users\hp\AppData\Local\Temp\jna-3336\jna2365545896360891554.dll

dbghelp: loaded successfully - version: 4.0.5 - missing functions: none
symbol engine: initialized successfully - sym options: 0x614 - pdb path: .;c:\Users\hp\.antigravity\extensions\redhat.java-1.12.0-win32-x64\jre\17.0.4.1-win32-x86_64\bin;C:\WINDOWS\SYSTEM32;C:\WINDOWS\WinSxS\amd64_microsoft.windows.common-controls_6595b64144ccf1df_6.0.26100.4484_none_3e0e6d4ce32ef3b3;c:\Users\hp\.antigravity\extensions\redhat.java-1.12.0-win32-x64\jre\17.0.4.1-win32-x86_64\bin\server;C:\Users\hp\AppData\Roaming\Antigravity\User\globalStorage\redhat.java\1.12.0\config_win\org.eclipse.equinox.launcher\org.eclipse.equinox.launcher.win32.win32.x86_64_1.2.600.v20220720-1916;C:\Users\hp\AppData\Local\Temp\jna-3336

VM Arguments:
jvm_args: --add-modules=ALL-SYSTEM --add-opens=java.base/java.util=ALL-UNNAMED --add-opens=java.base/java.lang=ALL-UNNAMED --add-opens=java.base/sun.nio.fs=ALL-UNNAMED -Declipse.application=org.eclipse.jdt.ls.core.id1 -Dosgi.bundles.defaultStartLevel=4 -Declipse.product=org.eclipse.jdt.ls.core.product -Djava.import.generatesMetadataFilesAtProjectRoot=false -Dfile.encoding=utf8 -XX:+UseParallelGC -XX:GCTimeRatio=4 -XX:AdaptiveSizePolicyWeight=90 -Dsun.zip.disableMemoryMapping=true -Xmx1G -Xms100m -Xlog:disable -javaagent:c:\Users\hp\.antigravity\extensions\redhat.java-1.12.0-win32-x64\lombok\lombok-1.18.24.jar -XX:+HeapDumpOnOutOfMemoryError -XX:HeapDumpPath=c:\Users\hp\AppData\Roaming\Antigravity\User\workspaceStorage\7195a51a71e43211180b6f3698a61ed8\redhat.java 
java_command: c:\Users\hp\.antigravity\extensions\redhat.java-1.12.0-win32-x64\server\plugins\org.eclipse.equinox.launcher_1.6.400.v20210924-0641.jar -configuration c:\Users\hp\AppData\Roaming\Antigravity\User\globalStorage\redhat.java\1.12.0\config_win -data c:\Users\hp\AppData\Roaming\Antigravity\User\workspaceStorage\7195a51a71e43211180b6f3698a61ed8\redhat.java\jdt_ws
java_class_path (initial): c:\Users\hp\.antigravity\extensions\redhat.java-1.12.0-win32-x64\server\plugins\org.eclipse.equinox.launcher_1.6.400.v20210924-0641.jar
Launcher Type: SUN_STANDARD

[Global flags]
    uintx AdaptiveSizePolicyWeight                 = 90                                        {product} {command line}
     intx CICompilerCount                          = 4                                         {product} {ergonomic}
    uintx GCTimeRatio                              = 4                                         {product} {command line}
     bool HeapDumpOnOutOfMemoryError               = true                                   {manageable} {command line}
    ccstr HeapDumpPath                             = c:\Users\hp\AppData\Roaming\Antigravity\User\workspaceStorage\7195a51a71e43211180b6f3698a61ed8\redhat.java         {manageable} {command line}
   size_t InitialHeapSize                          = 104857600                                 {product} {command line}
   size_t MaxHeapSize                              = 1073741824                                {product} {command line}
   size_t MaxNewSize                               = 357564416                                 {product} {ergonomic}
   size_t MinHeapDeltaBytes                        = 524288                                    {product} {ergonomic}
   size_t MinHeapSize                              = 104857600                                 {product} {command line}
   size_t NewSize                                  = 34603008                                  {product} {ergonomic}
    uintx NonNMethodCodeHeapSize                   = 5839372                                {pd product} {ergonomic}
    uintx NonProfiledCodeHeapSize                  = 122909434                              {pd product} {ergonomic}
   size_t OldSize                                  = 70254592                                  {product} {ergonomic}
    uintx ProfiledCodeHeapSize                     = 122909434                              {pd product} {ergonomic}
    uintx ReservedCodeCacheSize                    = 251658240                              {pd product} {ergonomic}
     bool SegmentedCodeCache                       = true                                      {product} {ergonomic}
   size_t SoftMaxHeapSize                          = 1073741824                             {manageable} {ergonomic}
     bool UseCompressedClassPointers               = true                           {product lp64_product} {ergonomic}
     bool UseCompressedOops                        = true                           {product lp64_product} {ergonomic}
     bool UseLargePagesIndividualAllocation        = false                                  {pd product} {ergonomic}
     bool UseParallelGC                            = true                                      {product} {command line}

Logging:
Log output configuration:
 #0: stdout all=off uptime,level,tags
 #1: stderr all=off uptime,level,tags

Environment Variables:
PATH=C:\Python314\Scripts\;C:\Python314\;C:\Program Files\Common Files\Oracle\Java\javapath;C:\WINDOWS\system32;C:\WINDOWS;C:\WINDOWS\System32\Wbem;C:\WINDOWS\System32\WindowsPowerShell\v1.0\;C:\WINDOWS\System32\OpenSSH\;C:\Program Files\Git\cmd;C:\Program Files\nodejs\;C:\ProgramData\chocolatey\bin;C:\Python314\Scripts\;C:\Python314\;C:\Program Files\Common Files\Oracle\Java\javapath;C:\WINDOWS\system32;C:\WINDOWS;C:\WINDOWS\System32\Wbem;C:\WINDOWS\System32\WindowsPowerShell\v1.0\;C:\WINDOWS\System32\OpenSSH\;C:\Program Files\Git\cmd;C:\Program Files\nodejs\;C:\ProgramData\chocolatey\bin;C:\Program Files\nodejs"
USERNAME=hp
OS=Windows_NT
PROCESSOR_IDENTIFIER=AMD64 Family 25 Model 80 Stepping 0, AuthenticAMD
TMP=C:\Users\hp\AppData\Local\Temp
TEMP=C:\Users\hp\AppData\Local\Temp



---------------  S Y S T E M  ---------------

OS:
 Windows 11 , 64 bit Build 26100 (10.0.26100.4484)
OS uptime: 0 days 1:42 hours
Hyper-V role detected

CPU: total 12 (initial active 12) (12 cores per cpu, 2 threads per core) family 25 model 80 stepping 0 microcode 0xa50000f, cx8, cmov, fxsr, ht, mmx, 3dnowpref, sse, sse2, sse3, ssse3, sse4a, sse4.1, sse4.2, popcnt, lzcnt, tsc, tscinvbit, avx, avx2, aes, erms, clmul, bmi1, bmi2, adx, sha, fma, vzeroupper, clflush, clflushopt, hv

Memory: 4k page, system-wide physical 7518M (521M free)
TotalPageFile size 26268M (AvailPageFile size 34M)
current process WorkingSet (physical memory assigned to process): 194M, peak: 194M
current process commit charge ("private bytes"): 298M, peak: 298M

vm_info: OpenJDK 64-Bit Server VM (17.0.4.1+1) for windows-amd64 JRE (17.0.4.1+1), built on Aug 17 2022 07:42:43 by "temurin" with MS VC++ 16.7 (VS2019)

END.
