#
# There is insufficient memory for the Java Runtime Environment to continue.
# Native memory allocation (mmap) failed to map 65536 bytes for Failed to commit metaspace.
# Possible reasons:
#   The system is out of physical RAM or swap space
#   The process is running with CompressedOops enabled, and the Java Heap may be blocking the growth of the native heap
# Possible solutions:
#   Reduce memory load on the system
#   Increase physical memory or swap space
#   Check if swap backing store is full
#   Decrease Java heap size (-Xmx/-Xms)
#   Decrease number of Java threads
#   Decrease Java thread stack sizes (-Xss)
#   Set larger code cache with -XX:ReservedCodeCacheSize=
#   JVM is running with Unscaled Compressed Oops mode in which the Java heap is
#     placed in the first 4GB address space. The Java Heap base address is the
#     maximum limit for the native heap growth. Please use -XX:HeapBaseMinAddress
#     to set the Java Heap base and to place the Java Heap above 4GB virtual address.
# This output file may be truncated or incomplete.
#
#  Out of Memory Error (virtualSpaceNode.cpp:110), pid=5100, tid=27052
#
# JRE version: OpenJDK Runtime Environment Temurin-17.0.4.1+1 (17.0.4.1+1) (build 17.0.4.1+1)
# Java VM: OpenJDK 64-Bit Server VM Temurin-17.0.4.1+1 (17.0.4.1+1, mixed mode, tiered, compressed oops, compressed class ptrs, parallel gc, windows-amd64)
# No core dump will be written. Minidumps are not enabled by default on client versions of Windows
#

---------------  S U M M A R Y ------------

Command Line: --add-modules=ALL-SYSTEM --add-opens=java.base/java.util=ALL-UNNAMED --add-opens=java.base/java.lang=ALL-UNNAMED --add-opens=java.base/sun.nio.fs=ALL-UNNAMED -Declipse.application=org.eclipse.jdt.ls.core.id1 -Dosgi.bundles.defaultStartLevel=4 -Declipse.product=org.eclipse.jdt.ls.core.product -Djava.import.generatesMetadataFilesAtProjectRoot=false -Dfile.encoding=utf8 -XX:+UseParallelGC -XX:GCTimeRatio=4 -XX:AdaptiveSizePolicyWeight=90 -Dsun.zip.disableMemoryMapping=true -Xmx1G -Xms100m -Xlog:disable -javaagent:c:\Users\hp\.antigravity\extensions\redhat.java-1.12.0-win32-x64\lombok\lombok-1.18.24.jar c:\Users\hp\.antigravity\extensions\redhat.java-1.12.0-win32-x64\server\plugins\org.eclipse.equinox.launcher_1.6.400.v20210924-0641.jar -configuration c:\Users\hp\AppData\Roaming\Antigravity\User\globalStorage\redhat.java\1.12.0\config_ss_win -data c:\Users\hp\AppData\Roaming\Antigravity\User\workspaceStorage\7195a51a71e43211180b6f3698a61ed8\redhat.java\ss_ws

Host: AMD Ryzen 5 5600H with Radeon Graphics         , 12 cores, 7G,  Windows 11 , 64 bit Build 26100 (10.0.26100.4484)
Time: Thu Mar 19 18:58:51 2026 India Standard Time elapsed time: 7.722020 seconds (0d 0h 0m 7s)

---------------  T H R E A D  ---------------

Current thread (0x000001faf9a1ada0):  JavaThread "Start Level: Equinox Container: 9917181c-bc6f-4685-9a2a-5a879549cbc4" daemon [_thread_in_vm, id=27052, stack(0x0000005d19700000,0x0000005d19800000)]

Stack: [0x0000005d19700000,0x0000005d19800000]
Native frames: (J=compiled Java code, j=interpreted, Vv=VM code, C=native code)
V  [jvm.dll+0x67731a]
V  [jvm.dll+0x832284]
V  [jvm.dll+0x833a2e]
V  [jvm.dll+0x834093]
V  [jvm.dll+0x245775]
V  [jvm.dll+0x82e22b]
V  [jvm.dll+0x61bdf6]
V  [jvm.dll+0x1c07be]
V  [jvm.dll+0x61e741]
V  [jvm.dll+0x61c796]
V  [jvm.dll+0x2431cc]
V  [jvm.dll+0x6cd7ed]
V  [jvm.dll+0x6ce21f]
V  [jvm.dll+0x370333]
V  [jvm.dll+0x36f512]
V  [jvm.dll+0x36f4b8]
V  [jvm.dll+0x37f2da]
C  0x000001fae39faf44

Java frames: (J=compiled Java code, j=interpreted, Vv=VM code)
j  org.apache.felix.scr.impl.xml.XmlHandler.startElement(Ljava/lang/String;Ljava/lang/String;Ljava/lang/String;Lorg/xml/sax/Attributes;)V+1368
j  com.sun.org.apache.xerces.internal.parsers.AbstractSAXParser.startElement(Lcom/sun/org/apache/xerces/internal/xni/QName;Lcom/sun/org/apache/xerces/internal/xni/XMLAttributes;Lcom/sun/org/apache/xerces/internal/xni/Augmentations;)V+302 java.xml@17.0.4.1
j  com.sun.org.apache.xerces.internal.parsers.AbstractXMLDocumentParser.emptyElement(Lcom/sun/org/apache/xerces/internal/xni/QName;Lcom/sun/org/apache/xerces/internal/xni/XMLAttributes;Lcom/sun/org/apache/xerces/internal/xni/Augmentations;)V+4 java.xml@17.0.4.1
j  com.sun.org.apache.xerces.internal.impl.XMLNSDocumentScannerImpl.scanStartElement()Z+964 java.xml@17.0.4.1
j  com.sun.org.apache.xerces.internal.impl.XMLDocumentFragmentScannerImpl$FragmentContentDriver.next()I+427 java.xml@17.0.4.1
j  com.sun.org.apache.xerces.internal.impl.XMLDocumentScannerImpl.next()I+4 java.xml@17.0.4.1
j  com.sun.org.apache.xerces.internal.impl.XMLNSDocumentScannerImpl.next()I+31 java.xml@17.0.4.1
j  com.sun.org.apache.xerces.internal.impl.XMLDocumentFragmentScannerImpl.scanDocument(Z)Z+312 java.xml@17.0.4.1
j  com.sun.org.apache.xerces.internal.parsers.XML11Configuration.parse(Z)Z+121 java.xml@17.0.4.1
j  com.sun.org.apache.xerces.internal.parsers.XML11Configuration.parse(Lcom/sun/org/apache/xerces/internal/xni/parser/XMLInputSource;)V+30 java.xml@17.0.4.1
j  com.sun.org.apache.xerces.internal.parsers.XMLParser.parse(Lcom/sun/org/apache/xerces/internal/xni/parser/XMLInputSource;)V+76 java.xml@17.0.4.1
j  com.sun.org.apache.xerces.internal.parsers.AbstractSAXParser.parse(Lorg/xml/sax/InputSource;)V+44 java.xml@17.0.4.1
j  com.sun.org.apache.xerces.internal.jaxp.SAXParserImpl$JAXPSAXParser.parse(Lorg/xml/sax/InputSource;)V+53 java.xml@17.0.4.1
j  com.sun.org.apache.xerces.internal.jaxp.SAXParserImpl.parse(Lorg/xml/sax/InputSource;Lorg/xml/sax/helpers/DefaultHandler;)V+61 java.xml@17.0.4.1
j  javax.xml.parsers.SAXParser.parse(Ljava/io/InputStream;Lorg/xml/sax/helpers/DefaultHandler;)V+26 java.xml@17.0.4.1
j  org.apache.felix.scr.impl.BundleComponentActivator.loadDescriptor(Ljava/net/URL;)V+74
j  org.apache.felix.scr.impl.BundleComponentActivator.initialize(Ljava/util/List;)V+195
j  org.apache.felix.scr.impl.BundleComponentActivator.<init>(Lorg/apache/felix/scr/impl/logger/ScrLogger;Lorg/apache/felix/scr/impl/ComponentRegistry;Lorg/apache/felix/scr/impl/ComponentActorThread;Lorg/osgi/framework/BundleContext;Lorg/apache/felix/scr/impl/manager/ScrConfiguration;Ljava/util/List;Lorg/osgi/framework/ServiceReference;)V+124
j  org.apache.felix.scr.impl.Activator.loadComponents(Lorg/osgi/framework/Bundle;)V+373
j  org.apache.felix.scr.impl.Activator.access$200(Lorg/apache/felix/scr/impl/Activator;Lorg/osgi/framework/Bundle;)V+2
j  org.apache.felix.scr.impl.Activator$ScrExtension.start()V+72
j  org.apache.felix.scr.impl.AbstractExtender.createExtension(Lorg/osgi/framework/Bundle;)V+71
j  org.apache.felix.scr.impl.AbstractExtender.modifiedBundle(Lorg/osgi/framework/Bundle;Lorg/osgi/framework/BundleEvent;Lorg/osgi/framework/Bundle;)V+115
j  org.apache.felix.scr.impl.AbstractExtender.addingBundle(Lorg/osgi/framework/Bundle;Lorg/osgi/framework/BundleEvent;)Lorg/osgi/framework/Bundle;+4
j  org.apache.felix.scr.impl.AbstractExtender.addingBundle(Lorg/osgi/framework/Bundle;Lorg/osgi/framework/BundleEvent;)Ljava/lang/Object;+3
j  org.osgi.util.tracker.BundleTracker$Tracked.customizerAdding(Lorg/osgi/framework/Bundle;Lorg/osgi/framework/BundleEvent;)Ljava/lang/Object;+9
j  org.osgi.util.tracker.BundleTracker$Tracked.customizerAdding(Ljava/lang/Object;Ljava/lang/Object;)Ljava/lang/Object;+9
j  org.osgi.util.tracker.AbstractTracked.trackAdding(Ljava/lang/Object;Ljava/lang/Object;)V+8
j  org.osgi.util.tracker.AbstractTracked.track(Ljava/lang/Object;Ljava/lang/Object;)V+83
j  org.osgi.util.tracker.BundleTracker$Tracked.bundleChanged(Lorg/osgi/framework/BundleEvent;)V+35
j  org.eclipse.osgi.internal.framework.BundleContextImpl.dispatchEvent(Ljava/lang/Object;Ljava/lang/Object;ILjava/lang/Object;)V+159
j  org.eclipse.osgi.framework.eventmgr.EventManager.dispatchEvent(Ljava/util/Set;Lorg/eclipse/osgi/framework/eventmgr/EventDispatcher;ILjava/lang/Object;)V+48
j  org.eclipse.osgi.framework.eventmgr.ListenerQueue.dispatchEventSynchronous(ILjava/lang/Object;)V+67
j  org.eclipse.osgi.internal.framework.EquinoxEventPublisher.publishBundleEventPrivileged(Lorg/osgi/framework/BundleEvent;)V+547
j  org.eclipse.osgi.internal.framework.EquinoxEventPublisher.publishBundleEvent(Lorg/osgi/framework/BundleEvent;)V+8
j  org.eclipse.osgi.internal.framework.EquinoxEventPublisher.publishBundleEvent(ILorg/osgi/framework/Bundle;Lorg/osgi/framework/Bundle;)V+15
j  org.eclipse.osgi.internal.framework.EquinoxContainerAdaptor.publishModuleEvent(Lorg/eclipse/osgi/container/ModuleContainerAdaptor$ModuleEvent;Lorg/eclipse/osgi/container/Module;Lorg/eclipse/osgi/container/Module;)V+29
j  org.eclipse.osgi.container.Module.publishEvent(Lorg/eclipse/osgi/container/ModuleContainerAdaptor$ModuleEvent;)V+13
j  org.eclipse.osgi.container.Module.start([Lorg/eclipse/osgi/container/Module$StartOptions;)V+588
j  org.eclipse.osgi.container.ModuleContainer$ContainerStartLevel$2.run()V+71
j  org.eclipse.osgi.internal.framework.EquinoxContainerAdaptor$1$1.execute(Ljava/lang/Runnable;)V+1
j  org.eclipse.osgi.container.ModuleContainer$ContainerStartLevel.incStartLevel(ILjava/util/List;Z)V+192
j  org.eclipse.osgi.container.ModuleContainer$ContainerStartLevel.incStartLevel(ILjava/util/List;Ljava/util/List;Ljava/util/List;Ljava/util/List;)V+4
j  org.eclipse.osgi.container.ModuleContainer$ContainerStartLevel.doContainerStartLevel(Lorg/eclipse/osgi/container/Module;I[Lorg/osgi/framework/FrameworkListener;)V+349
j  org.eclipse.osgi.container.ModuleContainer$ContainerStartLevel.dispatchEvent(Lorg/eclipse/osgi/container/Module;[Lorg/osgi/framework/FrameworkListener;ILjava/lang/Integer;)V+32
j  org.eclipse.osgi.container.ModuleContainer$ContainerStartLevel.dispatchEvent(Ljava/lang/Object;Ljava/lang/Object;ILjava/lang/Object;)V+15
j  org.eclipse.osgi.framework.eventmgr.EventManager.dispatchEvent(Ljava/util/Set;Lorg/eclipse/osgi/framework/eventmgr/EventDispatcher;ILjava/lang/Object;)V+48
j  org.eclipse.osgi.framework.eventmgr.EventManager$EventThread.run()V+26
v  ~StubRoutines::call_stub

---------------  P R O C E S S  ---------------

Threads class SMR info:
_java_thread_list=0x000001faf982e240, length=16, elements={
0x000001fadf517400, 0x000001faf6e97320, 0x000001faf6e98640, 0x000001faf6ea3db0,
0x000001faf6ea4670, 0x000001faf6ea6340, 0x000001faf6ea6d00, 0x000001faf6edc920,
0x000001faf6f12120, 0x000001fadf5dcb60, 0x000001faf704b6b0, 0x000001faf71a42a0,
0x000001faf99f1200, 0x000001faf9a1a220, 0x000001faf9a1ada0, 0x000001faf9a40820
}

Java Threads: ( => current thread )
  0x000001fadf517400 JavaThread "main" [_thread_blocked, id=6684, stack(0x0000005d18000000,0x0000005d18100000)]
  0x000001faf6e97320 JavaThread "Reference Handler" daemon [_thread_blocked, id=27348, stack(0x0000005d18300000,0x0000005d18400000)]
  0x000001faf6e98640 JavaThread "Finalizer" daemon [_thread_blocked, id=27576, stack(0x0000005d18400000,0x0000005d18500000)]
  0x000001faf6ea3db0 JavaThread "Signal Dispatcher" daemon [_thread_blocked, id=27692, stack(0x0000005d18500000,0x0000005d18600000)]
  0x000001faf6ea4670 JavaThread "Attach Listener" daemon [_thread_blocked, id=27700, stack(0x0000005d18600000,0x0000005d18700000)]
  0x000001faf6ea6340 JavaThread "Service Thread" daemon [_thread_blocked, id=23260, stack(0x0000005d18700000,0x0000005d18800000)]
  0x000001faf6ea6d00 JavaThread "Monitor Deflation Thread" daemon [_thread_blocked, id=24608, stack(0x0000005d18800000,0x0000005d18900000)]
  0x000001faf6edc920 JavaThread "C2 CompilerThread0" daemon [_thread_blocked, id=27696, stack(0x0000005d18900000,0x0000005d18a00000)]
  0x000001faf6f12120 JavaThread "C1 CompilerThread0" daemon [_thread_blocked, id=27680, stack(0x0000005d18a00000,0x0000005d18b00000)]
  0x000001fadf5dcb60 JavaThread "Sweeper thread" daemon [_thread_blocked, id=27668, stack(0x0000005d18b00000,0x0000005d18c00000)]
  0x000001faf704b6b0 JavaThread "Common-Cleaner" daemon [_thread_blocked, id=24144, stack(0x0000005d18c00000,0x0000005d18d00000)]
  0x000001faf71a42a0 JavaThread "Notification Thread" daemon [_thread_blocked, id=21168, stack(0x0000005d18d00000,0x0000005d18e00000)]
  0x000001faf99f1200 JavaThread "Active Thread: Equinox Container: 9917181c-bc6f-4685-9a2a-5a879549cbc4" [_thread_blocked, id=26144, stack(0x0000005d19000000,0x0000005d19100000)]
  0x000001faf9a1a220 JavaThread "Framework Event Dispatcher: Equinox Container: 9917181c-bc6f-4685-9a2a-5a879549cbc4" daemon [_thread_blocked, id=15208, stack(0x0000005d19600000,0x0000005d19700000)]
=>0x000001faf9a1ada0 JavaThread "Start Level: Equinox Container: 9917181c-bc6f-4685-9a2a-5a879549cbc4" daemon [_thread_in_vm, id=27052, stack(0x0000005d19700000,0x0000005d19800000)]
  0x000001faf9a40820 JavaThread "SCR Component Actor" daemon [_thread_blocked, id=27300, stack(0x0000005d19800000,0x0000005d19900000)]

Other Threads:
  0x000001fadf2bece0 VMThread "VM Thread" [stack: 0x0000005d18200000,0x0000005d18300000] [id=10840] _threads_hazard_ptr=0x000001faf982e240
  0x000001faf7203770 WatcherThread [stack: 0x0000005d18e00000,0x0000005d18f00000] [id=28556]
  0x000001fadf52f3b0 GCTaskThread "GC Thread#0" [stack: 0x0000005d18100000,0x0000005d18200000] [id=21532]
  0x000001faf8b2f9e0 GCTaskThread "GC Thread#1" [stack: 0x0000005d19100000,0x0000005d19200000] [id=20088]
  0x000001faf8bf6600 GCTaskThread "GC Thread#2" [stack: 0x0000005d19200000,0x0000005d19300000] [id=24240]
  0x000001faf8bd3180 GCTaskThread "GC Thread#3" [stack: 0x0000005d19300000,0x0000005d19400000] [id=13604]
  0x000001faf8bd3430 GCTaskThread "GC Thread#4" [stack: 0x0000005d19400000,0x0000005d19500000] [id=19832]
  0x000001faf8bd36e0 GCTaskThread "GC Thread#5" [stack: 0x0000005d19500000,0x0000005d19600000] [id=16648]

Threads with active compile tasks:

VM state: synchronizing (normal execution)

VM Mutex/Monitor currently owned by a thread:  ([mutex/lock_event])
[0x000001fadf513fa0] Metaspace_lock - owner thread: 0x000001faf9a1ada0
[0x000001fadf5141e0] Threads_lock - owner thread: 0x000001fadf2bece0

Heap address: 0x00000000c0000000, size: 1024 MB, Compressed Oops mode: 32-bit

CDS archive(s) not mapped
Compressed class space mapped at: 0x0000000100000000-0x0000000140000000, reserved size: 1073741824
Narrow klass base: 0x0000000000000000, Narrow klass shift: 3, Narrow klass range: 0x140000000

GC Precious Log:
 CPUs: 12 total, 12 available
 Memory: 7518M
 Large Page Support: Disabled
 NUMA Support: Disabled
 Compressed Oops: Enabled (32-bit)
 Alignments: Space 512K, Generation 512K, Heap 2M
 Heap Min Capacity: 100M
 Heap Initial Capacity: 100M
 Heap Max Capacity: 1G
 Pre-touch: Disabled
 Parallel Workers: 10

Heap:
 PSYoungGen      total 29696K, used 28665K [0x00000000eab00000, 0x00000000ecc00000, 0x0000000100000000)
  eden space 25600K, 99% used [0x00000000eab00000,0x00000000ec3d8250,0x00000000ec400000)
  from space 4096K, 78% used [0x00000000ec400000,0x00000000ec726218,0x00000000ec800000)
  to   space 4096K, 0% used [0x00000000ec800000,0x00000000ec800000,0x00000000ecc00000)
 ParOldGen       total 68608K, used 16K [0x00000000c0000000, 0x00000000c4300000, 0x00000000eab00000)
  object space 68608K, 0% used [0x00000000c0000000,0x00000000c0004000,0x00000000c4300000)
 Metaspace       used 15019K, committed 15232K, reserved 1064960K
  class space    used 1541K, committed 1664K, reserved 1048576K

Card table byte_map: [0x000001faf2bc0000,0x000001faf2dd0000] _byte_map_base: 0x000001faf25c0000

Marking Bits: (ParMarkBitMap*) 0x00007ffa73f82cc0
 Begin Bits: [0x000001faf2f30000, 0x000001faf3f30000)
 End Bits:   [0x000001faf3f30000, 0x000001faf4f30000)

Polling page: 0x000001fadf5e0000

Metaspace:

Usage:
  Non-class:     13.16 MB used.
      Class:      1.51 MB used.
       Both:     14.67 MB used.

Virtual space:
  Non-class space:       16.00 MB reserved,      13.25 MB ( 83%) committed,  2 nodes.
      Class space:        1.00 GB reserved,       1.62 MB ( <1%) committed,  1 nodes.
             Both:        1.02 GB reserved,      14.88 MB (  1%) committed. 

Chunk freelists:
   Non-Class:  2.48 MB
       Class:  2.37 MB
        Both:  4.85 MB

MaxMetaspaceSize: unlimited
CompressedClassSpaceSize: 1.00 GB
Initial GC threshold: 21.00 MB
Current GC threshold: 21.00 MB
CDS: off
MetaspaceReclaimPolicy: balanced
 - commit_granule_bytes: 65536.
 - commit_granule_words: 8192.
 - virtual_space_node_default_size: 1048576.
 - enlarge_chunks_in_place: 1.
 - new_chunks_are_fully_committed: 0.
 - uncommit_free_chunks: 1.
 - use_allocation_guard: 0.
 - handle_deallocations: 1.


Internal statistics:

num_allocs_failed_limit: 0.
num_arena_births: 90.
num_arena_deaths: 0.
num_vsnodes_births: 3.
num_vsnodes_deaths: 0.
num_space_committed: 238.
num_space_uncommitted: 0.
num_chunks_returned_to_freelist: 0.
num_chunks_taken_from_freelist: 301.
num_chunk_merges: 0.
num_chunk_splits: 200.
num_chunks_enlarged: 153.
num_purges: 0.
num_inconsistent_stats: 0.

CodeHeap 'non-profiled nmethods': size=120000Kb used=642Kb max_used=642Kb free=119357Kb
 bounds [0x000001faeb4b0000, 0x000001faeb720000, 0x000001faf29e0000]
CodeHeap 'profiled nmethods': size=120000Kb used=2892Kb max_used=2892Kb free=117107Kb
 bounds [0x000001fae3f80000, 0x000001fae4260000, 0x000001faeb4b0000]
CodeHeap 'non-nmethods': size=5760Kb used=1158Kb max_used=1177Kb free=4602Kb
 bounds [0x000001fae39e0000, 0x000001fae3c50000, 0x000001fae3f80000]
 total_blobs=2047 nmethods=1596 adapters=365
 compilation: enabled
              stopped_count=0, restarted_count=0
 full_count=0

Compilation events (20 events):
Event: 5.668 Thread 0x000001faf6f12120 nmethod 1587 0x000001fae424ee10 code [0x000001fae424f040, 0x000001fae424f7c8]
Event: 5.668 Thread 0x000001faf6f12120 1588       3       jdk.internal.org.objectweb.asm.SymbolTable::addConstantMethodref (24 bytes)
Event: 5.668 Thread 0x000001faf6f12120 nmethod 1588 0x000001fae424fb10 code [0x000001fae424fcc0, 0x000001fae424fe68]
Event: 5.671 Thread 0x000001faf6f12120 1589       3       java.security.AccessController::executePrivileged (65 bytes)
Event: 5.671 Thread 0x000001faf6f12120 nmethod 1589 0x000001fae424ff10 code [0x000001fae42500e0, 0x000001fae42503d8]
Event: 5.671 Thread 0x000001faf6f12120 1591       3       jdk.internal.org.objectweb.asm.MethodWriter::visitInsn (115 bytes)
Event: 5.671 Thread 0x000001faf6f12120 nmethod 1591 0x000001fae4250510 code [0x000001fae42506e0, 0x000001fae4250b08]
Event: 5.671 Thread 0x000001faf6f12120 1592       3       java.security.AccessController::doPrivileged (9 bytes)
Event: 5.672 Thread 0x000001faf6edc920 nmethod 1552 0x000001faeb54e790 code [0x000001faeb54e9a0, 0x000001faeb54f8f0]
Event: 5.672 Thread 0x000001faf6f12120 nmethod 1592 0x000001fae4250c90 code [0x000001fae4250e60, 0x000001fae4251178]
Event: 5.690 Thread 0x000001faf6f12120 1593       3       java.lang.ref.SoftReference::<init> (13 bytes)
Event: 5.690 Thread 0x000001faf6f12120 nmethod 1593 0x000001fae4251310 code [0x000001fae42514c0, 0x000001fae4251758]
Event: 5.691 Thread 0x000001faf6f12120 1594       3       java.util.Arrays::fill (28 bytes)
Event: 5.691 Thread 0x000001faf6f12120 nmethod 1594 0x000001fae4251890 code [0x000001fae4251a40, 0x000001fae4251c68]
Event: 5.691 Thread 0x000001faf6f12120 1595       3       java.util.Arrays::rangeCheck (74 bytes)
Event: 5.691 Thread 0x000001faf6edc920 1596 %     4       java.util.Arrays::fill @ 10 (28 bytes)
Event: 5.691 Thread 0x000001faf6f12120 nmethod 1595 0x000001fae4251d90 code [0x000001fae4252040, 0x000001fae4252a68]
Event: 5.695 Thread 0x000001faf6edc920 nmethod 1596% 0x000001faeb550510 code [0x000001faeb550680, 0x000001faeb550818]
Event: 5.697 Thread 0x000001faf6f12120 1597       3       com.sun.org.apache.xerces.internal.util.XMLChar::isContent (35 bytes)
Event: 5.697 Thread 0x000001faf6f12120 nmethod 1597 0x000001fae4252e90 code [0x000001fae4253020, 0x000001fae4253258]

GC Heap History (2 events):
Event: 1.965 GC heap before
{Heap before GC invocations=1 (full 0):
 PSYoungGen      total 29696K, used 25600K [0x00000000eab00000, 0x00000000ecc00000, 0x0000000100000000)
  eden space 25600K, 100% used [0x00000000eab00000,0x00000000ec400000,0x00000000ec400000)
  from space 4096K, 0% used [0x00000000ec800000,0x00000000ec800000,0x00000000ecc00000)
  to   space 4096K, 0% used [0x00000000ec400000,0x00000000ec400000,0x00000000ec800000)
 ParOldGen       total 68608K, used 0K [0x00000000c0000000, 0x00000000c4300000, 0x00000000eab00000)
  object space 68608K, 0% used [0x00000000c0000000,0x00000000c0000000,0x00000000c4300000)
 Metaspace       used 10841K, committed 11008K, reserved 1064960K
  class space    used 1089K, committed 1152K, reserved 1048576K
}
Event: 1.973 GC heap after
{Heap after GC invocations=1 (full 0):
 PSYoungGen      total 29696K, used 3224K [0x00000000eab00000, 0x00000000ecc00000, 0x0000000100000000)
  eden space 25600K, 0% used [0x00000000eab00000,0x00000000eab00000,0x00000000ec400000)
  from space 4096K, 78% used [0x00000000ec400000,0x00000000ec726218,0x00000000ec800000)
  to   space 4096K, 0% used [0x00000000ec800000,0x00000000ec800000,0x00000000ecc00000)
 ParOldGen       total 68608K, used 16K [0x00000000c0000000, 0x00000000c4300000, 0x00000000eab00000)
  object space 68608K, 0% used [0x00000000c0000000,0x00000000c0004000,0x00000000c4300000)
 Metaspace       used 10841K, committed 11008K, reserved 1064960K
  class space    used 1089K, committed 1152K, reserved 1048576K
}

Deoptimization events (20 events):
Event: 1.847 Thread 0x000001fadf517400 DEOPT PACKING pc=0x000001faeb4ee314 sp=0x0000005d180fdf30
Event: 1.847 Thread 0x000001fadf517400 DEOPT UNPACKING pc=0x000001fae3a320a3 sp=0x0000005d180fdec8 mode 2
Event: 1.943 Thread 0x000001fadf517400 DEOPT PACKING pc=0x000001fae3fc9fd2 sp=0x0000005d180f9ad0
Event: 1.943 Thread 0x000001fadf517400 DEOPT UNPACKING pc=0x000001fae3a32843 sp=0x0000005d180f8f30 mode 0
Event: 2.063 Thread 0x000001fadf517400 Uncommon trap: trap_request=0xffffff45 fr.pc=0x000001faeb4e3be8 relative=0x0000000000000c48
Event: 2.063 Thread 0x000001fadf517400 Uncommon trap: reason=unstable_if action=reinterpret pc=0x000001faeb4e3be8 method=lombok.patcher.PatchScript.classMatches(Ljava/lang/String;Ljava/util/Collection;)Z @ 25 c2
Event: 2.063 Thread 0x000001fadf517400 DEOPT PACKING pc=0x000001faeb4e3be8 sp=0x0000005d180f8210
Event: 2.063 Thread 0x000001fadf517400 DEOPT UNPACKING pc=0x000001fae3a320a3 sp=0x0000005d180f8178 mode 2
Event: 2.198 Thread 0x000001fadf517400 Uncommon trap: trap_request=0xffffff45 fr.pc=0x000001faeb4f83e4 relative=0x00000000000002a4
Event: 2.198 Thread 0x000001fadf517400 Uncommon trap: reason=unstable_if action=reinterpret pc=0x000001faeb4f83e4 method=java.lang.invoke.VarHandle.checkExactAccessMode(Ljava/lang/invoke/VarHandle$AccessDescriptor;)V @ 4 c2
Event: 2.198 Thread 0x000001fadf517400 DEOPT PACKING pc=0x000001faeb4f83e4 sp=0x0000005d180fe090
Event: 2.198 Thread 0x000001fadf517400 DEOPT UNPACKING pc=0x000001fae3a320a3 sp=0x0000005d180fe060 mode 2
Event: 2.267 Thread 0x000001fadf517400 Uncommon trap: trap_request=0xffffffde fr.pc=0x000001faeb514828 relative=0x00000000000008e8
Event: 2.267 Thread 0x000001fadf517400 Uncommon trap: reason=class_check action=maybe_recompile pc=0x000001faeb514828 method=java.util.HashMap.putVal(ILjava/lang/Object;Ljava/lang/Object;ZZ)Ljava/lang/Object; @ 253 c2
Event: 2.267 Thread 0x000001fadf517400 DEOPT PACKING pc=0x000001faeb514828 sp=0x0000005d180fdb20
Event: 2.267 Thread 0x000001fadf517400 DEOPT UNPACKING pc=0x000001fae3a320a3 sp=0x0000005d180fdaa0 mode 2
Event: 2.269 Thread 0x000001fadf517400 Uncommon trap: trap_request=0xffffffde fr.pc=0x000001faeb514828 relative=0x00000000000008e8
Event: 2.269 Thread 0x000001fadf517400 Uncommon trap: reason=class_check action=maybe_recompile pc=0x000001faeb514828 method=java.util.HashMap.putVal(ILjava/lang/Object;Ljava/lang/Object;ZZ)Ljava/lang/Object; @ 253 c2
Event: 2.269 Thread 0x000001fadf517400 DEOPT PACKING pc=0x000001faeb514828 sp=0x0000005d180fdb20
Event: 2.269 Thread 0x000001fadf517400 DEOPT UNPACKING pc=0x000001fae3a320a3 sp=0x0000005d180fdaa0 mode 2

Classes unloaded (0 events):
No events

Classes redefined (0 events):
No events

Internal exceptions (20 events):
Event: 1.576 Thread 0x000001fadf517400 Implicit null exception at 0x000001faeb4e79f2 to 0x000001faeb4e7f20
Event: 1.579 Thread 0x000001fadf517400 Exception <a 'java/io/FileNotFoundException'{0x00000000eb770c68}> (0x00000000eb770c68) 
thrown [s\src\hotspot\share\prims\jni.cpp, line 516]
Event: 1.784 Thread 0x000001fadf517400 Exception <a 'java/lang/ClassNotFoundException'{0x00000000ebf699b0}: sun/net/www/protocol/c/Handler> (0x00000000ebf699b0) 
thrown [s\src\hotspot\share\classfile\systemDictionary.cpp, line 256]
Event: 1.785 Thread 0x000001fadf517400 Exception <a 'java/lang/ClassNotFoundException'{0x00000000ebf6ad08}: sun/net/www/protocol/c/Handler> (0x00000000ebf6ad08) 
thrown [s\src\hotspot\share\classfile\systemDictionary.cpp, line 256]
Event: 1.785 Thread 0x000001fadf517400 Exception <a 'java/lang/ClassNotFoundException'{0x00000000ebf6beb0}: sun/net/www/protocol/c/Handler> (0x00000000ebf6beb0) 
thrown [s\src\hotspot\share\classfile\systemDictionary.cpp, line 256]
Event: 1.794 Thread 0x000001fadf517400 Exception <a 'java/io/FileNotFoundException'{0x00000000ebf8aca0}> (0x00000000ebf8aca0) 
thrown [s\src\hotspot\share\prims\jni.cpp, line 516]
Event: 1.846 Thread 0x000001fadf517400 Implicit null exception at 0x000001faeb507b7b to 0x000001faeb508580
Event: 1.846 Thread 0x000001fadf517400 Implicit null exception at 0x000001faeb5020f1 to 0x000001faeb5022e4
Event: 1.847 Thread 0x000001fadf517400 Implicit null exception at 0x000001faeb4f8d71 to 0x000001faeb4f8f60
Event: 1.847 Thread 0x000001fadf517400 Implicit null exception at 0x000001faeb4ee28f to 0x000001faeb4ee305
Event: 1.900 Thread 0x000001fadf517400 Exception <a 'java/lang/NoSuchMethodError'{0x00000000ec256628}: 'int java.lang.invoke.DirectMethodHandle$Holder.invokeStaticInit(java.lang.Object, java.lang.Object, java.lang.Object, java.lang.Object)'> (0x00000000ec256628) 
thrown [s\src\hotspot\share\interpreter\linkResolver.cpp, line 759]
Event: 1.903 Thread 0x000001fadf517400 Exception <a 'java/lang/NoSuchMethodError'{0x00000000ec260c98}: 'java.lang.Object java.lang.invoke.DirectMethodHandle$Holder.invokeInterface(java.lang.Object, java.lang.Object)'> (0x00000000ec260c98) 
thrown [s\src\hotspot\share\interpreter\linkResolver.cpp, line 759]
Event: 1.903 Thread 0x000001fadf517400 Exception <a 'java/lang/IncompatibleClassChangeError'{0x00000000ec264490}: Found class java.lang.Object, but interface was expected> (0x00000000ec264490) 
thrown [s\src\hotspot\share\interpreter\linkResolver.cpp, line 826]
Event: 1.905 Thread 0x000001fadf517400 Exception <a 'java/lang/NoSuchMethodError'{0x00000000ec268988}: 'void java.lang.invoke.DirectMethodHandle$Holder.invokeStatic(java.lang.Object, java.lang.Object)'> (0x00000000ec268988) 
thrown [s\src\hotspot\share\interpreter\linkResolver.cpp, line 759]
Event: 1.906 Thread 0x000001fadf517400 Exception <a 'java/lang/NoSuchMethodError'{0x00000000ec26c188}: 'void java.lang.invoke.DirectMethodHandle$Holder.invokeStaticInit(java.lang.Object, java.lang.Object)'> (0x00000000ec26c188) 
thrown [s\src\hotspot\share\interpreter\linkResolver.cpp, line 759]
Event: 1.907 Thread 0x000001fadf517400 Exception <a 'java/lang/NoSuchMethodError'{0x00000000ec273510}: 'int java.lang.invoke.DirectMethodHandle$Holder.invokeStaticInit(java.lang.Object, java.lang.Object)'> (0x00000000ec273510) 
thrown [s\src\hotspot\share\interpreter\linkResolver.cpp, line 759]
Event: 1.950 Thread 0x000001fadf517400 Exception <a 'java/lang/NoSuchMethodError'{0x00000000ec399b50}: 'void java.lang.invoke.DirectMethodHandle$Holder.invokeSpecial(java.lang.Object, java.lang.Object, java.lang.Object)'> (0x00000000ec399b50) 
thrown [s\src\hotspot\share\interpreter\linkResolver.cpp, line 759]
Event: 2.252 Thread 0x000001fadf517400 Exception <a 'java/lang/NoSuchMethodError'{0x00000000eb6502a8}: 'java.lang.Object java.lang.invoke.DirectMethodHandle$Holder.newInvokeSpecial(java.lang.Object, int, java.lang.Object)'> (0x00000000eb6502a8) 
thrown [s\src\hotspot\share\interpreter\linkResolver.cpp, line 759]
Event: 2.541 Thread 0x000001fadf517400 Exception <a 'java/lang/UnsatisfiedLinkError'{0x00000000ebb80620}: 'void org.eclipse.equinox.launcher.JNIBridge._update_splash()'> (0x00000000ebb80620) 
thrown [s\src\hotspot\share\prims\nativeLookup.cpp, line 543]
Event: 2.596 Thread 0x000001faf9a1ada0 Exception <a 'java/lang/NoSuchMethodError'{0x00000000ebe55630}: 'java.lang.Object java.lang.invoke.DirectMethodHandle$Holder.invokeStaticInit(java.lang.Object)'> (0x00000000ebe55630) 
thrown [s\src\hotspot\share\interpreter\linkResolver.cpp, line 759]

VM Operations (20 events):
Event: 1.847 Executing VM operation: ICBufferFull done
Event: 1.965 Executing VM operation: ParallelGCFailedAllocation
Event: 1.973 Executing VM operation: ParallelGCFailedAllocation done
Event: 2.227 Executing VM operation: HandshakeAllThreads
Event: 2.227 Executing VM operation: HandshakeAllThreads done
Event: 2.227 Executing VM operation: HandshakeAllThreads
Event: 2.227 Executing VM operation: HandshakeAllThreads done
Event: 2.235 Executing VM operation: HandshakeAllThreads
Event: 2.235 Executing VM operation: HandshakeAllThreads done
Event: 2.247 Executing VM operation: HandshakeAllThreads
Event: 2.247 Executing VM operation: HandshakeAllThreads done
Event: 2.610 Executing VM operation: HandshakeAllThreads
Event: 3.610 Executing VM operation: HandshakeAllThreads done
Event: 3.610 Executing VM operation: Cleanup
Event: 3.610 Executing VM operation: Cleanup done
Event: 4.616 Executing VM operation: Cleanup
Event: 4.648 Executing VM operation: Cleanup done
Event: 5.659 Executing VM operation: Cleanup
Event: 5.659 Executing VM operation: Cleanup done
Event: 6.673 Executing VM operation: Cleanup

Events (20 events):
Event: 5.690 loading class com/sun/xml/internal/stream/Entity$ScannedEntity
Event: 5.690 loading class com/sun/xml/internal/stream/Entity
Event: 5.690 loading class com/sun/xml/internal/stream/Entity done
Event: 5.690 loading class com/sun/xml/internal/stream/Entity$ScannedEntity done
Event: 5.691 loading class com/sun/org/apache/xerces/internal/util/XMLChar
Event: 5.691 loading class com/sun/org/apache/xerces/internal/util/XMLChar done
Event: 5.691 loading class com/sun/org/apache/xerces/internal/util/XMLSymbols
Event: 5.692 loading class com/sun/org/apache/xerces/internal/util/XMLSymbols done
Event: 5.692 loading class com/sun/org/apache/xerces/internal/parsers/AbstractSAXParser$LocatorProxy
Event: 5.692 loading class org/xml/sax/ext/Locator2
Event: 5.692 loading class org/xml/sax/Locator
Event: 5.692 loading class org/xml/sax/Locator done
Event: 5.692 loading class org/xml/sax/ext/Locator2 done
Event: 5.692 loading class com/sun/org/apache/xerces/internal/parsers/AbstractSAXParser$LocatorProxy done
Event: 5.692 loading class com/sun/org/apache/xerces/internal/impl/XMLScanner$NameType
Event: 5.692 loading class com/sun/org/apache/xerces/internal/impl/XMLScanner$NameType done
Event: 5.692 loading class com/sun/org/apache/xerces/internal/impl/Constants
Event: 5.693 loading class com/sun/org/apache/xerces/internal/impl/Constants done
Event: 5.693 loading class com/sun/org/apache/xerces/internal/impl/Constants$ArrayEnumeration
Event: 5.693 loading class com/sun/org/apache/xerces/internal/impl/Constants$ArrayEnumeration done


Dynamic libraries:
0x00007ff61cd50000 - 0x00007ff61cd5e000 	c:\Users\hp\.antigravity\extensions\redhat.java-1.12.0-win32-x64\jre\17.0.4.1-win32-x86_64\bin\java.exe
0x00007ffb5f120000 - 0x00007ffb5f388000 	C:\WINDOWS\SYSTEM32\ntdll.dll
0x00007ffb5d470000 - 0x00007ffb5d539000 	C:\WINDOWS\System32\KERNEL32.DLL
0x00007ffb5c3a0000 - 0x00007ffb5c78d000 	C:\WINDOWS\System32\KERNELBASE.dll
0x00007ffb5c790000 - 0x00007ffb5c8db000 	C:\WINDOWS\System32\ucrtbase.dll
0x00007ffb533f0000 - 0x00007ffb53408000 	c:\Users\hp\.antigravity\extensions\redhat.java-1.12.0-win32-x64\jre\17.0.4.1-win32-x86_64\bin\jli.dll
0x00007ffb52150000 - 0x00007ffb52169000 	c:\Users\hp\.antigravity\extensions\redhat.java-1.12.0-win32-x64\jre\17.0.4.1-win32-x86_64\bin\VCRUNTIME140.dll
0x00007ffb5d740000 - 0x00007ffb5d90c000 	C:\WINDOWS\System32\USER32.dll
0x00007ffb5cd20000 - 0x00007ffb5cd47000 	C:\WINDOWS\System32\win32u.dll
0x00007ffb41830000 - 0x00007ffb41aca000 	C:\WINDOWS\WinSxS\amd64_microsoft.windows.common-controls_6595b64144ccf1df_6.0.26100.4484_none_3e0e6d4ce32ef3b3\COMCTL32.dll
0x00007ffb5e780000 - 0x00007ffb5e7ab000 	C:\WINDOWS\System32\GDI32.dll
0x00007ffb5e3f0000 - 0x00007ffb5e499000 	C:\WINDOWS\System32\msvcrt.dll
0x00007ffb5c8e0000 - 0x00007ffb5ca17000 	C:\WINDOWS\System32\gdi32full.dll
0x00007ffb5cd50000 - 0x00007ffb5cdf3000 	C:\WINDOWS\System32\msvcp_win.dll
0x00007ffb5e3b0000 - 0x00007ffb5e3df000 	C:\WINDOWS\System32\IMM32.DLL
0x00007ffb452e0000 - 0x00007ffb452ec000 	c:\Users\hp\.antigravity\extensions\redhat.java-1.12.0-win32-x64\jre\17.0.4.1-win32-x86_64\bin\vcruntime140_1.dll
0x00007ffaef820000 - 0x00007ffaef8b1000 	c:\Users\hp\.antigravity\extensions\redhat.java-1.12.0-win32-x64\jre\17.0.4.1-win32-x86_64\bin\msvcp140.dll
0x00007ffa73400000 - 0x00007ffa74046000 	c:\Users\hp\.antigravity\extensions\redhat.java-1.12.0-win32-x64\jre\17.0.4.1-win32-x86_64\bin\server\jvm.dll
0x00007ffb5d910000 - 0x00007ffb5d9c4000 	C:\WINDOWS\System32\ADVAPI32.dll
0x00007ffb5cf40000 - 0x00007ffb5cfe6000 	C:\WINDOWS\System32\sechost.dll
0x00007ffb5e290000 - 0x00007ffb5e3a8000 	C:\WINDOWS\System32\RPCRT4.dll
0x00007ffb5d0b0000 - 0x00007ffb5d0b8000 	C:\WINDOWS\System32\PSAPI.DLL
0x00007ffb55e10000 - 0x00007ffb55e45000 	C:\WINDOWS\SYSTEM32\WINMM.dll
0x00007ffb4f6b0000 - 0x00007ffb4f6ba000 	C:\WINDOWS\SYSTEM32\WSOCK32.dll
0x00007ffb55e50000 - 0x00007ffb55e5b000 	C:\WINDOWS\SYSTEM32\VERSION.dll
0x00007ffb5d540000 - 0x00007ffb5d5b4000 	C:\WINDOWS\System32\WS2_32.dll
0x00007ffb5af80000 - 0x00007ffb5af9b000 	C:\WINDOWS\SYSTEM32\kernel.appcore.dll
0x00007ffb38c20000 - 0x00007ffb38c2a000 	c:\Users\hp\.antigravity\extensions\redhat.java-1.12.0-win32-x64\jre\17.0.4.1-win32-x86_64\bin\jimage.dll
0x00007ffb4fd30000 - 0x00007ffb4ff71000 	C:\WINDOWS\SYSTEM32\DBGHELP.DLL
0x00007ffb5e820000 - 0x00007ffb5eba6000 	C:\WINDOWS\System32\combase.dll
0x00007ffb5e680000 - 0x00007ffb5e760000 	C:\WINDOWS\System32\OLEAUT32.dll
0x00007ffb40d90000 - 0x00007ffb40dd3000 	C:\WINDOWS\SYSTEM32\dbgcore.DLL
0x00007ffb5c270000 - 0x00007ffb5c309000 	C:\WINDOWS\System32\bcryptPrimitives.dll
0x00007ffb33c90000 - 0x00007ffb33c9e000 	c:\Users\hp\.antigravity\extensions\redhat.java-1.12.0-win32-x64\jre\17.0.4.1-win32-x86_64\bin\instrument.dll
0x00007ffaefee0000 - 0x00007ffaeff05000 	c:\Users\hp\.antigravity\extensions\redhat.java-1.12.0-win32-x64\jre\17.0.4.1-win32-x86_64\bin\java.dll
0x00007ffb2baa0000 - 0x00007ffb2bab8000 	c:\Users\hp\.antigravity\extensions\redhat.java-1.12.0-win32-x64\jre\17.0.4.1-win32-x86_64\bin\zip.dll
0x00007ffb5d9d0000 - 0x00007ffb5e11a000 	C:\WINDOWS\System32\SHELL32.dll
0x00007ffb5cba0000 - 0x00007ffb5cd14000 	C:\WINDOWS\System32\wintypes.dll
0x00007ffb59e90000 - 0x00007ffb5a6eb000 	C:\WINDOWS\SYSTEM32\windows.storage.dll
0x00007ffb5d5c0000 - 0x00007ffb5d6b5000 	C:\WINDOWS\System32\SHCORE.dll
0x00007ffb5e7b0000 - 0x00007ffb5e81a000 	C:\WINDOWS\System32\shlwapi.dll
0x00007ffb5c180000 - 0x00007ffb5c1af000 	C:\WINDOWS\SYSTEM32\profapi.dll
0x00007ffb0d5e0000 - 0x00007ffb0d5f9000 	C:\Users\hp\.antigravity\extensions\redhat.java-1.12.0-win32-x64\jre\17.0.4.1-win32-x86_64\bin\net.dll
0x00007ffb53b60000 - 0x00007ffb53c7e000 	C:\WINDOWS\SYSTEM32\WINHTTP.dll
0x00007ffb5b5a0000 - 0x00007ffb5b60a000 	C:\WINDOWS\system32\mswsock.dll
0x00007ffafe820000 - 0x00007ffafe835000 	C:\Users\hp\.antigravity\extensions\redhat.java-1.12.0-win32-x64\jre\17.0.4.1-win32-x86_64\bin\nio.dll
0x00007ffb2bc90000 - 0x00007ffb2bca0000 	c:\Users\hp\.antigravity\extensions\redhat.java-1.12.0-win32-x64\jre\17.0.4.1-win32-x86_64\bin\verify.dll
0x00007ffaefac0000 - 0x00007ffaefafe000 	C:\Users\hp\AppData\Roaming\Antigravity\User\globalStorage\redhat.java\1.12.0\config_ss_win\org.eclipse.equinox.launcher\org.eclipse.equinox.launcher.win32.win32.x86_64_1.2.600.v20220720-1916\eclipse_11700.dll
0x00007ffb5d290000 - 0x00007ffb5d42e000 	C:\WINDOWS\System32\ole32.dll

dbghelp: loaded successfully - version: 4.0.5 - missing functions: none
symbol engine: initialized successfully - sym options: 0x614 - pdb path: .;c:\Users\hp\.antigravity\extensions\redhat.java-1.12.0-win32-x64\jre\17.0.4.1-win32-x86_64\bin;C:\WINDOWS\SYSTEM32;C:\WINDOWS\WinSxS\amd64_microsoft.windows.common-controls_6595b64144ccf1df_6.0.26100.4484_none_3e0e6d4ce32ef3b3;c:\Users\hp\.antigravity\extensions\redhat.java-1.12.0-win32-x64\jre\17.0.4.1-win32-x86_64\bin\server;C:\Users\hp\AppData\Roaming\Antigravity\User\globalStorage\redhat.java\1.12.0\config_ss_win\org.eclipse.equinox.launcher\org.eclipse.equinox.launcher.win32.win32.x86_64_1.2.600.v20220720-1916

VM Arguments:
jvm_args: --add-modules=ALL-SYSTEM --add-opens=java.base/java.util=ALL-UNNAMED --add-opens=java.base/java.lang=ALL-UNNAMED --add-opens=java.base/sun.nio.fs=ALL-UNNAMED -Declipse.application=org.eclipse.jdt.ls.core.id1 -Dosgi.bundles.defaultStartLevel=4 -Declipse.product=org.eclipse.jdt.ls.core.product -Djava.import.generatesMetadataFilesAtProjectRoot=false -Dfile.encoding=utf8 -XX:+UseParallelGC -XX:GCTimeRatio=4 -XX:AdaptiveSizePolicyWeight=90 -Dsun.zip.disableMemoryMapping=true -Xmx1G -Xms100m -Xlog:disable -javaagent:c:\Users\hp\.antigravity\extensions\redhat.java-1.12.0-win32-x64\lombok\lombok-1.18.24.jar 
java_command: c:\Users\hp\.antigravity\extensions\redhat.java-1.12.0-win32-x64\server\plugins\org.eclipse.equinox.launcher_1.6.400.v20210924-0641.jar -configuration c:\Users\hp\AppData\Roaming\Antigravity\User\globalStorage\redhat.java\1.12.0\config_ss_win -data c:\Users\hp\AppData\Roaming\Antigravity\User\workspaceStorage\7195a51a71e43211180b6f3698a61ed8\redhat.java\ss_ws
java_class_path (initial): c:\Users\hp\.antigravity\extensions\redhat.java-1.12.0-win32-x64\server\plugins\org.eclipse.equinox.launcher_1.6.400.v20210924-0641.jar
Launcher Type: SUN_STANDARD

[Global flags]
    uintx AdaptiveSizePolicyWeight                 = 90                                        {product} {command line}
     intx CICompilerCount                          = 4                                         {product} {ergonomic}
    uintx GCTimeRatio                              = 4                                         {product} {command line}
   size_t InitialHeapSize                          = 104857600                                 {product} {command line}
   size_t MaxHeapSize                              = 1073741824                                {product} {command line}
   size_t MaxNewSize                               = 357564416                                 {product} {ergonomic}
   size_t MinHeapDeltaBytes                        = 524288                                    {product} {ergonomic}
   size_t MinHeapSize                              = 104857600                                 {product} {command line}
   size_t NewSize                                  = 34603008                                  {product} {ergonomic}
    uintx NonNMethodCodeHeapSize                   = 5839372                                {pd product} {ergonomic}
    uintx NonProfiledCodeHeapSize                  = 122909434                              {pd product} {ergonomic}
   size_t OldSize                                  = 70254592                                  {product} {ergonomic}
    uintx ProfiledCodeHeapSize                     = 122909434                              {pd product} {ergonomic}
    uintx ReservedCodeCacheSize                    = 251658240                              {pd product} {ergonomic}
     bool SegmentedCodeCache                       = true                                      {product} {ergonomic}
   size_t SoftMaxHeapSize                          = 1073741824                             {manageable} {ergonomic}
     bool UseCompressedClassPointers               = true                           {product lp64_product} {ergonomic}
     bool UseCompressedOops                        = true                           {product lp64_product} {ergonomic}
     bool UseLargePagesIndividualAllocation        = false                                  {pd product} {ergonomic}
     bool UseParallelGC                            = true                                      {product} {command line}

Logging:
Log output configuration:
 #0: stdout all=off uptime,level,tags
 #1: stderr all=off uptime,level,tags

Environment Variables:
PATH=C:\Python314\Scripts\;C:\Python314\;C:\Program Files\Common Files\Oracle\Java\javapath;C:\WINDOWS\system32;C:\WINDOWS;C:\WINDOWS\System32\Wbem;C:\WINDOWS\System32\WindowsPowerShell\v1.0\;C:\WINDOWS\System32\OpenSSH\;C:\Program Files\Git\cmd;C:\Program Files\nodejs\;C:\ProgramData\chocolatey\bin;C:\Python314\Scripts\;C:\Python314\;C:\Program Files\Common Files\Oracle\Java\javapath;C:\WINDOWS\system32;C:\WINDOWS;C:\WINDOWS\System32\Wbem;C:\WINDOWS\System32\WindowsPowerShell\v1.0\;C:\WINDOWS\System32\OpenSSH\;C:\Program Files\Git\cmd;C:\Program Files\nodejs\;C:\ProgramData\chocolatey\bin;C:\Program Files\nodejs"
USERNAME=hp
OS=Windows_NT
PROCESSOR_IDENTIFIER=AMD64 Family 25 Model 80 Stepping 0, AuthenticAMD
TMP=C:\Users\hp\AppData\Local\Temp
TEMP=C:\Users\hp\AppData\Local\Temp



---------------  S Y S T E M  ---------------

OS:
 Windows 11 , 64 bit Build 26100 (10.0.26100.4484)
OS uptime: 0 days 1:41 hours
Hyper-V role detected

CPU: total 12 (initial active 12) (12 cores per cpu, 2 threads per core) family 25 model 80 stepping 0 microcode 0xa50000f, cx8, cmov, fxsr, ht, mmx, 3dnowpref, sse, sse2, sse3, ssse3, sse4a, sse4.1, sse4.2, popcnt, lzcnt, tsc, tscinvbit, avx, avx2, aes, erms, clmul, bmi1, bmi2, adx, sha, fma, vzeroupper, clflush, clflushopt, hv

Memory: 4k page, system-wide physical 7518M (569M free)
TotalPageFile size 26268M (AvailPageFile size 0M)
current process WorkingSet (physical memory assigned to process): 81M, peak: 88M
current process commit charge ("private bytes"): 209M, peak: 214M

vm_info: OpenJDK 64-Bit Server VM (17.0.4.1+1) for windows-amd64 JRE (17.0.4.1+1), built on Aug 17 2022 07:42:43 by "temurin" with MS VC++ 16.7 (VS2019)

END.
