#
# There is insufficient memory for the Java Runtime Environment to continue.
# Native memory allocation (malloc) failed to allocate 146256 bytes for Chunk::new
# Possible reasons:
#   The system is out of physical RAM or swap space
#   The process is running with CompressedOops enabled, and the Java Heap may be blocking the growth of the native heap
# Possible solutions:
#   Reduce memory load on the system
#   Increase physical memory or swap space
#   Check if swap backing store is full
#   Decrease Java heap size (-Xmx/-Xms)
#   Decrease number of Java threads
#   Decrease Java thread stack sizes (-Xss)
#   Set larger code cache with -XX:ReservedCodeCacheSize=
#   JVM is running with Unscaled Compressed Oops mode in which the Java heap is
#     placed in the first 4GB address space. The Java Heap base address is the
#     maximum limit for the native heap growth. Please use -XX:HeapBaseMinAddress
#     to set the Java Heap base and to place the Java Heap above 4GB virtual address.
# This output file may be truncated or incomplete.
#
#  Out of Memory Error (arena.cpp:189), pid=22956, tid=11204
#
# JRE version: OpenJDK Runtime Environment Temurin-17.0.4.1+1 (17.0.4.1+1) (build 17.0.4.1+1)
# Java VM: OpenJDK 64-Bit Server VM Temurin-17.0.4.1+1 (17.0.4.1+1, mixed mode, tiered, compressed oops, compressed class ptrs, parallel gc, windows-amd64)
# No core dump will be written. Minidumps are not enabled by default on client versions of Windows
#

---------------  S U M M A R Y ------------

Command Line: --add-modules=ALL-SYSTEM --add-opens=java.base/java.util=ALL-UNNAMED --add-opens=java.base/java.lang=ALL-UNNAMED --add-opens=java.base/sun.nio.fs=ALL-UNNAMED -Declipse.application=org.eclipse.jdt.ls.core.id1 -Dosgi.bundles.defaultStartLevel=4 -Declipse.product=org.eclipse.jdt.ls.core.product -Djava.import.generatesMetadataFilesAtProjectRoot=false -Dfile.encoding=utf8 -XX:+UseParallelGC -XX:GCTimeRatio=4 -XX:AdaptiveSizePolicyWeight=90 -Dsun.zip.disableMemoryMapping=true -Xmx1G -Xms100m -Xlog:disable -javaagent:c:\Users\hp\.antigravity\extensions\redhat.java-1.12.0-win32-x64\lombok\lombok-1.18.24.jar -XX:+HeapDumpOnOutOfMemoryError -XX:HeapDumpPath=c:\Users\hp\AppData\Roaming\Antigravity\User\workspaceStorage\7195a51a71e43211180b6f3698a61ed8\redhat.java c:\Users\hp\.antigravity\extensions\redhat.java-1.12.0-win32-x64\server\plugins\org.eclipse.equinox.launcher_1.6.400.v20210924-0641.jar -configuration c:\Users\hp\AppData\Roaming\Antigravity\User\globalStorage\redhat.java\1.12.0\config_win -data c:\Users\hp\AppData\Roaming\Antigravity\User\workspaceStorage\7195a51a71e43211180b6f3698a61ed8\redhat.java\jdt_ws

Host: AMD Ryzen 5 5600H with Radeon Graphics         , 12 cores, 7G,  Windows 11 , 64 bit Build 26100 (10.0.26100.4484)
Time: Thu Mar 19 19:00:31 2026 India Standard Time elapsed time: 9.777274 seconds (0d 0h 0m 9s)

---------------  T H R E A D  ---------------

Current thread (0x0000020c1aec0020):  JavaThread "C2 CompilerThread0" daemon [_thread_in_native, id=11204, stack(0x0000004e8ba00000,0x0000004e8bb00000)]


Current CompileTask:
C2:   9777 2598   !   4       java.util.zip.ZipFile::getEntry (59 bytes)

Stack: [0x0000004e8ba00000,0x0000004e8bb00000]
Native frames: (J=compiled Java code, j=interpreted, Vv=VM code, C=native code)
V  [jvm.dll+0x67731a]
V  [jvm.dll+0x832284]
V  [jvm.dll+0x833a2e]
V  [jvm.dll+0x834093]
V  [jvm.dll+0x245775]
V  [jvm.dll+0xabd7b]
V  [jvm.dll+0xac30c]
V  [jvm.dll+0x2ac80f]
V  [jvm.dll+0x57dd77]
V  [jvm.dll+0x220892]
V  [jvm.dll+0x21a182]
V  [jvm.dll+0x21799b]
V  [jvm.dll+0x1a3f8d]
V  [jvm.dll+0x227498]
V  [jvm.dll+0x2255e5]
V  [jvm.dll+0x7e7e9b]
V  [jvm.dll+0x7e240a]
V  [jvm.dll+0x6761a5]
C  [ucrtbase.dll+0x37b0]
C  [KERNEL32.DLL+0x2e8d7]
C  [ntdll.dll+0x3c34c]


---------------  P R O C E S S  ---------------

Threads class SMR info:
_java_thread_list=0x0000020c1c68bbe0, length=23, elements={
0x0000020c0358fe90, 0x0000020c03647dd0, 0x0000020c0364ae40, 0x0000020c19357480,
0x0000020c19357d40, 0x0000020c1935b9c0, 0x0000020c1935ce90, 0x0000020c1aec0020,
0x0000020c1aec2930, 0x0000020c0339cea0, 0x0000020c1923c0d0, 0x0000020c1b182900,
0x0000020c1cb7f040, 0x0000020c1cb5bf80, 0x0000020c1cbf1a50, 0x0000020c1dbbe8c0,
0x0000020c1c822e10, 0x0000020c1de59860, 0x0000020c1df5a090, 0x0000020c1df5aa30,
0x0000020c1cafa030, 0x0000020c1df58880, 0x0000020c1df57a10
}

Java Threads: ( => current thread )
  0x0000020c0358fe90 JavaThread "main" [_thread_blocked, id=20136, stack(0x0000004e8b100000,0x0000004e8b200000)]
  0x0000020c03647dd0 JavaThread "Reference Handler" daemon [_thread_blocked, id=20676, stack(0x0000004e8b400000,0x0000004e8b500000)]
  0x0000020c0364ae40 JavaThread "Finalizer" daemon [_thread_blocked, id=9432, stack(0x0000004e8b500000,0x0000004e8b600000)]
  0x0000020c19357480 JavaThread "Signal Dispatcher" daemon [_thread_blocked, id=4440, stack(0x0000004e8b600000,0x0000004e8b700000)]
  0x0000020c19357d40 JavaThread "Attach Listener" daemon [_thread_blocked, id=25048, stack(0x0000004e8b700000,0x0000004e8b800000)]
  0x0000020c1935b9c0 JavaThread "Service Thread" daemon [_thread_blocked, id=27584, stack(0x0000004e8b800000,0x0000004e8b900000)]
  0x0000020c1935ce90 JavaThread "Monitor Deflation Thread" daemon [_thread_blocked, id=8408, stack(0x0000004e8b900000,0x0000004e8ba00000)]
=>0x0000020c1aec0020 JavaThread "C2 CompilerThread0" daemon [_thread_in_native, id=11204, stack(0x0000004e8ba00000,0x0000004e8bb00000)]
  0x0000020c1aec2930 JavaThread "C1 CompilerThread0" daemon [_thread_in_native, id=13256, stack(0x0000004e8bb00000,0x0000004e8bc00000)]
  0x0000020c0339cea0 JavaThread "Sweeper thread" daemon [_thread_blocked, id=13640, stack(0x0000004e8bc00000,0x0000004e8bd00000)]
  0x0000020c1923c0d0 JavaThread "Common-Cleaner" daemon [_thread_blocked, id=26652, stack(0x0000004e8bd00000,0x0000004e8be00000)]
  0x0000020c1b182900 JavaThread "Notification Thread" daemon [_thread_blocked, id=23512, stack(0x0000004e8bf00000,0x0000004e8c000000)]
  0x0000020c1cb7f040 JavaThread "Active Thread: Equinox Container: ec3aece4-0aa2-4ac0-9e3a-38851016bc5c" [_thread_blocked, id=28664, stack(0x0000004e8c600000,0x0000004e8c700000)]
  0x0000020c1cb5bf80 JavaThread "Framework Event Dispatcher: Equinox Container: ec3aece4-0aa2-4ac0-9e3a-38851016bc5c" daemon [_thread_blocked, id=28396, stack(0x0000004e8c700000,0x0000004e8c800000)]
  0x0000020c1cbf1a50 JavaThread "Start Level: Equinox Container: ec3aece4-0aa2-4ac0-9e3a-38851016bc5c" daemon [_thread_in_native, id=24900, stack(0x0000004e8c800000,0x0000004e8c900000)]
  0x0000020c1dbbe8c0 JavaThread "SCR Component Actor" daemon [_thread_blocked, id=2328, stack(0x0000004e8c900000,0x0000004e8ca00000)]
  0x0000020c1c822e10 JavaThread "SCR Component Registry" daemon [_thread_blocked, id=13604, stack(0x0000004e8cc00000,0x0000004e8cd00000)]
  0x0000020c1de59860 JavaThread "Worker-JM" [_thread_blocked, id=20712, stack(0x0000004e8be00000,0x0000004e8bf00000)]
  0x0000020c1df5a090 JavaThread "Worker-0: Updating Maven Dependencies" [_thread_blocked, id=27756, stack(0x0000004e8cd00000,0x0000004e8ce00000)]
  0x0000020c1df5aa30 JavaThread "Worker-1: Repository registry initialization" [_thread_in_native, id=9604, stack(0x0000004e8d000000,0x0000004e8d100000)]
  0x0000020c1cafa030 JavaThread "C2 CompilerThread1" daemon [_thread_in_native, id=24220, stack(0x0000004e8d100000,0x0000004e8d200000)]
  0x0000020c1df58880 JavaThread "Worker-2" [_thread_blocked, id=27052, stack(0x0000004e8d200000,0x0000004e8d300000)]
  0x0000020c1df57a10 JavaThread "Worker-3" [_thread_blocked, id=9236, stack(0x0000004e8d300000,0x0000004e8d400000)]

Other Threads:
  0x0000020c036157d0 VMThread "VM Thread" [stack: 0x0000004e8b300000,0x0000004e8b400000] [id=2300]
  0x0000020c1b1820f0 WatcherThread [stack: 0x0000004e8c000000,0x0000004e8c100000] [id=27820]
  0x0000020c035a5580 GCTaskThread "GC Thread#0" [stack: 0x0000004e8b200000,0x0000004e8b300000] [id=21228]
  0x0000020c1c823890 GCTaskThread "GC Thread#1" [stack: 0x0000004e8c100000,0x0000004e8c200000] [id=12372]
  0x0000020c1d800bc0 GCTaskThread "GC Thread#2" [stack: 0x0000004e8c200000,0x0000004e8c300000] [id=4464]
  0x0000020c1c568aa0 GCTaskThread "GC Thread#3" [stack: 0x0000004e8c300000,0x0000004e8c400000] [id=15972]
  0x0000020c1c569360 GCTaskThread "GC Thread#4" [stack: 0x0000004e8c400000,0x0000004e8c500000] [id=3800]
  0x0000020c1c629be0 GCTaskThread "GC Thread#5" [stack: 0x0000004e8c500000,0x0000004e8c600000] [id=9536]
  0x0000020c1c628bc0 GCTaskThread "GC Thread#6" [stack: 0x0000004e8ca00000,0x0000004e8cb00000] [id=26324]
  0x0000020c1c62a3f0 GCTaskThread "GC Thread#7" [stack: 0x0000004e8cb00000,0x0000004e8cc00000] [id=4416]
  0x0000020c1c629680 GCTaskThread "GC Thread#8" [stack: 0x0000004e8ce00000,0x0000004e8cf00000] [id=28256]
  0x0000020c1c629930 GCTaskThread "GC Thread#9" [stack: 0x0000004e8cf00000,0x0000004e8d000000] [id=7348]

Threads with active compile tasks:
C2 CompilerThread0     9791 2598   !   4       java.util.zip.ZipFile::getEntry (59 bytes)
C2 CompilerThread1     9791 2596       4       org.eclipse.osgi.storage.bundlefile.ZipBundleFile::findEntry (62 bytes)

VM state: not at safepoint (normal execution)

VM Mutex/Monitor currently owned by a thread: None

Heap address: 0x00000000c0000000, size: 1024 MB, Compressed Oops mode: 32-bit

CDS archive(s) not mapped
Compressed class space mapped at: 0x0000000100000000-0x0000000140000000, reserved size: 1073741824
Narrow klass base: 0x0000000000000000, Narrow klass shift: 3, Narrow klass range: 0x140000000

GC Precious Log:
 CPUs: 12 total, 12 available
 Memory: 7518M
 Large Page Support: Disabled
 NUMA Support: Disabled
 Compressed Oops: Enabled (32-bit)
 Alignments: Space 512K, Generation 512K, Heap 2M
 Heap Min Capacity: 100M
 Heap Initial Capacity: 100M
 Heap Max Capacity: 1G
 Pre-touch: Disabled
 Parallel Workers: 10

Heap:
 PSYoungGen      total 28672K, used 16137K [0x00000000eab00000, 0x00000000ecb80000, 0x0000000100000000)
  eden space 25088K, 51% used [0x00000000eab00000,0x00000000eb7a3b00,0x00000000ec380000)
  from space 3584K, 89% used [0x00000000ec400000,0x00000000ec71ea18,0x00000000ec780000)
  to   space 4096K, 0% used [0x00000000ec780000,0x00000000ec780000,0x00000000ecb80000)
 ParOldGen       total 68608K, used 8036K [0x00000000c0000000, 0x00000000c4300000, 0x00000000eab00000)
  object space 68608K, 11% used [0x00000000c0000000,0x00000000c07d9210,0x00000000c4300000)
 Metaspace       used 26079K, committed 26624K, reserved 1073152K
  class space    used 2649K, committed 2880K, reserved 1048576K

Card table byte_map: [0x0000020c16bd0000,0x0000020c16de0000] _byte_map_base: 0x0000020c165d0000

Marking Bits: (ParMarkBitMap*) 0x00007ffa73f82cc0
 Begin Bits: [0x0000020c16f40000, 0x0000020c17f40000)
 End Bits:   [0x0000020c17f40000, 0x0000020c18f40000)

Polling page: 0x0000020c03650000

Metaspace:

Usage:
  Non-class:     22.88 MB used.
      Class:      2.59 MB used.
       Both:     25.47 MB used.

Virtual space:
  Non-class space:       24.00 MB reserved,      23.19 MB ( 97%) committed,  3 nodes.
      Class space:        1.00 GB reserved,       2.81 MB ( <1%) committed,  1 nodes.
             Both:        1.02 GB reserved,      26.00 MB (  2%) committed. 

Chunk freelists:
   Non-Class:  240.00 KB
       Class:  1.06 MB
        Both:  1.30 MB

MaxMetaspaceSize: unlimited
CompressedClassSpaceSize: 1.00 GB
Initial GC threshold: 21.00 MB
Current GC threshold: 35.00 MB
CDS: off
MetaspaceReclaimPolicy: balanced
 - commit_granule_bytes: 65536.
 - commit_granule_words: 8192.
 - virtual_space_node_default_size: 1048576.
 - enlarge_chunks_in_place: 1.
 - new_chunks_are_fully_committed: 0.
 - uncommit_free_chunks: 1.
 - use_allocation_guard: 0.
 - handle_deallocations: 1.


Internal statistics:

num_allocs_failed_limit: 3.
num_arena_births: 194.
num_arena_deaths: 14.
num_vsnodes_births: 4.
num_vsnodes_deaths: 0.
num_space_committed: 416.
num_space_uncommitted: 0.
num_chunks_returned_to_freelist: 17.
num_chunks_taken_from_freelist: 908.
num_chunk_merges: 7.
num_chunk_splits: 590.
num_chunks_enlarged: 403.
num_purges: 2.
num_inconsistent_stats: 0.

CodeHeap 'non-profiled nmethods': size=120000Kb used=1039Kb max_used=1039Kb free=118960Kb
 bounds [0x0000020c0f4b0000, 0x0000020c0f720000, 0x0000020c169e0000]
CodeHeap 'profiled nmethods': size=120000Kb used=5226Kb max_used=5226Kb free=114773Kb
 bounds [0x0000020c07f80000, 0x0000020c084a0000, 0x0000020c0f4b0000]
CodeHeap 'non-nmethods': size=5760Kb used=1191Kb max_used=1208Kb free=4569Kb
 bounds [0x0000020c079e0000, 0x0000020c07c50000, 0x0000020c07f80000]
 total_blobs=3100 nmethods=2605 adapters=409
 compilation: enabled
              stopped_count=0, restarted_count=0
 full_count=0

Compilation events (20 events):
Event: 6.757 Thread 0x0000020c1aec2930 nmethod 2592 0x0000020c08491490 code [0x0000020c08491620, 0x0000020c08491768]
Event: 6.759 Thread 0x0000020c1aec0020 nmethod 2560 0x0000020c0f5aef90 code [0x0000020c0f5af140, 0x0000020c0f5af298]
Event: 6.759 Thread 0x0000020c1aec0020 2561       4       java.util.regex.Pattern$CharPredicate$$Lambda$22/0x000000010008eee8::is (11 bytes)
Event: 6.760 Thread 0x0000020c1aec0020 nmethod 2561 0x0000020c0f5af490 code [0x0000020c0f5af620, 0x0000020c0f5af778]
Event: 6.760 Thread 0x0000020c1aec0020 2593   !   4       org.eclipse.osgi.storage.bundlefile.CloseableBundleFile::internalOpen (112 bytes)
Event: 6.763 Thread 0x0000020c1aec0020 nmethod 2593 0x0000020c0f5af910 code [0x0000020c0f5afac0, 0x0000020c0f5aff18]
Event: 6.763 Thread 0x0000020c1aec0020 2594   !   4       org.eclipse.osgi.storage.bundlefile.CloseableBundleFile::lockOpen (113 bytes)
Event: 6.763 Thread 0x0000020c1aec2930 2595       3       java.lang.invoke.MethodType::changeReturnType (20 bytes)
Event: 6.763 Thread 0x0000020c1aec2930 nmethod 2595 0x0000020c08491810 code [0x0000020c084919c0, 0x0000020c08491b88]
Event: 6.765 Thread 0x0000020c1cafa030 nmethod 2575 0x0000020c0f5b0310 code [0x0000020c0f5b04a0, 0x0000020c0f5b0b58]
Event: 6.765 Thread 0x0000020c1cafa030 2597   !   4       java.util.zip.ZipFile$Source::getEntryPos (173 bytes)
Event: 6.767 Thread 0x0000020c1aec2930 2599   !   3       org.eclipse.osgi.internal.container.AtomicLazyInitializer::getInitialized (70 bytes)
Event: 6.767 Thread 0x0000020c1aec2930 nmethod 2599 0x0000020c08491c10 code [0x0000020c08491e00, 0x0000020c08492368]
Event: 6.768 Thread 0x0000020c1aec0020 nmethod 2594 0x0000020c0f5b1010 code [0x0000020c0f5b1220, 0x0000020c0f5b1ad0]
Event: 6.768 Thread 0x0000020c1aec0020 2598   !   4       java.util.zip.ZipFile::getEntry (59 bytes)
Event: 6.775 Thread 0x0000020c1aec2930 2601       3       java.lang.Package::<init> (47 bytes)
Event: 6.775 Thread 0x0000020c1aec2930 nmethod 2601 0x0000020c08492610 code [0x0000020c084927e0, 0x0000020c08492c08]
Event: 6.775 Thread 0x0000020c1aec2930 2602       3       java.lang.Package$VersionInfo::getInstance (53 bytes)
Event: 6.775 Thread 0x0000020c1aec2930 nmethod 2602 0x0000020c08492e90 code [0x0000020c08493040, 0x0000020c08493408]
Event: 7.194 Thread 0x0000020c1aec2930 2604       3       java.util.concurrent.locks.LockSupport::setBlocker (12 bytes)

GC Heap History (12 events):
Event: 0.503 GC heap before
{Heap before GC invocations=1 (full 0):
 PSYoungGen      total 29696K, used 25600K [0x00000000eab00000, 0x00000000ecc00000, 0x0000000100000000)
  eden space 25600K, 100% used [0x00000000eab00000,0x00000000ec400000,0x00000000ec400000)
  from space 4096K, 0% used [0x00000000ec800000,0x00000000ec800000,0x00000000ecc00000)
  to   space 4096K, 0% used [0x00000000ec400000,0x00000000ec400000,0x00000000ec800000)
 ParOldGen       total 68608K, used 0K [0x00000000c0000000, 0x00000000c4300000, 0x00000000eab00000)
  object space 68608K, 0% used [0x00000000c0000000,0x00000000c0000000,0x00000000c4300000)
 Metaspace       used 10760K, committed 10880K, reserved 1064960K
  class space    used 1083K, committed 1152K, reserved 1048576K
}
Event: 0.508 GC heap after
{Heap after GC invocations=1 (full 0):
 PSYoungGen      total 29696K, used 3303K [0x00000000eab00000, 0x00000000ecc00000, 0x0000000100000000)
  eden space 25600K, 0% used [0x00000000eab00000,0x00000000eab00000,0x00000000ec400000)
  from space 4096K, 80% used [0x00000000ec400000,0x00000000ec739f90,0x00000000ec800000)
  to   space 4096K, 0% used [0x00000000ec800000,0x00000000ec800000,0x00000000ecc00000)
 ParOldGen       total 68608K, used 16K [0x00000000c0000000, 0x00000000c4300000, 0x00000000eab00000)
  object space 68608K, 0% used [0x00000000c0000000,0x00000000c0004000,0x00000000c4300000)
 Metaspace       used 10760K, committed 10880K, reserved 1064960K
  class space    used 1083K, committed 1152K, reserved 1048576K
}
Event: 0.831 GC heap before
{Heap before GC invocations=2 (full 0):
 PSYoungGen      total 29696K, used 28903K [0x00000000eab00000, 0x00000000ecc00000, 0x0000000100000000)
  eden space 25600K, 100% used [0x00000000eab00000,0x00000000ec400000,0x00000000ec400000)
  from space 4096K, 80% used [0x00000000ec400000,0x00000000ec739f90,0x00000000ec800000)
  to   space 4096K, 0% used [0x00000000ec800000,0x00000000ec800000,0x00000000ecc00000)
 ParOldGen       total 68608K, used 16K [0x00000000c0000000, 0x00000000c4300000, 0x00000000eab00000)
  object space 68608K, 0% used [0x00000000c0000000,0x00000000c0004000,0x00000000c4300000)
 Metaspace       used 14654K, committed 14976K, reserved 1064960K
  class space    used 1492K, committed 1664K, reserved 1048576K
}
Event: 0.835 GC heap after
{Heap after GC invocations=2 (full 0):
 PSYoungGen      total 29696K, used 4094K [0x00000000eab00000, 0x00000000ecc00000, 0x0000000100000000)
  eden space 25600K, 0% used [0x00000000eab00000,0x00000000eab00000,0x00000000ec400000)
  from space 4096K, 99% used [0x00000000ec800000,0x00000000ecbffa48,0x00000000ecc00000)
  to   space 4096K, 0% used [0x00000000ec400000,0x00000000ec400000,0x00000000ec800000)
 ParOldGen       total 68608K, used 1472K [0x00000000c0000000, 0x00000000c4300000, 0x00000000eab00000)
  object space 68608K, 2% used [0x00000000c0000000,0x00000000c0170020,0x00000000c4300000)
 Metaspace       used 14654K, committed 14976K, reserved 1064960K
  class space    used 1492K, committed 1664K, reserved 1048576K
}
Event: 4.210 GC heap before
{Heap before GC invocations=3 (full 0):
 PSYoungGen      total 29696K, used 29694K [0x00000000eab00000, 0x00000000ecc00000, 0x0000000100000000)
  eden space 25600K, 100% used [0x00000000eab00000,0x00000000ec400000,0x00000000ec400000)
  from space 4096K, 99% used [0x00000000ec800000,0x00000000ecbffa48,0x00000000ecc00000)
  to   space 4096K, 0% used [0x00000000ec400000,0x00000000ec400000,0x00000000ec800000)
 ParOldGen       total 68608K, used 1472K [0x00000000c0000000, 0x00000000c4300000, 0x00000000eab00000)
  object space 68608K, 2% used [0x00000000c0000000,0x00000000c0170020,0x00000000c4300000)
 Metaspace       used 19495K, committed 19904K, reserved 1073152K
  class space    used 1986K, committed 2176K, reserved 1048576K
}
Event: 4.213 GC heap after
{Heap after GC invocations=3 (full 0):
 PSYoungGen      total 29696K, used 4065K [0x00000000eab00000, 0x00000000ecc00000, 0x0000000100000000)
  eden space 25600K, 0% used [0x00000000eab00000,0x00000000eab00000,0x00000000ec400000)
  from space 4096K, 99% used [0x00000000ec400000,0x00000000ec7f8570,0x00000000ec800000)
  to   space 4096K, 0% used [0x00000000ec800000,0x00000000ec800000,0x00000000ecc00000)
 ParOldGen       total 68608K, used 3802K [0x00000000c0000000, 0x00000000c4300000, 0x00000000eab00000)
  object space 68608K, 5% used [0x00000000c0000000,0x00000000c03b68d0,0x00000000c4300000)
 Metaspace       used 19495K, committed 19904K, reserved 1073152K
  class space    used 1986K, committed 2176K, reserved 1048576K
}
Event: 5.435 GC heap before
{Heap before GC invocations=4 (full 0):
 PSYoungGen      total 29696K, used 13471K [0x00000000eab00000, 0x00000000ecc00000, 0x0000000100000000)
  eden space 25600K, 36% used [0x00000000eab00000,0x00000000eb42f948,0x00000000ec400000)
  from space 4096K, 99% used [0x00000000ec400000,0x00000000ec7f8570,0x00000000ec800000)
  to   space 4096K, 0% used [0x00000000ec800000,0x00000000ec800000,0x00000000ecc00000)
 ParOldGen       total 68608K, used 3802K [0x00000000c0000000, 0x00000000c4300000, 0x00000000eab00000)
  object space 68608K, 5% used [0x00000000c0000000,0x00000000c03b68d0,0x00000000c4300000)
 Metaspace       used 21091K, committed 21504K, reserved 1073152K
  class space    used 2151K, committed 2368K, reserved 1048576K
}
Event: 5.437 GC heap after
{Heap after GC invocations=4 (full 0):
 PSYoungGen      total 29696K, used 4087K [0x00000000eab00000, 0x00000000ecc00000, 0x0000000100000000)
  eden space 25600K, 0% used [0x00000000eab00000,0x00000000eab00000,0x00000000ec400000)
  from space 4096K, 99% used [0x00000000ec800000,0x00000000ecbfddb0,0x00000000ecc00000)
  to   space 4096K, 0% used [0x00000000ec400000,0x00000000ec400000,0x00000000ec800000)
 ParOldGen       total 68608K, used 4165K [0x00000000c0000000, 0x00000000c4300000, 0x00000000eab00000)
  object space 68608K, 6% used [0x00000000c0000000,0x00000000c0411480,0x00000000c4300000)
 Metaspace       used 21091K, committed 21504K, reserved 1073152K
  class space    used 2151K, committed 2368K, reserved 1048576K
}
Event: 5.437 GC heap before
{Heap before GC invocations=5 (full 1):
 PSYoungGen      total 29696K, used 4087K [0x00000000eab00000, 0x00000000ecc00000, 0x0000000100000000)
  eden space 25600K, 0% used [0x00000000eab00000,0x00000000eab00000,0x00000000ec400000)
  from space 4096K, 99% used [0x00000000ec800000,0x00000000ecbfddb0,0x00000000ecc00000)
  to   space 4096K, 0% used [0x00000000ec400000,0x00000000ec400000,0x00000000ec800000)
 ParOldGen       total 68608K, used 4165K [0x00000000c0000000, 0x00000000c4300000, 0x00000000eab00000)
  object space 68608K, 6% used [0x00000000c0000000,0x00000000c0411480,0x00000000c4300000)
 Metaspace       used 21091K, committed 21504K, reserved 1073152K
  class space    used 2151K, committed 2368K, reserved 1048576K
}
Event: 5.453 GC heap after
{Heap after GC invocations=5 (full 1):
 PSYoungGen      total 29696K, used 0K [0x00000000eab00000, 0x00000000ecc00000, 0x0000000100000000)
  eden space 25600K, 0% used [0x00000000eab00000,0x00000000eab00000,0x00000000ec400000)
  from space 4096K, 0% used [0x00000000ec800000,0x00000000ec800000,0x00000000ecc00000)
  to   space 4096K, 0% used [0x00000000ec400000,0x00000000ec400000,0x00000000ec800000)
 ParOldGen       total 68608K, used 8028K [0x00000000c0000000, 0x00000000c4300000, 0x00000000eab00000)
  object space 68608K, 11% used [0x00000000c0000000,0x00000000c07d7210,0x00000000c4300000)
 Metaspace       used 21078K, committed 21504K, reserved 1073152K
  class space    used 2147K, committed 2368K, reserved 1048576K
}
Event: 5.742 GC heap before
{Heap before GC invocations=6 (full 1):
 PSYoungGen      total 29696K, used 25600K [0x00000000eab00000, 0x00000000ecc00000, 0x0000000100000000)
  eden space 25600K, 100% used [0x00000000eab00000,0x00000000ec400000,0x00000000ec400000)
  from space 4096K, 0% used [0x00000000ec800000,0x00000000ec800000,0x00000000ecc00000)
  to   space 4096K, 0% used [0x00000000ec400000,0x00000000ec400000,0x00000000ec800000)
 ParOldGen       total 68608K, used 8028K [0x00000000c0000000, 0x00000000c4300000, 0x00000000eab00000)
  object space 68608K, 11% used [0x00000000c0000000,0x00000000c07d7210,0x00000000c4300000)
 Metaspace       used 24391K, committed 24896K, reserved 1073152K
  class space    used 2499K, committed 2752K, reserved 1048576K
}
Event: 5.743 GC heap after
{Heap after GC invocations=6 (full 1):
 PSYoungGen      total 28672K, used 3194K [0x00000000eab00000, 0x00000000ecb80000, 0x0000000100000000)
  eden space 25088K, 0% used [0x00000000eab00000,0x00000000eab00000,0x00000000ec380000)
  from space 3584K, 89% used [0x00000000ec400000,0x00000000ec71ea18,0x00000000ec780000)
  to   space 4096K, 0% used [0x00000000ec780000,0x00000000ec780000,0x00000000ecb80000)
 ParOldGen       total 68608K, used 8036K [0x00000000c0000000, 0x00000000c4300000, 0x00000000eab00000)
  object space 68608K, 11% used [0x00000000c0000000,0x00000000c07d9210,0x00000000c4300000)
 Metaspace       used 24391K, committed 24896K, reserved 1073152K
  class space    used 2499K, committed 2752K, reserved 1048576K
}

Deoptimization events (20 events):
Event: 5.594 Thread 0x0000020c1cbf1a50 Uncommon trap: trap_request=0xffffffde fr.pc=0x0000020c0f59a8a4 relative=0x0000000000000104
Event: 5.594 Thread 0x0000020c1cbf1a50 Uncommon trap: reason=class_check action=maybe_recompile pc=0x0000020c0f59a8a4 method=jdk.internal.misc.Unsafe.allocateUninitializedArray(Ljava/lang/Class;I)Ljava/lang/Object; @ 51 c2
Event: 5.594 Thread 0x0000020c1cbf1a50 DEOPT PACKING pc=0x0000020c0f59a8a4 sp=0x0000004e8c8f1390
Event: 5.594 Thread 0x0000020c1cbf1a50 DEOPT UNPACKING pc=0x0000020c07a320a3 sp=0x0000004e8c8f1318 mode 2
Event: 5.598 Thread 0x0000020c1cbf1a50 DEOPT PACKING pc=0x0000020c084027d6 sp=0x0000004e8c8f3c10
Event: 5.598 Thread 0x0000020c1cbf1a50 DEOPT UNPACKING pc=0x0000020c07a32843 sp=0x0000004e8c8f3098 mode 0
Event: 5.656 Thread 0x0000020c1cbf1a50 DEOPT PACKING pc=0x0000020c082d329e sp=0x0000004e8c8f4310
Event: 5.656 Thread 0x0000020c1cbf1a50 DEOPT UNPACKING pc=0x0000020c07a32843 sp=0x0000004e8c8f3808 mode 0
Event: 5.678 Thread 0x0000020c1cbf1a50 Uncommon trap: trap_request=0xffffff45 fr.pc=0x0000020c0f593db8 relative=0x0000000000000038
Event: 5.678 Thread 0x0000020c1cbf1a50 Uncommon trap: reason=unstable_if action=reinterpret pc=0x0000020c0f593db8 method=java.util.concurrent.locks.AbstractQueuedSynchronizer.signalNext(Ljava/util/concurrent/locks/AbstractQueuedSynchronizer$Node;)V @ 10 c2
Event: 5.678 Thread 0x0000020c1cbf1a50 DEOPT PACKING pc=0x0000020c0f593db8 sp=0x0000004e8c8fa3f0
Event: 5.678 Thread 0x0000020c1cbf1a50 DEOPT UNPACKING pc=0x0000020c07a320a3 sp=0x0000004e8c8fa370 mode 2
Event: 5.678 Thread 0x0000020c1df5a090 DEOPT PACKING pc=0x0000020c08276294 sp=0x0000004e8cdfe6a0
Event: 5.678 Thread 0x0000020c1df5a090 DEOPT UNPACKING pc=0x0000020c07a32843 sp=0x0000004e8cdfdbf8 mode 0
Event: 5.678 Thread 0x0000020c1cbf1a50 DEOPT PACKING pc=0x0000020c08276294 sp=0x0000004e8c8fa880
Event: 5.678 Thread 0x0000020c1cbf1a50 DEOPT UNPACKING pc=0x0000020c07a32843 sp=0x0000004e8c8f9dd8 mode 0
Event: 5.679 Thread 0x0000020c1df5a090 Uncommon trap: trap_request=0xffffffcc fr.pc=0x0000020c0f59c7c8 relative=0x0000000000000328
Event: 5.679 Thread 0x0000020c1df5a090 Uncommon trap: reason=intrinsic_or_type_checked_inlining action=make_not_entrant pc=0x0000020c0f59c7c8 method=java.util.Arrays.copyOf([Ljava/lang/Object;ILjava/lang/Class;)[Ljava/lang/Object; @ 35 c2
Event: 5.679 Thread 0x0000020c1df5a090 DEOPT PACKING pc=0x0000020c0f59c7c8 sp=0x0000004e8cdfe790
Event: 5.679 Thread 0x0000020c1df5a090 DEOPT UNPACKING pc=0x0000020c07a320a3 sp=0x0000004e8cdfe720 mode 2

Classes unloaded (7 events):
Event: 5.439 Thread 0x0000020c036157d0 Unloading class 0x0000000100210400 'java/lang/invoke/LambdaForm$MH+0x0000000100210400'
Event: 5.439 Thread 0x0000020c036157d0 Unloading class 0x0000000100210000 'java/lang/invoke/LambdaForm$MH+0x0000000100210000'
Event: 5.439 Thread 0x0000020c036157d0 Unloading class 0x000000010020fc00 'java/lang/invoke/LambdaForm$MH+0x000000010020fc00'
Event: 5.439 Thread 0x0000020c036157d0 Unloading class 0x000000010020f400 'java/lang/invoke/LambdaForm$MH+0x000000010020f400'
Event: 5.439 Thread 0x0000020c036157d0 Unloading class 0x000000010020f000 'java/lang/invoke/LambdaForm$BMH+0x000000010020f000'
Event: 5.439 Thread 0x0000020c036157d0 Unloading class 0x000000010020ec00 'java/lang/invoke/LambdaForm$DMH+0x000000010020ec00'
Event: 5.439 Thread 0x0000020c036157d0 Unloading class 0x000000010020c400 'java/lang/invoke/LambdaForm$DMH+0x000000010020c400'

Classes redefined (0 events):
No events

Internal exceptions (20 events):
Event: 0.945 Thread 0x0000020c1cbf1a50 Exception <a 'java/io/FileNotFoundException'{0x00000000eb377d78}> (0x00000000eb377d78) 
thrown [s\src\hotspot\share\prims\jni.cpp, line 516]
Event: 0.954 Thread 0x0000020c1cbf1a50 Exception <a 'java/lang/NullPointerException'{0x00000000eb3ce4e8}> (0x00000000eb3ce4e8) 
thrown [s\src\hotspot\share\interpreter\linkResolver.cpp, line 1350]
Event: 0.954 Thread 0x0000020c1cbf1a50 Exception <a 'java/lang/NullPointerException'{0x00000000eb3ced10}> (0x00000000eb3ced10) 
thrown [s\src\hotspot\share\interpreter\linkResolver.cpp, line 1350]
Event: 1.020 Thread 0x0000020c1cbf1a50 Exception <a 'java/lang/NoSuchMethodError'{0x00000000eb7b1cd8}: 'int java.lang.invoke.DirectMethodHandle$Holder.invokeSpecial(java.lang.Object, java.lang.Object, java.lang.Object)'> (0x00000000eb7b1cd8) 
thrown [s\src\hotspot\share\interpreter\linkResolver.cpp, line 759]
Event: 3.135 Thread 0x0000020c1cbf1a50 Exception <a 'java/lang/NoSuchMethodError'{0x00000000ebf74460}: 'void java.lang.invoke.DirectMethodHandle$Holder.invokeInterface(java.lang.Object, java.lang.Object, java.lang.Object)'> (0x00000000ebf74460) 
thrown [s\src\hotspot\share\interpreter\linkResolver.cpp, line 759]
Event: 4.191 Thread 0x0000020c1cbf1a50 Exception <a 'java/lang/NoSuchMethodError'{0x00000000ec284628}: 'java.lang.Object java.lang.invoke.Invokers$Holder.invokeExact_MT(java.lang.Object, java.lang.Object, java.lang.Object, java.lang.Object, java.lang.Object, java.lang.Object)'> (0x00000000ec284628) 
thrown [s\src\hotspot\share\interpreter\linkResolver.cpp, line 759]
Event: 4.201 Thread 0x0000020c1cbf1a50 Exception <a 'java/lang/NoSuchMethodError'{0x00000000ec366c60}: 'java.lang.Object java.lang.invoke.DirectMethodHandle$Holder.invokeStatic(java.lang.Object, java.lang.Object, int)'> (0x00000000ec366c60) 
thrown [s\src\hotspot\share\interpreter\linkResolver.cpp, line 759]
Event: 4.202 Thread 0x0000020c1cbf1a50 Exception <a 'java/lang/NoSuchMethodError'{0x00000000ec36bbe0}: 'void java.lang.invoke.DirectMethodHandle$Holder.invokeStatic(java.lang.Object, java.lang.Object, int, java.lang.Object)'> (0x00000000ec36bbe0) 
thrown [s\src\hotspot\share\interpreter\linkResolver.cpp, line 759]
Event: 4.202 Thread 0x0000020c1cbf1a50 Exception <a 'java/lang/NoSuchMethodError'{0x00000000ec373310}: 'void java.lang.invoke.DelegatingMethodHandle$Holder.delegate(java.lang.Object, java.lang.Object, int, java.lang.Object)'> (0x00000000ec373310) 
thrown [s\src\hotspot\share\interpreter\linkResolver.cpp, line 759]
Event: 4.203 Thread 0x0000020c1cbf1a50 Exception <a 'java/lang/NoSuchMethodError'{0x00000000ec383ef0}: 'int java.lang.invoke.DirectMethodHandle$Holder.invokeStatic(java.lang.Object, java.lang.Object, int)'> (0x00000000ec383ef0) 
thrown [s\src\hotspot\share\interpreter\linkResolver.cpp, line 759]
Event: 4.204 Thread 0x0000020c1cbf1a50 Exception <a 'java/lang/NoSuchMethodError'{0x00000000ec387f18}: 'int java.lang.invoke.DirectMethodHandle$Holder.invokeSpecial(java.lang.Object, java.lang.Object, java.lang.Object, int)'> (0x00000000ec387f18) 
thrown [s\src\hotspot\share\interpreter\linkResolver.cpp, line 759]
Event: 4.205 Thread 0x0000020c1cbf1a50 Exception <a 'java/lang/NoSuchMethodError'{0x00000000ec3a2998}: 'java.lang.Object java.lang.invoke.DirectMethodHandle$Holder.invokeStatic(java.lang.Object, java.lang.Object, java.lang.Object, java.lang.Object, int)'> (0x00000000ec3a2998) 
thrown [s\src\hotspot\share\interpreter\linkResolver.cpp, line 759]
Event: 4.206 Thread 0x0000020c1cbf1a50 Exception <a 'java/lang/NoSuchMethodError'{0x00000000ec3ae990}: 'java.lang.Object java.lang.invoke.DelegatingMethodHandle$Holder.reinvoke_L(java.lang.Object, java.lang.Object, java.lang.Object, java.lang.Object, int, int)'> (0x00000000ec3ae990) 
thrown [s\src\hotspot\share\interpreter\linkResolver.cpp, line 759]
Event: 4.207 Thread 0x0000020c1cbf1a50 Exception <a 'java/lang/NoSuchMethodError'{0x00000000ec3c6d00}: 'java.lang.Object java.lang.invoke.Invokers$Holder.invokeExact_MT(java.lang.Object, java.lang.Object, java.lang.Object, java.lang.Object)'> (0x00000000ec3c6d00) 
thrown [s\src\hotspot\share\interpreter\linkResolver.cpp, line 759]
Event: 5.431 Thread 0x0000020c1cbf1a50 Exception <a 'java/lang/NoSuchMethodError'{0x00000000eb382fd0}: 'int java.lang.invoke.DirectMethodHandle$Holder.invokeStaticInit(java.lang.Object, java.lang.Object, java.lang.Object)'> (0x00000000eb382fd0) 
thrown [s\src\hotspot\share\interpreter\linkResolver.cpp, line 759]
Event: 5.453 Thread 0x0000020c1cbf1a50 Exception <a 'java/lang/IncompatibleClassChangeError'{0x00000000eab4ae08}: Found class java.lang.Object, but interface was expected> (0x00000000eab4ae08) 
thrown [s\src\hotspot\share\interpreter\linkResolver.cpp, line 826]
Event: 5.591 Thread 0x0000020c1cbf1a50 Exception <a 'java/io/FileNotFoundException'{0x00000000eb2f9ca8}> (0x00000000eb2f9ca8) 
thrown [s\src\hotspot\share\prims\jni.cpp, line 516]
Event: 5.642 Thread 0x0000020c1cbf1a50 Exception <a 'java/lang/NoSuchMethodError'{0x00000000eb7b9fc0}: 'void java.lang.invoke.DirectMethodHandle$Holder.invokeSpecial(java.lang.Object, java.lang.Object, java.lang.Object, int)'> (0x00000000eb7b9fc0) 
thrown [s\src\hotspot\share\interpreter\linkResolver.cpp, line 759]
Event: 5.681 Thread 0x0000020c1df5a090 Exception <a 'java/io/FileNotFoundException'{0x00000000eabad9f0}> (0x00000000eabad9f0) 
thrown [s\src\hotspot\share\prims\jni.cpp, line 516]
Event: 6.756 Thread 0x0000020c1df5a090 Exception <a 'java/lang/NoSuchMethodError'{0x00000000eb047c90}: 'java.lang.Object java.lang.invoke.DirectMethodHandle$Holder.newInvokeSpecial(java.lang.Object, java.lang.Object, java.lang.Object, java.lang.Object, java.lang.Object)'> (0x00000000eb047c90) 
thrown [s\src\hotspot\share\interpreter\linkResolver.cpp, line 759]

VM Operations (20 events):
Event: 4.213 Executing VM operation: ParallelGCFailedAllocation done
Event: 5.222 Executing VM operation: Cleanup
Event: 5.252 Executing VM operation: Cleanup done
Event: 5.435 Executing VM operation: CollectForMetadataAllocation
Event: 5.453 Executing VM operation: CollectForMetadataAllocation done
Event: 5.472 Executing VM operation: HandshakeAllThreads
Event: 5.472 Executing VM operation: HandshakeAllThreads done
Event: 5.594 Executing VM operation: HandshakeAllThreads
Event: 5.594 Executing VM operation: HandshakeAllThreads done
Event: 5.639 Executing VM operation: HandshakeAllThreads
Event: 5.639 Executing VM operation: HandshakeAllThreads done
Event: 5.639 Executing VM operation: HandshakeAllThreads
Event: 5.639 Executing VM operation: HandshakeAllThreads done
Event: 5.742 Executing VM operation: ParallelGCFailedAllocation
Event: 5.743 Executing VM operation: ParallelGCFailedAllocation done
Event: 6.743 Executing VM operation: Cleanup
Event: 6.754 Executing VM operation: Cleanup done
Event: 6.765 Executing VM operation: HandshakeAllThreads
Event: 6.765 Executing VM operation: HandshakeAllThreads done
Event: 7.764 Executing VM operation: Cleanup

Events (20 events):
Event: 5.712 loading class java/util/zip/GZIPInputStream done
Event: 5.713 loading class java/util/zip/GZIPOutputStream
Event: 5.713 loading class java/util/zip/DeflaterOutputStream
Event: 5.713 loading class java/util/zip/DeflaterOutputStream done
Event: 5.713 loading class java/util/zip/GZIPOutputStream done
Event: 5.714 loading class java/net/SocketTimeoutException
Event: 5.714 loading class java/io/InterruptedIOException
Event: 5.714 loading class java/io/InterruptedIOException done
Event: 5.714 loading class java/net/SocketTimeoutException done
Event: 5.714 loading class java/net/SocketException
Event: 5.714 loading class java/net/SocketException done
Event: 5.714 loading class java/net/UnknownHostException
Event: 5.714 loading class java/net/UnknownHostException done
Event: 5.714 loading class java/net/ProtocolException
Event: 5.714 loading class java/net/ProtocolException done
Event: 6.753 Thread 0x0000020c1cafa030 Thread added: 0x0000020c1cafa030
Event: 6.754 Thread 0x0000020c1df58880 Thread added: 0x0000020c1df58880
Event: 6.754 Thread 0x0000020c1df57a10 Thread added: 0x0000020c1df57a10
Event: 6.761 loading class java/lang/NegativeArraySizeException
Event: 6.761 loading class java/lang/NegativeArraySizeException done


Dynamic libraries:
0x00007ff61cd50000 - 0x00007ff61cd5e000 	c:\Users\hp\.antigravity\extensions\redhat.java-1.12.0-win32-x64\jre\17.0.4.1-win32-x86_64\bin\java.exe
0x00007ffb5f120000 - 0x00007ffb5f388000 	C:\WINDOWS\SYSTEM32\ntdll.dll
0x00007ffb5d470000 - 0x00007ffb5d539000 	C:\WINDOWS\System32\KERNEL32.DLL
0x00007ffb5c3a0000 - 0x00007ffb5c78d000 	C:\WINDOWS\System32\KERNELBASE.dll
0x00007ffb5c790000 - 0x00007ffb5c8db000 	C:\WINDOWS\System32\ucrtbase.dll
0x00007ffb53440000 - 0x00007ffb53458000 	c:\Users\hp\.antigravity\extensions\redhat.java-1.12.0-win32-x64\jre\17.0.4.1-win32-x86_64\bin\jli.dll
0x00007ffb53690000 - 0x00007ffb536a9000 	c:\Users\hp\.antigravity\extensions\redhat.java-1.12.0-win32-x64\jre\17.0.4.1-win32-x86_64\bin\VCRUNTIME140.dll
0x00007ffb5d740000 - 0x00007ffb5d90c000 	C:\WINDOWS\System32\USER32.dll
0x00007ffb41830000 - 0x00007ffb41aca000 	C:\WINDOWS\WinSxS\amd64_microsoft.windows.common-controls_6595b64144ccf1df_6.0.26100.4484_none_3e0e6d4ce32ef3b3\COMCTL32.dll
0x00007ffb5cd20000 - 0x00007ffb5cd47000 	C:\WINDOWS\System32\win32u.dll
0x00007ffb5e3f0000 - 0x00007ffb5e499000 	C:\WINDOWS\System32\msvcrt.dll
0x00007ffb5e780000 - 0x00007ffb5e7ab000 	C:\WINDOWS\System32\GDI32.dll
0x00007ffb5c8e0000 - 0x00007ffb5ca17000 	C:\WINDOWS\System32\gdi32full.dll
0x00007ffb5cd50000 - 0x00007ffb5cdf3000 	C:\WINDOWS\System32\msvcp_win.dll
0x00007ffb5e3b0000 - 0x00007ffb5e3df000 	C:\WINDOWS\System32\IMM32.DLL
0x00007ffb57130000 - 0x00007ffb5713c000 	c:\Users\hp\.antigravity\extensions\redhat.java-1.12.0-win32-x64\jre\17.0.4.1-win32-x86_64\bin\vcruntime140_1.dll
0x00007ffaf1a60000 - 0x00007ffaf1af1000 	c:\Users\hp\.antigravity\extensions\redhat.java-1.12.0-win32-x64\jre\17.0.4.1-win32-x86_64\bin\msvcp140.dll
0x00007ffa73400000 - 0x00007ffa74046000 	c:\Users\hp\.antigravity\extensions\redhat.java-1.12.0-win32-x64\jre\17.0.4.1-win32-x86_64\bin\server\jvm.dll
0x00007ffb5d910000 - 0x00007ffb5d9c4000 	C:\WINDOWS\System32\ADVAPI32.dll
0x00007ffb5cf40000 - 0x00007ffb5cfe6000 	C:\WINDOWS\System32\sechost.dll
0x00007ffb5e290000 - 0x00007ffb5e3a8000 	C:\WINDOWS\System32\RPCRT4.dll
0x00007ffb5d0b0000 - 0x00007ffb5d0b8000 	C:\WINDOWS\System32\PSAPI.DLL
0x00007ffb4f6b0000 - 0x00007ffb4f6ba000 	C:\WINDOWS\SYSTEM32\WSOCK32.dll
0x00007ffb55e10000 - 0x00007ffb55e45000 	C:\WINDOWS\SYSTEM32\WINMM.dll
0x00007ffb55e50000 - 0x00007ffb55e5b000 	C:\WINDOWS\SYSTEM32\VERSION.dll
0x00007ffb5d540000 - 0x00007ffb5d5b4000 	C:\WINDOWS\System32\WS2_32.dll
0x00007ffb5af80000 - 0x00007ffb5af9b000 	C:\WINDOWS\SYSTEM32\kernel.appcore.dll
0x00007ffb53430000 - 0x00007ffb5343a000 	c:\Users\hp\.antigravity\extensions\redhat.java-1.12.0-win32-x64\jre\17.0.4.1-win32-x86_64\bin\jimage.dll
0x00007ffb4fd30000 - 0x00007ffb4ff71000 	C:\WINDOWS\SYSTEM32\DBGHELP.DLL
0x00007ffb5e820000 - 0x00007ffb5eba6000 	C:\WINDOWS\System32\combase.dll
0x00007ffb5e680000 - 0x00007ffb5e760000 	C:\WINDOWS\System32\OLEAUT32.dll
0x00007ffb40d90000 - 0x00007ffb40dd3000 	C:\WINDOWS\SYSTEM32\dbgcore.DLL
0x00007ffb5c270000 - 0x00007ffb5c309000 	C:\WINDOWS\System32\bcryptPrimitives.dll
0x00007ffb2f9e0000 - 0x00007ffb2f9ee000 	c:\Users\hp\.antigravity\extensions\redhat.java-1.12.0-win32-x64\jre\17.0.4.1-win32-x86_64\bin\instrument.dll
0x00007ffb53400000 - 0x00007ffb53425000 	c:\Users\hp\.antigravity\extensions\redhat.java-1.12.0-win32-x64\jre\17.0.4.1-win32-x86_64\bin\java.dll
0x00007ffb521c0000 - 0x00007ffb521d8000 	c:\Users\hp\.antigravity\extensions\redhat.java-1.12.0-win32-x64\jre\17.0.4.1-win32-x86_64\bin\zip.dll
0x00007ffb5d9d0000 - 0x00007ffb5e11a000 	C:\WINDOWS\System32\SHELL32.dll
0x00007ffb5cba0000 - 0x00007ffb5cd14000 	C:\WINDOWS\System32\wintypes.dll
0x00007ffb59e90000 - 0x00007ffb5a6eb000 	C:\WINDOWS\SYSTEM32\windows.storage.dll
0x00007ffb5d5c0000 - 0x00007ffb5d6b5000 	C:\WINDOWS\System32\SHCORE.dll
0x00007ffb5e7b0000 - 0x00007ffb5e81a000 	C:\WINDOWS\System32\shlwapi.dll
0x00007ffb5c180000 - 0x00007ffb5c1af000 	C:\WINDOWS\SYSTEM32\profapi.dll
0x00007ffb521a0000 - 0x00007ffb521b9000 	C:\Users\hp\.antigravity\extensions\redhat.java-1.12.0-win32-x64\jre\17.0.4.1-win32-x86_64\bin\net.dll
0x00007ffb53b60000 - 0x00007ffb53c7e000 	C:\WINDOWS\SYSTEM32\WINHTTP.dll
0x00007ffb5b5a0000 - 0x00007ffb5b60a000 	C:\WINDOWS\system32\mswsock.dll
0x00007ffb52150000 - 0x00007ffb52165000 	C:\Users\hp\.antigravity\extensions\redhat.java-1.12.0-win32-x64\jre\17.0.4.1-win32-x86_64\bin\nio.dll
0x00007ffb2e7e0000 - 0x00007ffb2e7f0000 	c:\Users\hp\.antigravity\extensions\redhat.java-1.12.0-win32-x64\jre\17.0.4.1-win32-x86_64\bin\verify.dll
0x00007ffaefed0000 - 0x00007ffaeff0e000 	C:\Users\hp\AppData\Roaming\Antigravity\User\globalStorage\redhat.java\1.12.0\config_win\org.eclipse.equinox.launcher\org.eclipse.equinox.launcher.win32.win32.x86_64_1.2.600.v20220720-1916\eclipse_11700.dll
0x00007ffb5d290000 - 0x00007ffb5d42e000 	C:\WINDOWS\System32\ole32.dll

dbghelp: loaded successfully - version: 4.0.5 - missing functions: none
symbol engine: initialized successfully - sym options: 0x614 - pdb path: .;c:\Users\hp\.antigravity\extensions\redhat.java-1.12.0-win32-x64\jre\17.0.4.1-win32-x86_64\bin;C:\WINDOWS\SYSTEM32;C:\WINDOWS\WinSxS\amd64_microsoft.windows.common-controls_6595b64144ccf1df_6.0.26100.4484_none_3e0e6d4ce32ef3b3;c:\Users\hp\.antigravity\extensions\redhat.java-1.12.0-win32-x64\jre\17.0.4.1-win32-x86_64\bin\server;C:\Users\hp\AppData\Roaming\Antigravity\User\globalStorage\redhat.java\1.12.0\config_win\org.eclipse.equinox.launcher\org.eclipse.equinox.launcher.win32.win32.x86_64_1.2.600.v20220720-1916

VM Arguments:
jvm_args: --add-modules=ALL-SYSTEM --add-opens=java.base/java.util=ALL-UNNAMED --add-opens=java.base/java.lang=ALL-UNNAMED --add-opens=java.base/sun.nio.fs=ALL-UNNAMED -Declipse.application=org.eclipse.jdt.ls.core.id1 -Dosgi.bundles.defaultStartLevel=4 -Declipse.product=org.eclipse.jdt.ls.core.product -Djava.import.generatesMetadataFilesAtProjectRoot=false -Dfile.encoding=utf8 -XX:+UseParallelGC -XX:GCTimeRatio=4 -XX:AdaptiveSizePolicyWeight=90 -Dsun.zip.disableMemoryMapping=true -Xmx1G -Xms100m -Xlog:disable -javaagent:c:\Users\hp\.antigravity\extensions\redhat.java-1.12.0-win32-x64\lombok\lombok-1.18.24.jar -XX:+HeapDumpOnOutOfMemoryError -XX:HeapDumpPath=c:\Users\hp\AppData\Roaming\Antigravity\User\workspaceStorage\7195a51a71e43211180b6f3698a61ed8\redhat.java 
java_command: c:\Users\hp\.antigravity\extensions\redhat.java-1.12.0-win32-x64\server\plugins\org.eclipse.equinox.launcher_1.6.400.v20210924-0641.jar -configuration c:\Users\hp\AppData\Roaming\Antigravity\User\globalStorage\redhat.java\1.12.0\config_win -data c:\Users\hp\AppData\Roaming\Antigravity\User\workspaceStorage\7195a51a71e43211180b6f3698a61ed8\redhat.java\jdt_ws
java_class_path (initial): c:\Users\hp\.antigravity\extensions\redhat.java-1.12.0-win32-x64\server\plugins\org.eclipse.equinox.launcher_1.6.400.v20210924-0641.jar
Launcher Type: SUN_STANDARD

[Global flags]
    uintx AdaptiveSizePolicyWeight                 = 90                                        {product} {command line}
     intx CICompilerCount                          = 4                                         {product} {ergonomic}
    uintx GCTimeRatio                              = 4                                         {product} {command line}
     bool HeapDumpOnOutOfMemoryError               = true                                   {manageable} {command line}
    ccstr HeapDumpPath                             = c:\Users\hp\AppData\Roaming\Antigravity\User\workspaceStorage\7195a51a71e43211180b6f3698a61ed8\redhat.java         {manageable} {command line}
   size_t InitialHeapSize                          = 104857600                                 {product} {command line}
   size_t MaxHeapSize                              = 1073741824                                {product} {command line}
   size_t MaxNewSize                               = 357564416                                 {product} {ergonomic}
   size_t MinHeapDeltaBytes                        = 524288                                    {product} {ergonomic}
   size_t MinHeapSize                              = 104857600                                 {product} {command line}
   size_t NewSize                                  = 34603008                                  {product} {ergonomic}
    uintx NonNMethodCodeHeapSize                   = 5839372                                {pd product} {ergonomic}
    uintx NonProfiledCodeHeapSize                  = 122909434                              {pd product} {ergonomic}
   size_t OldSize                                  = 70254592                                  {product} {ergonomic}
    uintx ProfiledCodeHeapSize                     = 122909434                              {pd product} {ergonomic}
    uintx ReservedCodeCacheSize                    = 251658240                              {pd product} {ergonomic}
     bool SegmentedCodeCache                       = true                                      {product} {ergonomic}
   size_t SoftMaxHeapSize                          = 1073741824                             {manageable} {ergonomic}
     bool UseCompressedClassPointers               = true                           {product lp64_product} {ergonomic}
     bool UseCompressedOops                        = true                           {product lp64_product} {ergonomic}
     bool UseLargePagesIndividualAllocation        = false                                  {pd product} {ergonomic}
     bool UseParallelGC                            = true                                      {product} {command line}

Logging:
Log output configuration:
 #0: stdout all=off uptime,level,tags
 #1: stderr all=off uptime,level,tags

Environment Variables:
PATH=C:\Python314\Scripts\;C:\Python314\;C:\Program Files\Common Files\Oracle\Java\javapath;C:\WINDOWS\system32;C:\WINDOWS;C:\WINDOWS\System32\Wbem;C:\WINDOWS\System32\WindowsPowerShell\v1.0\;C:\WINDOWS\System32\OpenSSH\;C:\Program Files\Git\cmd;C:\Program Files\nodejs\;C:\ProgramData\chocolatey\bin;C:\Python314\Scripts\;C:\Python314\;C:\Program Files\Common Files\Oracle\Java\javapath;C:\WINDOWS\system32;C:\WINDOWS;C:\WINDOWS\System32\Wbem;C:\WINDOWS\System32\WindowsPowerShell\v1.0\;C:\WINDOWS\System32\OpenSSH\;C:\Program Files\Git\cmd;C:\Program Files\nodejs\;C:\ProgramData\chocolatey\bin;C:\Program Files\nodejs"
USERNAME=hp
OS=Windows_NT
PROCESSOR_IDENTIFIER=AMD64 Family 25 Model 80 Stepping 0, AuthenticAMD
TMP=C:\Users\hp\AppData\Local\Temp
TEMP=C:\Users\hp\AppData\Local\Temp



---------------  S Y S T E M  ---------------

OS:
 Windows 11 , 64 bit Build 26100 (10.0.26100.4484)
OS uptime: 0 days 1:42 hours
Hyper-V role detected

CPU: total 12 (initial active 12) (12 cores per cpu, 2 threads per core) family 25 model 80 stepping 0 microcode 0xa50000f, cx8, cmov, fxsr, ht, mmx, 3dnowpref, sse, sse2, sse3, ssse3, sse4a, sse4.1, sse4.2, popcnt, lzcnt, tsc, tscinvbit, avx, avx2, aes, erms, clmul, bmi1, bmi2, adx, sha, fma, vzeroupper, clflush, clflushopt, hv

Memory: 4k page, system-wide physical 7518M (398M free)
TotalPageFile size 26268M (AvailPageFile size 8M)
current process WorkingSet (physical memory assigned to process): 122M, peak: 122M
current process commit charge ("private bytes"): 233M, peak: 233M

vm_info: OpenJDK 64-Bit Server VM (17.0.4.1+1) for windows-amd64 JRE (17.0.4.1+1), built on Aug 17 2022 07:42:43 by "temurin" with MS VC++ 16.7 (VS2019)

END.
